{"D:\\Coding\\bm-order-confirmation\\src\\middleware.ts": {"path":"D:\\Coding\\bm-order-confirmation\\src\\middleware.ts","statementMap":{"0":{"start":{"line":7,"column":2},"end":{"line":7,"column":null}},"1":{"start":{"line":11,"column":2},"end":{"line":11,"column":null}},"2":{"start":{"line":15,"column":23},"end":{"line":15,"column":null}},"3":{"start":{"line":16,"column":19},"end":{"line":16,"column":null}},"4":{"start":{"line":19,"column":2},"end":{"line":19,"column":null}},"5":{"start":{"line":21,"column":20},"end":{"line":21,"column":null}},"6":{"start":{"line":22,"column":22},"end":{"line":22,"column":null}},"7":{"start":{"line":23,"column":26},"end":{"line":23,"column":null}},"8":{"start":{"line":26,"column":2},"end":{"line":28,"column":null}},"9":{"start":{"line":27,"column":4},"end":{"line":27,"column":null}},"10":{"start":{"line":31,"column":22},"end":{"line":35,"column":null}},"11":{"start":{"line":32,"column":27},"end":{"line":32,"column":null}},"12":{"start":{"line":36,"column":18},"end":{"line":36,"column":null}},"13":{"start":{"line":39,"column":22},"end":{"line":39,"column":null}},"14":{"start":{"line":40,"column":22},"end":{"line":40,"column":null}},"15":{"start":{"line":43,"column":2},"end":{"line":51,"column":null}},"16":{"start":{"line":44,"column":4},"end":{"line":46,"column":null}},"17":{"start":{"line":45,"column":6},"end":{"line":45,"column":null}},"18":{"start":{"line":47,"column":4},"end":{"line":49,"column":null}},"19":{"start":{"line":48,"column":6},"end":{"line":48,"column":null}},"20":{"start":{"line":50,"column":4},"end":{"line":50,"column":null}},"21":{"start":{"line":53,"column":2},"end":{"line":64,"column":null}},"22":{"start":{"line":54,"column":4},"end":{"line":56,"column":null}},"23":{"start":{"line":55,"column":6},"end":{"line":55,"column":null}},"24":{"start":{"line":58,"column":4},"end":{"line":60,"column":null}},"25":{"start":{"line":59,"column":6},"end":{"line":59,"column":null}},"26":{"start":{"line":61,"column":21},"end":{"line":61,"column":null}},"27":{"start":{"line":62,"column":4},"end":{"line":62,"column":null}},"28":{"start":{"line":63,"column":4},"end":{"line":63,"column":null}},"29":{"start":{"line":67,"column":2},"end":{"line":69,"column":null}},"30":{"start":{"line":68,"column":4},"end":{"line":68,"column":null}},"31":{"start":{"line":71,"column":2},"end":{"line":71,"column":null}},"32":{"start":{"line":74,"column":22},"end":{"line":77,"column":null}}},"fnMap":{"0":{"name":"isAdminUiPath","decl":{"start":{"line":6,"column":9},"end":{"line":6,"column":23}},"loc":{"start":{"line":6,"column":41},"end":{"line":8,"column":null}},"line":6},"1":{"name":"isAdminApiPath","decl":{"start":{"line":10,"column":9},"end":{"line":10,"column":24}},"loc":{"start":{"line":10,"column":42},"end":{"line":12,"column":null}},"line":10},"2":{"name":"middleware","decl":{"start":{"line":14,"column":22},"end":{"line":14,"column":33}},"loc":{"start":{"line":14,"column":55},"end":{"line":72,"column":null}},"line":14},"3":{"name":"(anonymous_3)","decl":{"start":{"line":32,"column":4},"end":{"line":32,"column":10}},"loc":{"start":{"line":32,"column":27},"end":{"line":32,"column":null}},"line":32},"4":{"name":"(anonymous_4)","decl":{"start":{"line":33,"column":4},"end":{"line":33,"column":15}},"loc":{"start":{"line":33,"column":15},"end":{"line":33,"column":null}},"line":33},"5":{"name":"(anonymous_5)","decl":{"start":{"line":34,"column":4},"end":{"line":34,"column":18}},"loc":{"start":{"line":34,"column":18},"end":{"line":34,"column":null}},"line":34}},"branchMap":{"0":{"loc":{"start":{"line":21,"column":20},"end":{"line":21,"column":null}},"type":"binary-expr","locations":[{"start":{"line":21,"column":20},"end":{"line":21,"column":47}},{"start":{"line":21,"column":47},"end":{"line":21,"column":null}}],"line":21},"1":{"loc":{"start":{"line":26,"column":2},"end":{"line":28,"column":null}},"type":"if","locations":[{"start":{"line":26,"column":2},"end":{"line":28,"column":null}},{"start":{},"end":{}}],"line":26},"2":{"loc":{"start":{"line":26,"column":6},"end":{"line":26,"column":54}},"type":"binary-expr","locations":[{"start":{"line":26,"column":6},"end":{"line":26,"column":20}},{"start":{"line":26,"column":20},"end":{"line":26,"column":36}},{"start":{"line":26,"column":36},"end":{"line":26,"column":54}}],"line":26},"3":{"loc":{"start":{"line":39,"column":22},"end":{"line":39,"column":null}},"type":"binary-expr","locations":[{"start":{"line":39,"column":22},"end":{"line":39,"column":49}},{"start":{"line":39,"column":49},"end":{"line":39,"column":null}}],"line":39},"4":{"loc":{"start":{"line":40,"column":22},"end":{"line":40,"column":null}},"type":"binary-expr","locations":[{"start":{"line":40,"column":22},"end":{"line":40,"column":49}},{"start":{"line":40,"column":49},"end":{"line":40,"column":null}}],"line":40},"5":{"loc":{"start":{"line":43,"column":2},"end":{"line":51,"column":null}},"type":"if","locations":[{"start":{"line":43,"column":2},"end":{"line":51,"column":null}},{"start":{},"end":{}}],"line":43},"6":{"loc":{"start":{"line":44,"column":4},"end":{"line":46,"column":null}},"type":"if","locations":[{"start":{"line":44,"column":4},"end":{"line":46,"column":null}},{"start":{},"end":{}}],"line":44},"7":{"loc":{"start":{"line":47,"column":4},"end":{"line":49,"column":null}},"type":"if","locations":[{"start":{"line":47,"column":4},"end":{"line":49,"column":null}},{"start":{},"end":{}}],"line":47},"8":{"loc":{"start":{"line":53,"column":2},"end":{"line":64,"column":null}},"type":"if","locations":[{"start":{"line":53,"column":2},"end":{"line":64,"column":null}},{"start":{},"end":{}}],"line":53},"9":{"loc":{"start":{"line":53,"column":6},"end":{"line":53,"column":33}},"type":"binary-expr","locations":[{"start":{"line":53,"column":6},"end":{"line":53,"column":19}},{"start":{"line":53,"column":19},"end":{"line":53,"column":33}}],"line":53},"10":{"loc":{"start":{"line":54,"column":4},"end":{"line":56,"column":null}},"type":"if","locations":[{"start":{"line":54,"column":4},"end":{"line":56,"column":null}},{"start":{},"end":{}}],"line":54},"11":{"loc":{"start":{"line":58,"column":4},"end":{"line":60,"column":null}},"type":"if","locations":[{"start":{"line":58,"column":4},"end":{"line":60,"column":null}},{"start":{},"end":{}}],"line":58},"12":{"loc":{"start":{"line":67,"column":2},"end":{"line":69,"column":null}},"type":"if","locations":[{"start":{"line":67,"column":2},"end":{"line":69,"column":null}},{"start":{},"end":{}}],"line":67},"13":{"loc":{"start":{"line":67,"column":6},"end":{"line":67,"column":34}},"type":"binary-expr","locations":[{"start":{"line":67,"column":6},"end":{"line":67,"column":21}},{"start":{"line":67,"column":21},"end":{"line":67,"column":34}}],"line":67}},"s":{"0":14,"1":14,"2":14,"3":14,"4":14,"5":14,"6":14,"7":14,"8":14,"9":3,"10":11,"11":11,"12":11,"13":11,"14":14,"15":14,"16":3,"17":1,"18":2,"19":1,"20":1,"21":8,"22":3,"23":1,"24":2,"25":1,"26":1,"27":1,"28":1,"29":5,"30":1,"31":4,"32":1},"f":{"0":14,"1":14,"2":14,"3":11,"4":0,"5":0},"b":{"0":[14,11],"1":[3,11],"2":[14,9,6],"3":[11,7],"4":[14,7],"5":[3,11],"6":[1,2],"7":[1,1],"8":[3,5],"9":[8,5],"10":[1,2],"11":[1,1],"12":[1,4],"13":[5,3]},"meta":{"lastBranch":14,"lastFunction":6,"lastStatement":33,"seen":{"f:6:9:6:23":0,"s:7:2:7:Infinity":0,"f:10:9:10:24":1,"s:11:2:11:Infinity":1,"f:14:22:14:33":2,"s:15:23:15:Infinity":2,"s:16:19:16:Infinity":3,"s:19:2:19:Infinity":4,"s:21:20:21:Infinity":5,"b:21:20:21:47:21:47:21:Infinity":0,"s:22:22:22:Infinity":6,"s:23:26:23:Infinity":7,"b:26:2:28:Infinity:undefined:undefined:undefined:undefined":1,"s:26:2:28:Infinity":8,"b:26:6:26:20:26:20:26:36:26:36:26:54":2,"s:27:4:27:Infinity":9,"s:31:22:35:Infinity":10,"f:32:4:32:10":3,"s:32:27:32:Infinity":11,"f:33:4:33:15":4,"f:34:4:34:18":5,"s:36:18:36:Infinity":12,"s:39:22:39:Infinity":13,"b:39:22:39:49:39:49:39:Infinity":3,"s:40:22:40:Infinity":14,"b:40:22:40:49:40:49:40:Infinity":4,"b:43:2:51:Infinity:undefined:undefined:undefined:undefined":5,"s:43:2:51:Infinity":15,"b:44:4:46:Infinity:undefined:undefined:undefined:undefined":6,"s:44:4:46:Infinity":16,"s:45:6:45:Infinity":17,"b:47:4:49:Infinity:undefined:undefined:undefined:undefined":7,"s:47:4:49:Infinity":18,"s:48:6:48:Infinity":19,"s:50:4:50:Infinity":20,"b:53:2:64:Infinity:undefined:undefined:undefined:undefined":8,"s:53:2:64:Infinity":21,"b:53:6:53:19:53:19:53:33":9,"b:54:4:56:Infinity:undefined:undefined:undefined:undefined":10,"s:54:4:56:Infinity":22,"s:55:6:55:Infinity":23,"b:58:4:60:Infinity:undefined:undefined:undefined:undefined":11,"s:58:4:60:Infinity":24,"s:59:6:59:Infinity":25,"s:61:21:61:Infinity":26,"s:62:4:62:Infinity":27,"s:63:4:63:Infinity":28,"b:67:2:69:Infinity:undefined:undefined:undefined:undefined":12,"s:67:2:69:Infinity":29,"b:67:6:67:21:67:21:67:34":13,"s:68:4:68:Infinity":30,"s:71:2:71:Infinity":31,"s:74:22:77:Infinity":32},"fnNames":{}}}
,"D:\\Coding\\bm-order-confirmation\\src\\app\\layout.tsx": {"path":"D:\\Coding\\bm-order-confirmation\\src\\app\\layout.tsx","statementMap":{"0":{"start":{"line":9,"column":6},"end":{"line":14,"column":null}},"1":{"start":{"line":16,"column":6},"end":{"line":20,"column":null}},"2":{"start":{"line":22,"column":15},"end":{"line":22,"column":null}},"3":{"start":{"line":24,"column":34},"end":{"line":28,"column":null}},"4":{"start":{"line":35,"column":2},"end":{"line":46,"column":null}}},"fnMap":{"0":{"name":"RootLayout","decl":{"start":{"line":30,"column":24},"end":{"line":30,"column":35}},"loc":{"start":{"line":34,"column":3},"end":{"line":48,"column":null}},"line":34}},"branchMap":{"0":{"loc":{"start":{"line":38,"column":9},"end":{"line":39,"column":null}},"type":"binary-expr","locations":[{"start":{"line":38,"column":9},"end":{"line":38,"column":19}},{"start":{"line":38,"column":19},"end":{"line":39,"column":null}}],"line":38},"1":{"loc":{"start":{"line":41,"column":9},"end":{"line":42,"column":9}},"type":"binary-expr","locations":[{"start":{"line":41,"column":9},"end":{"line":41,"column":19}},{"start":{"line":41,"column":19},"end":{"line":42,"column":9}}],"line":41}},"s":{"0":0,"1":0,"2":0,"3":0,"4":0},"f":{"0":0},"b":{"0":[0,0],"1":[0,0]},"meta":{"lastBranch":2,"lastFunction":1,"lastStatement":5,"seen":{"s:9:6:14:Infinity":0,"s:16:6:20:Infinity":1,"s:22:15:22:Infinity":2,"s:24:34:28:Infinity":3,"f:30:24:30:35":0,"s:35:2:46:Infinity":4,"b:38:9:38:19:38:19:39:Infinity":0,"b:41:9:41:19:41:19:42:9":1},"fnNames":{}}}
,"D:\\Coding\\bm-order-confirmation\\src\\app\\page.tsx": {"path":"D:\\Coding\\bm-order-confirmation\\src\\app\\page.tsx","statementMap":{"0":{"start":{"line":5,"column":2},"end":{"line":5,"column":null}}},"fnMap":{"0":{"name":"Home","decl":{"start":{"line":4,"column":24},"end":{"line":4,"column":31}},"loc":{"start":{"line":4,"column":31},"end":{"line":6,"column":null}},"line":4}},"branchMap":{},"s":{"0":0},"f":{"0":0},"b":{},"meta":{"lastBranch":0,"lastFunction":1,"lastStatement":1,"seen":{"f:4:24:4:31":0,"s:5:2:5:Infinity":0},"fnNames":{}}}
,"D:\\Coding\\bm-order-confirmation\\src\\app\\providers.tsx": {"path":"D:\\Coding\\bm-order-confirmation\\src\\app\\providers.tsx","statementMap":{"0":{"start":{"line":1,"column":0},"end":{"line":1,"column":null}},"1":{"start":{"line":8,"column":2},"end":{"line":11,"column":null}}},"fnMap":{"0":{"name":"Providers","decl":{"start":{"line":7,"column":16},"end":{"line":7,"column":26}},"loc":{"start":{"line":7,"column":71},"end":{"line":13,"column":null}},"line":7}},"branchMap":{},"s":{"0":0,"1":0},"f":{"0":0},"b":{},"meta":{"lastBranch":0,"lastFunction":1,"lastStatement":2,"seen":{"s:1:0:1:Infinity":0,"f:7:16:7:26":0,"s:8:2:11:Infinity":1},"fnNames":{}}}
,"D:\\Coding\\bm-order-confirmation\\src\\app\\robots.ts": {"path":"D:\\Coding\\bm-order-confirmation\\src\\app\\robots.ts","statementMap":{"0":{"start":{"line":5,"column":2},"end":{"line":7,"column":null}}},"fnMap":{"0":{"name":"robots","decl":{"start":{"line":4,"column":24},"end":{"line":4,"column":55}},"loc":{"start":{"line":4,"column":55},"end":{"line":8,"column":null}},"line":4}},"branchMap":{},"s":{"0":0},"f":{"0":0},"b":{},"meta":{"lastBranch":0,"lastFunction":1,"lastStatement":1,"seen":{"f:4:24:4:55":0,"s:5:2:7:Infinity":0},"fnNames":{}}}
,"D:\\Coding\\bm-order-confirmation\\src\\app\\accept-invite\\AcceptInviteView.tsx": {"path":"D:\\Coding\\bm-order-confirmation\\src\\app\\accept-invite\\AcceptInviteView.tsx","statementMap":{"0":{"start":{"line":1,"column":0},"end":{"line":1,"column":null}},"1":{"start":{"line":11,"column":24},"end":{"line":11,"column":null}},"2":{"start":{"line":14,"column":8},"end":{"line":14,"column":null}},"3":{"start":{"line":15,"column":8},"end":{"line":15,"column":null}},"4":{"start":{"line":16,"column":16},"end":{"line":16,"column":null}},"5":{"start":{"line":18,"column":18},"end":{"line":18,"column":null}},"6":{"start":{"line":19,"column":16},"end":{"line":19,"column":null}},"7":{"start":{"line":20,"column":15},"end":{"line":20,"column":null}},"8":{"start":{"line":23,"column":4},"end":{"line":26,"column":null}},"9":{"start":{"line":24,"column":6},"end":{"line":24,"column":null}},"10":{"start":{"line":25,"column":6},"end":{"line":25,"column":null}},"11":{"start":{"line":27,"column":4},"end":{"line":27,"column":null}},"12":{"start":{"line":28,"column":4},"end":{"line":28,"column":null}},"13":{"start":{"line":29,"column":4},"end":{"line":37,"column":null}},"14":{"start":{"line":30,"column":6},"end":{"line":30,"column":null}},"15":{"start":{"line":31,"column":6},"end":{"line":31,"column":null}},"16":{"start":{"line":32,"column":6},"end":{"line":32,"column":null}},"17":{"start":{"line":32,"column":23},"end":{"line":32,"column":56}},"18":{"start":{"line":34,"column":6},"end":{"line":34,"column":null}},"19":{"start":{"line":36,"column":6},"end":{"line":36,"column":null}},"20":{"start":{"line":40,"column":2},"end":{"line":127,"column":null}},"21":{"start":{"line":90,"column":29},"end":{"line":90,"column":null}},"22":{"start":{"line":111,"column":38},"end":{"line":116,"column":null}},"23":{"start":{"line":113,"column":18},"end":{"line":113,"column":null}},"24":{"start":{"line":113,"column":69},"end":{"line":113,"column":null}},"25":{"start":{"line":114,"column":18},"end":{"line":114,"column":null}}},"fnMap":{"0":{"name":"AcceptInviteView","decl":{"start":{"line":13,"column":16},"end":{"line":13,"column":35}},"loc":{"start":{"line":13,"column":35},"end":{"line":129,"column":null}},"line":13},"1":{"name":"handleSubmit","decl":{"start":{"line":22,"column":17},"end":{"line":22,"column":30}},"loc":{"start":{"line":22,"column":60},"end":{"line":38,"column":null}},"line":22},"2":{"name":"(anonymous_2)","decl":{"start":{"line":32,"column":6},"end":{"line":32,"column":23}},"loc":{"start":{"line":32,"column":23},"end":{"line":32,"column":56}},"line":32},"3":{"name":"(anonymous_3)","decl":{"start":{"line":90,"column":14},"end":{"line":90,"column":29}},"loc":{"start":{"line":90,"column":29},"end":{"line":90,"column":null}},"line":90},"4":{"name":"(anonymous_4)","decl":{"start":{"line":110,"column":72},"end":{"line":110,"column":null}},"loc":{"start":{"line":111,"column":38},"end":{"line":116,"column":null}},"line":111},"5":{"name":"validator","decl":{"start":{"line":112,"column":16},"end":{"line":112,"column":26}},"loc":{"start":{"line":112,"column":36},"end":{"line":115,"column":null}},"line":112}},"branchMap":{"0":{"loc":{"start":{"line":23,"column":4},"end":{"line":26,"column":null}},"type":"if","locations":[{"start":{"line":23,"column":4},"end":{"line":26,"column":null}},{"start":{},"end":{}}],"line":23},"1":{"loc":{"start":{"line":34,"column":15},"end":{"line":34,"column":74}},"type":"cond-expr","locations":[{"start":{"line":34,"column":38},"end":{"line":34,"column":52}},{"start":{"line":34,"column":52},"end":{"line":34,"column":74}}],"line":34},"2":{"loc":{"start":{"line":63,"column":7},"end":{"line":69,"column":null}},"type":"binary-expr","locations":[{"start":{"line":63,"column":7},"end":{"line":63,"column":null}},{"start":{"line":64,"column":8},"end":{"line":69,"column":null}}],"line":63},"3":{"loc":{"start":{"line":72,"column":7},"end":{"line":78,"column":null}},"type":"binary-expr","locations":[{"start":{"line":72,"column":7},"end":{"line":72,"column":null}},{"start":{"line":73,"column":8},"end":{"line":78,"column":null}}],"line":72},"4":{"loc":{"start":{"line":81,"column":7},"end":{"line":125,"column":null}},"type":"binary-expr","locations":[{"start":{"line":81,"column":7},"end":{"line":81,"column":16}},{"start":{"line":81,"column":16},"end":{"line":81,"column":null}},{"start":{"line":82,"column":8},"end":{"line":125,"column":null}}],"line":81},"5":{"loc":{"start":{"line":83,"column":11},"end":{"line":91,"column":null}},"type":"binary-expr","locations":[{"start":{"line":83,"column":11},"end":{"line":83,"column":null}},{"start":{"line":84,"column":12},"end":{"line":91,"column":null}}],"line":83},"6":{"loc":{"start":{"line":113,"column":18},"end":{"line":113,"column":null}},"type":"if","locations":[{"start":{"line":113,"column":18},"end":{"line":113,"column":null}},{"start":{},"end":{}}],"line":113},"7":{"loc":{"start":{"line":113,"column":22},"end":{"line":113,"column":69}},"type":"binary-expr","locations":[{"start":{"line":113,"column":22},"end":{"line":113,"column":32}},{"start":{"line":113,"column":32},"end":{"line":113,"column":69}}],"line":113}},"s":{"0":0,"1":0,"2":0,"3":0,"4":0,"5":0,"6":0,"7":0,"8":0,"9":0,"10":0,"11":0,"12":0,"13":0,"14":0,"15":0,"16":0,"17":0,"18":0,"19":0,"20":0,"21":0,"22":0,"23":0,"24":0,"25":0},"f":{"0":0,"1":0,"2":0,"3":0,"4":0,"5":0},"b":{"0":[0,0],"1":[0,0],"2":[0,0],"3":[0,0],"4":[0,0,0],"5":[0,0],"6":[0,0],"7":[0,0]},"meta":{"lastBranch":8,"lastFunction":6,"lastStatement":26,"seen":{"s:1:0:1:Infinity":0,"s:11:24:11:Infinity":1,"f:13:16:13:35":0,"s:14:8:14:Infinity":2,"s:15:8:15:Infinity":3,"s:16:16:16:Infinity":4,"s:18:18:18:Infinity":5,"s:19:16:19:Infinity":6,"s:20:15:20:Infinity":7,"f:22:17:22:30":1,"b:23:4:26:Infinity:undefined:undefined:undefined:undefined":0,"s:23:4:26:Infinity":8,"s:24:6:24:Infinity":9,"s:25:6:25:Infinity":10,"s:27:4:27:Infinity":11,"s:28:4:28:Infinity":12,"s:29:4:37:Infinity":13,"s:30:6:30:Infinity":14,"s:31:6:31:Infinity":15,"s:32:6:32:Infinity":16,"f:32:6:32:23":2,"s:32:23:32:56":17,"s:34:6:34:Infinity":18,"b:34:38:34:52:34:52:34:74":1,"s:36:6:36:Infinity":19,"s:40:2:127:Infinity":20,"b:63:7:63:Infinity:64:8:69:Infinity":2,"b:72:7:72:Infinity:73:8:78:Infinity":3,"b:81:7:81:16:81:16:81:Infinity:82:8:125:Infinity":4,"b:83:11:83:Infinity:84:12:91:Infinity":5,"f:90:14:90:29":3,"s:90:29:90:Infinity":21,"f:110:72:110:Infinity":4,"s:111:38:116:Infinity":22,"f:112:16:112:26":5,"b:113:18:113:Infinity:undefined:undefined:undefined:undefined":6,"s:113:18:113:Infinity":23,"b:113:22:113:32:113:32:113:69":7,"s:113:69:113:Infinity":24,"s:114:18:114:Infinity":25},"fnNames":{}}}
,"D:\\Coding\\bm-order-confirmation\\src\\app\\accept-invite\\page.tsx": {"path":"D:\\Coding\\bm-order-confirmation\\src\\app\\accept-invite\\page.tsx","statementMap":{"0":{"start":{"line":6,"column":2},"end":{"line":9,"column":null}}},"fnMap":{"0":{"name":"AcceptInvitePage","decl":{"start":{"line":5,"column":24},"end":{"line":5,"column":43}},"loc":{"start":{"line":5,"column":43},"end":{"line":11,"column":null}},"line":5}},"branchMap":{},"s":{"0":0},"f":{"0":0},"b":{},"meta":{"lastBranch":0,"lastFunction":1,"lastStatement":1,"seen":{"f:5:24:5:43":0,"s:6:2:9:Infinity":0},"fnNames":{}}}
,"D:\\Coding\\bm-order-confirmation\\src\\app\\admin\\layout.tsx": {"path":"D:\\Coding\\bm-order-confirmation\\src\\app\\admin\\layout.tsx","statementMap":{"0":{"start":{"line":6,"column":18},"end":{"line":6,"column":null}},"1":{"start":{"line":9,"column":2},"end":{"line":11,"column":null}},"2":{"start":{"line":10,"column":4},"end":{"line":10,"column":null}},"3":{"start":{"line":13,"column":2},"end":{"line":16,"column":null}}},"fnMap":{"0":{"name":"AdminLayout","decl":{"start":{"line":5,"column":30},"end":{"line":5,"column":42}},"loc":{"start":{"line":5,"column":87},"end":{"line":18,"column":null}},"line":5}},"branchMap":{"0":{"loc":{"start":{"line":9,"column":2},"end":{"line":11,"column":null}},"type":"if","locations":[{"start":{"line":9,"column":2},"end":{"line":11,"column":null}},{"start":{},"end":{}}],"line":9}},"s":{"0":0,"1":0,"2":0,"3":0},"f":{"0":0},"b":{"0":[0,0]},"meta":{"lastBranch":1,"lastFunction":1,"lastStatement":4,"seen":{"f:5:30:5:42":0,"s:6:18:6:Infinity":0,"b:9:2:11:Infinity:undefined:undefined:undefined:undefined":0,"s:9:2:11:Infinity":1,"s:10:4:10:Infinity":2,"s:13:2:16:Infinity":3},"fnNames":{}}}
,"D:\\Coding\\bm-order-confirmation\\src\\app\\admin\\dashboard\\DashboardView.tsx": {"path":"D:\\Coding\\bm-order-confirmation\\src\\app\\admin\\dashboard\\DashboardView.tsx","statementMap":{"0":{"start":{"line":1,"column":0},"end":{"line":1,"column":null}},"1":{"start":{"line":32,"column":35},"end":{"line":32,"column":null}},"2":{"start":{"line":36,"column":43},"end":{"line":43,"column":null}},"3":{"start":{"line":92,"column":2},"end":{"line":92,"column":null}},"4":{"start":{"line":92,"column":26},"end":{"line":92,"column":null}},"5":{"start":{"line":93,"column":2},"end":{"line":93,"column":null}},"6":{"start":{"line":93,"column":22},"end":{"line":93,"column":null}},"7":{"start":{"line":94,"column":2},"end":{"line":94,"column":null}},"8":{"start":{"line":98,"column":13},"end":{"line":98,"column":null}},"9":{"start":{"line":99,"column":15},"end":{"line":99,"column":null}},"10":{"start":{"line":100,"column":2},"end":{"line":100,"column":null}},"11":{"start":{"line":100,"column":17},"end":{"line":100,"column":null}},"12":{"start":{"line":101,"column":16},"end":{"line":101,"column":null}},"13":{"start":{"line":102,"column":2},"end":{"line":102,"column":null}},"14":{"start":{"line":102,"column":18},"end":{"line":102,"column":null}},"15":{"start":{"line":103,"column":2},"end":{"line":103,"column":null}},"16":{"start":{"line":108,"column":16},"end":{"line":108,"column":null}},"17":{"start":{"line":109,"column":2},"end":{"line":109,"column":null}},"18":{"start":{"line":110,"column":17},"end":{"line":110,"column":null}},"19":{"start":{"line":111,"column":19},"end":{"line":111,"column":null}},"20":{"start":{"line":113,"column":2},"end":{"line":113,"column":null}},"21":{"start":{"line":113,"column":20},"end":{"line":113,"column":null}},"22":{"start":{"line":114,"column":2},"end":{"line":114,"column":null}},"23":{"start":{"line":114,"column":22},"end":{"line":114,"column":null}},"24":{"start":{"line":115,"column":2},"end":{"line":115,"column":null}},"25":{"start":{"line":115,"column":22},"end":{"line":115,"column":null}},"26":{"start":{"line":116,"column":2},"end":{"line":116,"column":null}},"27":{"start":{"line":137,"column":2},"end":{"line":178,"column":null}},"28":{"start":{"line":183,"column":18},"end":{"line":190,"column":null}},"29":{"start":{"line":190,"column":18},"end":{"line":190,"column":29}},"30":{"start":{"line":192,"column":24},"end":{"line":192,"column":null}},"31":{"start":{"line":194,"column":2},"end":{"line":509,"column":null}},"32":{"start":{"line":293,"column":36},"end":{"line":293,"column":null}},"33":{"start":{"line":318,"column":22},"end":{"line":318,"column":null}},"34":{"start":{"line":322,"column":44},"end":{"line":322,"column":null}},"35":{"start":{"line":358,"column":16},"end":{"line":365,"column":null}},"36":{"start":{"line":465,"column":16},"end":{"line":473,"column":null}},"37":{"start":{"line":495,"column":16},"end":{"line":502,"column":null}}},"fnMap":{"0":{"name":"formatNZD","decl":{"start":{"line":91,"column":9},"end":{"line":91,"column":19}},"loc":{"start":{"line":91,"column":34},"end":{"line":95,"column":null}},"line":91},"1":{"name":"timeAgo","decl":{"start":{"line":97,"column":9},"end":{"line":97,"column":17}},"loc":{"start":{"line":97,"column":30},"end":{"line":104,"column":null}},"line":97},"2":{"name":"deadlineLabel","decl":{"start":{"line":107,"column":9},"end":{"line":107,"column":23}},"loc":{"start":{"line":107,"column":40},"end":{"line":117,"column":null}},"line":107},"3":{"name":"DashboardOrderListItem","decl":{"start":{"line":120,"column":9},"end":{"line":120,"column":32}},"loc":{"start":{"line":136,"column":3},"end":{"line":180,"column":null}},"line":136},"4":{"name":"DashboardView","decl":{"start":{"line":182,"column":16},"end":{"line":182,"column":30}},"loc":{"start":{"line":182,"column":117},"end":{"line":511,"column":null}},"line":182},"5":{"name":"(anonymous_5)","decl":{"start":{"line":190,"column":4},"end":{"line":190,"column":12}},"loc":{"start":{"line":190,"column":18},"end":{"line":190,"column":29}},"line":190},"6":{"name":"(anonymous_6)","decl":{"start":{"line":293,"column":18},"end":{"line":293,"column":30}},"loc":{"start":{"line":293,"column":36},"end":{"line":293,"column":null}},"line":293},"7":{"name":"(anonymous_7)","decl":{"start":{"line":317,"column":29},"end":{"line":317,"column":34}},"loc":{"start":{"line":318,"column":22},"end":{"line":318,"column":null}},"line":318},"8":{"name":"(anonymous_8)","decl":{"start":{"line":322,"column":20},"end":{"line":322,"column":32}},"loc":{"start":{"line":322,"column":44},"end":{"line":322,"column":null}},"line":322},"9":{"name":"(anonymous_9)","decl":{"start":{"line":357,"column":14},"end":{"line":357,"column":27}},"loc":{"start":{"line":358,"column":16},"end":{"line":365,"column":null}},"line":358},"10":{"name":"(anonymous_10)","decl":{"start":{"line":464,"column":14},"end":{"line":464,"column":27}},"loc":{"start":{"line":465,"column":16},"end":{"line":473,"column":null}},"line":465},"11":{"name":"(anonymous_11)","decl":{"start":{"line":494,"column":14},"end":{"line":494,"column":27}},"loc":{"start":{"line":495,"column":16},"end":{"line":502,"column":null}},"line":495}},"branchMap":{"0":{"loc":{"start":{"line":92,"column":2},"end":{"line":92,"column":null}},"type":"if","locations":[{"start":{"line":92,"column":2},"end":{"line":92,"column":null}},{"start":{},"end":{}}],"line":92},"1":{"loc":{"start":{"line":93,"column":2},"end":{"line":93,"column":null}},"type":"if","locations":[{"start":{"line":93,"column":2},"end":{"line":93,"column":null}},{"start":{},"end":{}}],"line":93},"2":{"loc":{"start":{"line":100,"column":2},"end":{"line":100,"column":null}},"type":"if","locations":[{"start":{"line":100,"column":2},"end":{"line":100,"column":null}},{"start":{},"end":{}}],"line":100},"3":{"loc":{"start":{"line":102,"column":2},"end":{"line":102,"column":null}},"type":"if","locations":[{"start":{"line":102,"column":2},"end":{"line":102,"column":null}},{"start":{},"end":{}}],"line":102},"4":{"loc":{"start":{"line":113,"column":2},"end":{"line":113,"column":null}},"type":"if","locations":[{"start":{"line":113,"column":2},"end":{"line":113,"column":null}},{"start":{},"end":{}}],"line":113},"5":{"loc":{"start":{"line":113,"column":54},"end":{"line":113,"column":null}},"type":"cond-expr","locations":[{"start":{"line":113,"column":72},"end":{"line":113,"column":80}},{"start":{"line":113,"column":80},"end":{"line":113,"column":null}}],"line":113},"6":{"loc":{"start":{"line":114,"column":2},"end":{"line":114,"column":null}},"type":"if","locations":[{"start":{"line":114,"column":2},"end":{"line":114,"column":null}},{"start":{},"end":{}}],"line":114},"7":{"loc":{"start":{"line":115,"column":2},"end":{"line":115,"column":null}},"type":"if","locations":[{"start":{"line":115,"column":2},"end":{"line":115,"column":null}},{"start":{},"end":{}}],"line":115},"8":{"loc":{"start":{"line":150,"column":10},"end":{"line":161,"column":null}},"type":"binary-expr","locations":[{"start":{"line":150,"column":10},"end":{"line":150,"column":null}},{"start":{"line":151,"column":12},"end":{"line":161,"column":null}}],"line":150},"9":{"loc":{"start":{"line":167,"column":13},"end":{"line":168,"column":null}},"type":"binary-expr","locations":[{"start":{"line":167,"column":13},"end":{"line":167,"column":25}},{"start":{"line":167,"column":25},"end":{"line":168,"column":null}}],"line":167},"10":{"loc":{"start":{"line":269,"column":35},"end":{"line":269,"column":88}},"type":"cond-expr","locations":[{"start":{"line":269,"column":65},"end":{"line":269,"column":77}},{"start":{"line":269,"column":77},"end":{"line":269,"column":88}}],"line":269},"11":{"loc":{"start":{"line":305,"column":13},"end":{"line":335,"column":null}},"type":"cond-expr","locations":[{"start":{"line":306,"column":14},"end":{"line":333,"column":15}},{"start":{"line":333,"column":14},"end":{"line":335,"column":null}}],"line":305},"12":{"loc":{"start":{"line":348,"column":49},"end":{"line":348,"column":96}},"type":"cond-expr","locations":[{"start":{"line":348,"column":74},"end":{"line":348,"column":86}},{"start":{"line":348,"column":86},"end":{"line":348,"column":96}}],"line":348},"13":{"loc":{"start":{"line":350,"column":17},"end":{"line":350,"column":null}},"type":"binary-expr","locations":[{"start":{"line":350,"column":17},"end":{"line":350,"column":43}},{"start":{"line":350,"column":43},"end":{"line":350,"column":null}}],"line":350},"14":{"loc":{"start":{"line":364,"column":60},"end":{"line":364,"column":null}},"type":"cond-expr","locations":[{"start":{"line":364,"column":84},"end":{"line":364,"column":92}},{"start":{"line":364,"column":92},"end":{"line":364,"column":null}}],"line":364},"15":{"loc":{"start":{"line":403,"column":21},"end":{"line":406,"column":null}},"type":"binary-expr","locations":[{"start":{"line":403,"column":21},"end":{"line":403,"column":null}},{"start":{"line":404,"column":22},"end":{"line":406,"column":null}}],"line":403},"16":{"loc":{"start":{"line":410,"column":15},"end":{"line":427,"column":null}},"type":"binary-expr","locations":[{"start":{"line":410,"column":15},"end":{"line":410,"column":null}},{"start":{"line":411,"column":16},"end":{"line":427,"column":null}}],"line":410},"17":{"loc":{"start":{"line":487,"column":17},"end":{"line":487,"column":null}},"type":"binary-expr","locations":[{"start":{"line":487,"column":17},"end":{"line":487,"column":49}},{"start":{"line":487,"column":49},"end":{"line":487,"column":null}}],"line":487},"18":{"loc":{"start":{"line":501,"column":28},"end":{"line":501,"column":null}},"type":"cond-expr","locations":[{"start":{"line":501,"column":49},"end":{"line":501,"column":85}},{"start":{"line":501,"column":85},"end":{"line":501,"column":null}}],"line":501}},"s":{"0":1,"1":1,"2":1,"3":19,"4":1,"5":18,"6":18,"7":17,"8":4,"9":4,"10":4,"11":1,"12":3,"13":3,"14":1,"15":2,"16":4,"17":4,"18":4,"19":4,"20":4,"21":1,"22":3,"23":1,"24":2,"25":2,"26":1,"27":11,"28":19,"29":114,"30":19,"31":19,"32":0,"33":6,"34":0,"35":2,"36":4,"37":5},"f":{"0":19,"1":4,"2":4,"3":11,"4":19,"5":114,"6":0,"7":6,"8":0,"9":2,"10":4,"11":5},"b":{"0":[1,18],"1":[1,17],"2":[1,3],"3":[1,2],"4":[1,3],"5":[0,1],"6":[1,2],"7":[1,1],"8":[11,4],"9":[11,11],"10":[2,17],"11":[2,17],"12":[2,17],"13":[19,2],"14":[1,1],"15":[19,1],"16":[19,2],"17":[19,5],"18":[4,1]},"meta":{"lastBranch":19,"lastFunction":12,"lastStatement":38,"seen":{"s:1:0:1:Infinity":0,"s:32:35:32:Infinity":1,"s:36:43:43:Infinity":2,"f:91:9:91:19":0,"b:92:2:92:Infinity:undefined:undefined:undefined:undefined":0,"s:92:2:92:Infinity":3,"s:92:26:92:Infinity":4,"b:93:2:93:Infinity:undefined:undefined:undefined:undefined":1,"s:93:2:93:Infinity":5,"s:93:22:93:Infinity":6,"s:94:2:94:Infinity":7,"f:97:9:97:17":1,"s:98:13:98:Infinity":8,"s:99:15:99:Infinity":9,"b:100:2:100:Infinity:undefined:undefined:undefined:undefined":2,"s:100:2:100:Infinity":10,"s:100:17:100:Infinity":11,"s:101:16:101:Infinity":12,"b:102:2:102:Infinity:undefined:undefined:undefined:undefined":3,"s:102:2:102:Infinity":13,"s:102:18:102:Infinity":14,"s:103:2:103:Infinity":15,"f:107:9:107:23":2,"s:108:16:108:Infinity":16,"s:109:2:109:Infinity":17,"s:110:17:110:Infinity":18,"s:111:19:111:Infinity":19,"b:113:2:113:Infinity:undefined:undefined:undefined:undefined":4,"s:113:2:113:Infinity":20,"s:113:20:113:Infinity":21,"b:113:72:113:80:113:80:113:Infinity":5,"b:114:2:114:Infinity:undefined:undefined:undefined:undefined":6,"s:114:2:114:Infinity":22,"s:114:22:114:Infinity":23,"b:115:2:115:Infinity:undefined:undefined:undefined:undefined":7,"s:115:2:115:Infinity":24,"s:115:22:115:Infinity":25,"s:116:2:116:Infinity":26,"f:120:9:120:32":3,"s:137:2:178:Infinity":27,"b:150:10:150:Infinity:151:12:161:Infinity":8,"b:167:13:167:25:167:25:168:Infinity":9,"f:182:16:182:30":4,"s:183:18:190:Infinity":28,"f:190:4:190:12":5,"s:190:18:190:29":29,"s:192:24:192:Infinity":30,"s:194:2:509:Infinity":31,"b:269:65:269:77:269:77:269:88":10,"f:293:18:293:30":6,"s:293:36:293:Infinity":32,"b:306:14:333:15:333:14:335:Infinity":11,"f:317:29:317:34":7,"s:318:22:318:Infinity":33,"f:322:20:322:32":8,"s:322:44:322:Infinity":34,"b:348:74:348:86:348:86:348:96":12,"b:350:17:350:43:350:43:350:Infinity":13,"f:357:14:357:27":9,"s:358:16:365:Infinity":35,"b:364:84:364:92:364:92:364:Infinity":14,"b:403:21:403:Infinity:404:22:406:Infinity":15,"b:410:15:410:Infinity:411:16:427:Infinity":16,"f:464:14:464:27":10,"s:465:16:473:Infinity":36,"b:487:17:487:49:487:49:487:Infinity":17,"f:494:14:494:27":11,"s:495:16:502:Infinity":37,"b:501:49:501:85:501:85:501:Infinity":18},"fnNames":{}}}
,"D:\\Coding\\bm-order-confirmation\\src\\app\\admin\\dashboard\\page.tsx": {"path":"D:\\Coding\\bm-order-confirmation\\src\\app\\admin\\dashboard\\page.tsx","statementMap":{"0":{"start":{"line":7,"column":32},"end":{"line":7,"column":null}},"1":{"start":{"line":10,"column":23},"end":{"line":10,"column":null}},"2":{"start":{"line":11,"column":2},"end":{"line":11,"column":null}},"3":{"start":{"line":12,"column":2},"end":{"line":12,"column":null}},"4":{"start":{"line":14,"column":25},"end":{"line":14,"column":null}},"5":{"start":{"line":15,"column":2},"end":{"line":15,"column":null}},"6":{"start":{"line":16,"column":29},"end":{"line":16,"column":null}},"7":{"start":{"line":18,"column":90},"end":{"line":71,"column":null}},"8":{"start":{"line":26,"column":19},"end":{"line":26,"column":23}},"9":{"start":{"line":73,"column":14},"end":{"line":73,"column":null}},"10":{"start":{"line":73,"column":54},"end":{"line":73,"column":81}},"11":{"start":{"line":74,"column":17},"end":{"line":82,"column":null}},"12":{"start":{"line":81,"column":38},"end":{"line":81,"column":59}},"13":{"start":{"line":85,"column":19},"end":{"line":85,"column":null}},"14":{"start":{"line":85,"column":59},"end":{"line":85,"column":75}},"15":{"start":{"line":86,"column":16},"end":{"line":92,"column":null}},"16":{"start":{"line":87,"column":14},"end":{"line":87,"column":null}},"17":{"start":{"line":88,"column":4},"end":{"line":88,"column":null}},"18":{"start":{"line":89,"column":16},"end":{"line":89,"column":null}},"19":{"start":{"line":90,"column":18},"end":{"line":90,"column":null}},"20":{"start":{"line":91,"column":4},"end":{"line":91,"column":null}},"21":{"start":{"line":94,"column":2},"end":{"line":104,"column":null}},"22":{"start":{"line":97,"column":41},"end":{"line":100,"column":6}},"23":{"start":{"line":108,"column":15},"end":{"line":108,"column":null}},"24":{"start":{"line":109,"column":2},"end":{"line":109,"column":null}}},"fnMap":{"0":{"name":"getDashboardData","decl":{"start":{"line":9,"column":15},"end":{"line":9,"column":34}},"loc":{"start":{"line":9,"column":34},"end":{"line":105,"column":null}},"line":9},"1":{"name":"(anonymous_1)","decl":{"start":{"line":26,"column":7},"end":{"line":26,"column":13}},"loc":{"start":{"line":26,"column":19},"end":{"line":26,"column":23}},"line":26},"2":{"name":"(anonymous_2)","decl":{"start":{"line":73,"column":43},"end":{"line":73,"column":48}},"loc":{"start":{"line":73,"column":54},"end":{"line":73,"column":81}},"line":73},"3":{"name":"(anonymous_3)","decl":{"start":{"line":81,"column":21},"end":{"line":81,"column":29}},"loc":{"start":{"line":81,"column":38},"end":{"line":81,"column":59}},"line":81},"4":{"name":"(anonymous_4)","decl":{"start":{"line":85,"column":48},"end":{"line":85,"column":53}},"loc":{"start":{"line":85,"column":59},"end":{"line":85,"column":75}},"line":85},"5":{"name":"(anonymous_5)","decl":{"start":{"line":86,"column":39},"end":{"line":86,"column":43}},"loc":{"start":{"line":86,"column":52},"end":{"line":92,"column":3}},"line":86},"6":{"name":"(anonymous_6)","decl":{"start":{"line":97,"column":29},"end":{"line":97,"column":34}},"loc":{"start":{"line":97,"column":41},"end":{"line":100,"column":6}},"line":97},"7":{"name":"DashboardPage","decl":{"start":{"line":107,"column":30},"end":{"line":107,"column":46}},"loc":{"start":{"line":107,"column":46},"end":{"line":110,"column":null}},"line":107}},"branchMap":{"0":{"loc":{"start":{"line":75,"column":11},"end":{"line":75,"column":null}},"type":"binary-expr","locations":[{"start":{"line":75,"column":11},"end":{"line":75,"column":24}},{"start":{"line":75,"column":24},"end":{"line":75,"column":null}}],"line":75},"1":{"loc":{"start":{"line":76,"column":10},"end":{"line":76,"column":null}},"type":"binary-expr","locations":[{"start":{"line":76,"column":10},"end":{"line":76,"column":22}},{"start":{"line":76,"column":22},"end":{"line":76,"column":null}}],"line":76},"2":{"loc":{"start":{"line":77,"column":12},"end":{"line":77,"column":null}},"type":"binary-expr","locations":[{"start":{"line":77,"column":12},"end":{"line":77,"column":26}},{"start":{"line":77,"column":26},"end":{"line":77,"column":null}}],"line":77},"3":{"loc":{"start":{"line":78,"column":15},"end":{"line":78,"column":null}},"type":"binary-expr","locations":[{"start":{"line":78,"column":15},"end":{"line":78,"column":32}},{"start":{"line":78,"column":32},"end":{"line":78,"column":null}}],"line":78},"4":{"loc":{"start":{"line":79,"column":22},"end":{"line":79,"column":null}},"type":"binary-expr","locations":[{"start":{"line":79,"column":22},"end":{"line":79,"column":47}},{"start":{"line":79,"column":47},"end":{"line":79,"column":null}}],"line":79},"5":{"loc":{"start":{"line":80,"column":15},"end":{"line":80,"column":null}},"type":"binary-expr","locations":[{"start":{"line":80,"column":15},"end":{"line":80,"column":32}},{"start":{"line":80,"column":32},"end":{"line":80,"column":null}}],"line":80},"6":{"loc":{"start":{"line":91,"column":38},"end":{"line":91,"column":57}},"type":"binary-expr","locations":[{"start":{"line":91,"column":38},"end":{"line":91,"column":55}},{"start":{"line":91,"column":55},"end":{"line":91,"column":57}}],"line":91},"7":{"loc":{"start":{"line":96,"column":19},"end":{"line":96,"column":null}},"type":"cond-expr","locations":[{"start":{"line":96,"column":37},"end":{"line":96,"column":62}},{"start":{"line":96,"column":62},"end":{"line":96,"column":null}}],"line":96}},"s":{"0":0,"1":0,"2":0,"3":0,"4":0,"5":0,"6":0,"7":0,"8":0,"9":0,"10":0,"11":0,"12":0,"13":0,"14":0,"15":0,"16":0,"17":0,"18":0,"19":0,"20":0,"21":0,"22":0,"23":0,"24":0},"f":{"0":0,"1":0,"2":0,"3":0,"4":0,"5":0,"6":0,"7":0},"b":{"0":[0,0],"1":[0,0],"2":[0,0],"3":[0,0],"4":[0,0],"5":[0,0],"6":[0,0],"7":[0,0]},"meta":{"lastBranch":8,"lastFunction":8,"lastStatement":25,"seen":{"s:7:32:7:Infinity":0,"f:9:15:9:34":0,"s:10:23:10:Infinity":1,"s:11:2:11:Infinity":2,"s:12:2:12:Infinity":3,"s:14:25:14:Infinity":4,"s:15:2:15:Infinity":5,"s:16:29:16:Infinity":6,"s:18:90:71:Infinity":7,"f:26:7:26:13":1,"s:26:19:26:23":8,"s:73:14:73:Infinity":9,"f:73:43:73:48":2,"s:73:54:73:81":10,"s:74:17:82:Infinity":11,"b:75:11:75:24:75:24:75:Infinity":0,"b:76:10:76:22:76:22:76:Infinity":1,"b:77:12:77:26:77:26:77:Infinity":2,"b:78:15:78:32:78:32:78:Infinity":3,"b:79:22:79:47:79:47:79:Infinity":4,"b:80:15:80:32:80:32:80:Infinity":5,"f:81:21:81:29":3,"s:81:38:81:59":12,"s:85:19:85:Infinity":13,"f:85:48:85:53":4,"s:85:59:85:75":14,"s:86:16:92:Infinity":15,"f:86:39:86:43":5,"s:87:14:87:Infinity":16,"s:88:4:88:Infinity":17,"s:89:16:89:Infinity":18,"s:90:18:90:Infinity":19,"s:91:4:91:Infinity":20,"b:91:38:91:55:91:55:91:57":6,"s:94:2:104:Infinity":21,"b:96:37:96:62:96:62:96:Infinity":7,"f:97:29:97:34":6,"s:97:41:100:6":22,"f:107:30:107:46":7,"s:108:15:108:Infinity":23,"s:109:2:109:Infinity":24},"fnNames":{}}}
,"D:\\Coding\\bm-order-confirmation\\src\\app\\admin\\orders\\OrdersView.tsx": {"path":"D:\\Coding\\bm-order-confirmation\\src\\app\\admin\\orders\\OrdersView.tsx","statementMap":{"0":{"start":{"line":1,"column":0},"end":{"line":1,"column":null}},"1":{"start":{"line":35,"column":20},"end":{"line":43,"column":null}},"2":{"start":{"line":46,"column":8},"end":{"line":46,"column":null}},"3":{"start":{"line":47,"column":8},"end":{"line":47,"column":null}},"4":{"start":{"line":48,"column":17},"end":{"line":48,"column":null}},"5":{"start":{"line":49,"column":16},"end":{"line":49,"column":null}},"6":{"start":{"line":50,"column":18},"end":{"line":50,"column":null}},"7":{"start":{"line":51,"column":17},"end":{"line":51,"column":null}},"8":{"start":{"line":52,"column":26},"end":{"line":52,"column":null}},"9":{"start":{"line":53,"column":17},"end":{"line":53,"column":null}},"10":{"start":{"line":53,"column":45},"end":{"line":53,"column":77}},"11":{"start":{"line":54,"column":20},"end":{"line":59,"column":null}},"12":{"start":{"line":55,"column":26},"end":{"line":55,"column":null}},"13":{"start":{"line":56,"column":4},"end":{"line":58,"column":null}},"14":{"start":{"line":60,"column":20},"end":{"line":63,"column":null}},"15":{"start":{"line":61,"column":27},"end":{"line":61,"column":null}},"16":{"start":{"line":62,"column":4},"end":{"line":62,"column":null}},"17":{"start":{"line":64,"column":15},"end":{"line":64,"column":null}},"18":{"start":{"line":65,"column":20},"end":{"line":65,"column":null}},"19":{"start":{"line":68,"column":2},"end":{"line":71,"column":null}},"20":{"start":{"line":69,"column":14},"end":{"line":69,"column":null}},"21":{"start":{"line":69,"column":31},"end":{"line":69,"column":59}},"22":{"start":{"line":70,"column":4},"end":{"line":70,"column":null}},"23":{"start":{"line":70,"column":17},"end":{"line":70,"column":null}},"24":{"start":{"line":73,"column":8},"end":{"line":97,"column":null}},"25":{"start":{"line":74,"column":4},"end":{"line":74,"column":null}},"26":{"start":{"line":75,"column":4},"end":{"line":96,"column":null}},"27":{"start":{"line":76,"column":21},"end":{"line":79,"column":null}},"28":{"start":{"line":80,"column":6},"end":{"line":80,"column":null}},"29":{"start":{"line":80,"column":18},"end":{"line":80,"column":null}},"30":{"start":{"line":81,"column":6},"end":{"line":81,"column":null}},"31":{"start":{"line":81,"column":27},"end":{"line":81,"column":null}},"32":{"start":{"line":82,"column":6},"end":{"line":85,"column":null}},"33":{"start":{"line":83,"column":8},"end":{"line":83,"column":null}},"34":{"start":{"line":84,"column":8},"end":{"line":84,"column":null}},"35":{"start":{"line":87,"column":18},"end":{"line":87,"column":null}},"36":{"start":{"line":88,"column":6},"end":{"line":88,"column":null}},"37":{"start":{"line":88,"column":19},"end":{"line":88,"column":null}},"38":{"start":{"line":89,"column":58},"end":{"line":89,"column":null}},"39":{"start":{"line":90,"column":6},"end":{"line":90,"column":null}},"40":{"start":{"line":91,"column":6},"end":{"line":91,"column":null}},"41":{"start":{"line":95,"column":6},"end":{"line":95,"column":null}},"42":{"start":{"line":99,"column":2},"end":{"line":101,"column":null}},"43":{"start":{"line":100,"column":4},"end":{"line":100,"column":null}},"44":{"start":{"line":104,"column":2},"end":{"line":106,"column":null}},"45":{"start":{"line":105,"column":4},"end":{"line":105,"column":null}},"46":{"start":{"line":108,"column":8},"end":{"line":118,"column":null}},"47":{"start":{"line":109,"column":19},"end":{"line":109,"column":null}},"48":{"start":{"line":110,"column":4},"end":{"line":110,"column":null}},"49":{"start":{"line":110,"column":16},"end":{"line":110,"column":null}},"50":{"start":{"line":111,"column":4},"end":{"line":111,"column":null}},"51":{"start":{"line":111,"column":25},"end":{"line":111,"column":null}},"52":{"start":{"line":112,"column":4},"end":{"line":115,"column":null}},"53":{"start":{"line":113,"column":6},"end":{"line":113,"column":null}},"54":{"start":{"line":114,"column":6},"end":{"line":114,"column":null}},"55":{"start":{"line":116,"column":15},"end":{"line":116,"column":null}},"56":{"start":{"line":117,"column":4},"end":{"line":117,"column":null}},"57":{"start":{"line":120,"column":42},"end":{"line":173,"column":null}},"58":{"start":{"line":126,"column":8},"end":{"line":128,"column":null}},"59":{"start":{"line":135,"column":8},"end":{"line":140,"column":null}},"60":{"start":{"line":146,"column":38},"end":{"line":146,"column":null}},"61":{"start":{"line":152,"column":31},"end":{"line":152,"column":null}},"62":{"start":{"line":161,"column":8},"end":{"line":163,"column":null}},"63":{"start":{"line":171,"column":15},"end":{"line":171,"column":null}},"64":{"start":{"line":175,"column":2},"end":{"line":258,"column":null}},"65":{"start":{"line":213,"column":29},"end":{"line":213,"column":null}},"66":{"start":{"line":221,"column":29},"end":{"line":221,"column":null}},"67":{"start":{"line":222,"column":41},"end":{"line":222,"column":72}},"68":{"start":{"line":232,"column":12},"end":{"line":232,"column":null}},"69":{"start":{"line":232,"column":39},"end":{"line":232,"column":null}},"70":{"start":{"line":234,"column":26},"end":{"line":234,"column":null}},"71":{"start":{"line":235,"column":12},"end":{"line":241,"column":null}},"72":{"start":{"line":236,"column":14},"end":{"line":236,"column":null}},"73":{"start":{"line":237,"column":14},"end":{"line":237,"column":null}},"74":{"start":{"line":239,"column":14},"end":{"line":239,"column":null}},"75":{"start":{"line":240,"column":14},"end":{"line":240,"column":null}},"76":{"start":{"line":247,"column":29},"end":{"line":247,"column":null}},"77":{"start":{"line":249,"column":30},"end":{"line":249,"column":null}},"78":{"start":{"line":251,"column":30},"end":{"line":254,"column":null}},"79":{"start":{"line":252,"column":27},"end":{"line":252,"column":null}}},"fnMap":{"0":{"name":"OrdersView","decl":{"start":{"line":45,"column":16},"end":{"line":45,"column":29}},"loc":{"start":{"line":45,"column":29},"end":{"line":260,"column":null}},"line":45},"1":{"name":"(anonymous_1)","decl":{"start":{"line":53,"column":30},"end":{"line":53,"column":45}},"loc":{"start":{"line":53,"column":45},"end":{"line":53,"column":77}},"line":53},"2":{"name":"(anonymous_2)","decl":{"start":{"line":54,"column":36},"end":{"line":54,"column":69}},"loc":{"start":{"line":54,"column":69},"end":{"line":59,"column":3}},"line":54},"3":{"name":"(anonymous_3)","decl":{"start":{"line":60,"column":36},"end":{"line":60,"column":66}},"loc":{"start":{"line":60,"column":66},"end":{"line":63,"column":3}},"line":60},"4":{"name":"(anonymous_4)","decl":{"start":{"line":68,"column":2},"end":{"line":68,"column":18}},"loc":{"start":{"line":68,"column":18},"end":{"line":71,"column":5}},"line":68},"5":{"name":"(anonymous_5)","decl":{"start":{"line":69,"column":14},"end":{"line":69,"column":31}},"loc":{"start":{"line":69,"column":31},"end":{"line":69,"column":59}},"line":69},"6":{"name":"(anonymous_6)","decl":{"start":{"line":70,"column":4},"end":{"line":70,"column":17}},"loc":{"start":{"line":70,"column":17},"end":{"line":70,"column":null}},"line":70},"7":{"name":"(anonymous_7)","decl":{"start":{"line":73,"column":34},"end":{"line":73,"column":46}},"loc":{"start":{"line":73,"column":46},"end":{"line":97,"column":5}},"line":73},"8":{"name":"(anonymous_8)","decl":{"start":{"line":99,"column":2},"end":{"line":99,"column":18}},"loc":{"start":{"line":99,"column":18},"end":{"line":101,"column":5}},"line":99},"9":{"name":"(anonymous_9)","decl":{"start":{"line":104,"column":2},"end":{"line":104,"column":18}},"loc":{"start":{"line":104,"column":18},"end":{"line":106,"column":5}},"line":104},"10":{"name":"(anonymous_10)","decl":{"start":{"line":108,"column":8},"end":{"line":108,"column":28}},"loc":{"start":{"line":108,"column":28},"end":{"line":118,"column":3}},"line":108},"11":{"name":"(anonymous_11)","decl":{"start":{"line":125,"column":6},"end":{"line":125,"column":15}},"loc":{"start":{"line":126,"column":8},"end":{"line":128,"column":null}},"line":126},"12":{"name":"(anonymous_12)","decl":{"start":{"line":134,"column":6},"end":{"line":134,"column":15}},"loc":{"start":{"line":135,"column":8},"end":{"line":140,"column":null}},"line":135},"13":{"name":"(anonymous_13)","decl":{"start":{"line":146,"column":6},"end":{"line":146,"column":15}},"loc":{"start":{"line":146,"column":38},"end":{"line":146,"column":null}},"line":146},"14":{"name":"(anonymous_14)","decl":{"start":{"line":152,"column":6},"end":{"line":152,"column":15}},"loc":{"start":{"line":152,"column":31},"end":{"line":152,"column":null}},"line":152},"15":{"name":"(anonymous_15)","decl":{"start":{"line":160,"column":6},"end":{"line":160,"column":15}},"loc":{"start":{"line":161,"column":8},"end":{"line":163,"column":null}},"line":161},"16":{"name":"(anonymous_16)","decl":{"start":{"line":171,"column":6},"end":{"line":171,"column":15}},"loc":{"start":{"line":171,"column":15},"end":{"line":171,"column":null}},"line":171},"17":{"name":"(anonymous_17)","decl":{"start":{"line":213,"column":12},"end":{"line":213,"column":23}},"loc":{"start":{"line":213,"column":29},"end":{"line":213,"column":null}},"line":213},"18":{"name":"(anonymous_18)","decl":{"start":{"line":221,"column":10},"end":{"line":221,"column":21}},"loc":{"start":{"line":221,"column":29},"end":{"line":221,"column":null}},"line":221},"19":{"name":"(anonymous_19)","decl":{"start":{"line":222,"column":29},"end":{"line":222,"column":34}},"loc":{"start":{"line":222,"column":41},"end":{"line":222,"column":72}},"line":222},"20":{"name":"(anonymous_20)","decl":{"start":{"line":231,"column":10},"end":{"line":231,"column":21}},"loc":{"start":{"line":231,"column":39},"end":{"line":242,"column":null}},"line":231},"21":{"name":"(anonymous_21)","decl":{"start":{"line":247,"column":12},"end":{"line":247,"column":23}},"loc":{"start":{"line":247,"column":29},"end":{"line":247,"column":null}},"line":247},"22":{"name":"(anonymous_22)","decl":{"start":{"line":249,"column":12},"end":{"line":249,"column":24}},"loc":{"start":{"line":249,"column":30},"end":{"line":249,"column":null}},"line":249},"23":{"name":"(anonymous_23)","decl":{"start":{"line":251,"column":10},"end":{"line":251,"column":18}},"loc":{"start":{"line":251,"column":30},"end":{"line":254,"column":null}},"line":251},"24":{"name":"(anonymous_24)","decl":{"start":{"line":252,"column":12},"end":{"line":252,"column":27}},"loc":{"start":{"line":252,"column":27},"end":{"line":252,"column":null}},"line":252}},"branchMap":{"0":{"loc":{"start":{"line":53,"column":45},"end":{"line":53,"column":77}},"type":"binary-expr","locations":[{"start":{"line":53,"column":45},"end":{"line":53,"column":75}},{"start":{"line":53,"column":75},"end":{"line":53,"column":77}}],"line":53},"1":{"loc":{"start":{"line":56,"column":11},"end":{"line":58,"column":null}},"type":"cond-expr","locations":[{"start":{"line":57,"column":8},"end":{"line":57,"column":null}},{"start":{"line":58,"column":8},"end":{"line":58,"column":null}}],"line":56},"2":{"loc":{"start":{"line":56,"column":11},"end":{"line":56,"column":null}},"type":"binary-expr","locations":[{"start":{"line":56,"column":11},"end":{"line":56,"column":44}},{"start":{"line":56,"column":44},"end":{"line":56,"column":null}}],"line":56},"3":{"loc":{"start":{"line":62,"column":11},"end":{"line":62,"column":null}},"type":"cond-expr","locations":[{"start":{"line":62,"column":38},"end":{"line":62,"column":49}},{"start":{"line":62,"column":49},"end":{"line":62,"column":null}}],"line":62},"4":{"loc":{"start":{"line":62,"column":49},"end":{"line":62,"column":null}},"type":"cond-expr","locations":[{"start":{"line":62,"column":77},"end":{"line":62,"column":89}},{"start":{"line":62,"column":89},"end":{"line":62,"column":null}}],"line":62},"5":{"loc":{"start":{"line":80,"column":6},"end":{"line":80,"column":null}},"type":"if","locations":[{"start":{"line":80,"column":6},"end":{"line":80,"column":null}},{"start":{},"end":{}}],"line":80},"6":{"loc":{"start":{"line":81,"column":6},"end":{"line":81,"column":null}},"type":"if","locations":[{"start":{"line":81,"column":6},"end":{"line":81,"column":null}},{"start":{},"end":{}}],"line":81},"7":{"loc":{"start":{"line":82,"column":6},"end":{"line":85,"column":null}},"type":"if","locations":[{"start":{"line":82,"column":6},"end":{"line":85,"column":null}},{"start":{},"end":{}}],"line":82},"8":{"loc":{"start":{"line":82,"column":10},"end":{"line":82,"column":34}},"type":"binary-expr","locations":[{"start":{"line":82,"column":10},"end":{"line":82,"column":23}},{"start":{"line":82,"column":23},"end":{"line":82,"column":34}}],"line":82},"9":{"loc":{"start":{"line":84,"column":30},"end":{"line":84,"column":69}},"type":"cond-expr","locations":[{"start":{"line":84,"column":55},"end":{"line":84,"column":63}},{"start":{"line":84,"column":63},"end":{"line":84,"column":69}}],"line":84},"10":{"loc":{"start":{"line":88,"column":6},"end":{"line":88,"column":null}},"type":"if","locations":[{"start":{"line":88,"column":6},"end":{"line":88,"column":null}},{"start":{},"end":{}}],"line":88},"11":{"loc":{"start":{"line":110,"column":4},"end":{"line":110,"column":null}},"type":"if","locations":[{"start":{"line":110,"column":4},"end":{"line":110,"column":null}},{"start":{},"end":{}}],"line":110},"12":{"loc":{"start":{"line":111,"column":4},"end":{"line":111,"column":null}},"type":"if","locations":[{"start":{"line":111,"column":4},"end":{"line":111,"column":null}},{"start":{},"end":{}}],"line":111},"13":{"loc":{"start":{"line":112,"column":4},"end":{"line":115,"column":null}},"type":"if","locations":[{"start":{"line":112,"column":4},"end":{"line":115,"column":null}},{"start":{},"end":{}}],"line":112},"14":{"loc":{"start":{"line":112,"column":8},"end":{"line":112,"column":32}},"type":"binary-expr","locations":[{"start":{"line":112,"column":8},"end":{"line":112,"column":21}},{"start":{"line":112,"column":21},"end":{"line":112,"column":32}}],"line":112},"15":{"loc":{"start":{"line":114,"column":28},"end":{"line":114,"column":67}},"type":"cond-expr","locations":[{"start":{"line":114,"column":53},"end":{"line":114,"column":61}},{"start":{"line":114,"column":61},"end":{"line":114,"column":67}}],"line":114},"16":{"loc":{"start":{"line":117,"column":38},"end":{"line":117,"column":null}},"type":"cond-expr","locations":[{"start":{"line":117,"column":43},"end":{"line":117,"column":54}},{"start":{"line":117,"column":54},"end":{"line":117,"column":null}}],"line":117},"17":{"loc":{"start":{"line":146,"column":38},"end":{"line":146,"column":null}},"type":"binary-expr","locations":[{"start":{"line":146,"column":38},"end":{"line":146,"column":45}},{"start":{"line":146,"column":45},"end":{"line":146,"column":null}}],"line":146},"18":{"loc":{"start":{"line":159,"column":17},"end":{"line":159,"column":null}},"type":"cond-expr","locations":[{"start":{"line":159,"column":52},"end":{"line":159,"column":64}},{"start":{"line":159,"column":64},"end":{"line":159,"column":null}}],"line":159},"19":{"loc":{"start":{"line":161,"column":8},"end":{"line":163,"column":null}},"type":"cond-expr","locations":[{"start":{"line":162,"column":12},"end":{"line":162,"column":null}},{"start":{"line":163,"column":12},"end":{"line":163,"column":null}}],"line":161},"20":{"loc":{"start":{"line":162,"column":15},"end":{"line":162,"column":50}},"type":"binary-expr","locations":[{"start":{"line":162,"column":15},"end":{"line":162,"column":44}},{"start":{"line":162,"column":44},"end":{"line":162,"column":50}}],"line":162},"21":{"loc":{"start":{"line":170,"column":17},"end":{"line":170,"column":null}},"type":"cond-expr","locations":[{"start":{"line":170,"column":45},"end":{"line":170,"column":57}},{"start":{"line":170,"column":57},"end":{"line":170,"column":null}}],"line":170},"22":{"loc":{"start":{"line":190,"column":26},"end":{"line":190,"column":49}},"type":"cond-expr","locations":[{"start":{"line":190,"column":40},"end":{"line":190,"column":46}},{"start":{"line":190,"column":46},"end":{"line":190,"column":49}}],"line":190},"23":{"loc":{"start":{"line":232,"column":12},"end":{"line":232,"column":null}},"type":"if","locations":[{"start":{"line":232,"column":12},"end":{"line":232,"column":null}},{"start":{},"end":{}}],"line":232},"24":{"loc":{"start":{"line":235,"column":12},"end":{"line":241,"column":null}},"type":"if","locations":[{"start":{"line":235,"column":12},"end":{"line":241,"column":null}},{"start":{"line":238,"column":19},"end":{"line":241,"column":null}}],"line":235},"25":{"loc":{"start":{"line":235,"column":16},"end":{"line":235,"column":71}},"type":"binary-expr","locations":[{"start":{"line":235,"column":16},"end":{"line":235,"column":41}},{"start":{"line":235,"column":41},"end":{"line":235,"column":71}}],"line":235},"26":{"loc":{"start":{"line":237,"column":27},"end":{"line":237,"column":104}},"type":"cond-expr","locations":[{"start":{"line":237,"column":85},"end":{"line":237,"column":100}},{"start":{"line":237,"column":100},"end":{"line":237,"column":104}}],"line":237},"27":{"loc":{"start":{"line":237,"column":27},"end":{"line":237,"column":85}},"type":"binary-expr","locations":[{"start":{"line":237,"column":27},"end":{"line":237,"column":56}},{"start":{"line":237,"column":56},"end":{"line":237,"column":85}}],"line":237}},"s":{"0":1,"1":1,"2":35,"3":35,"4":35,"5":35,"6":35,"7":35,"8":35,"9":35,"10":10,"11":35,"12":10,"13":10,"14":35,"15":10,"16":10,"17":35,"18":35,"19":35,"20":13,"21":5,"22":13,"23":13,"24":35,"25":15,"26":15,"27":15,"28":15,"29":4,"30":15,"31":1,"32":15,"33":1,"34":1,"35":15,"36":15,"37":1,"38":14,"39":14,"40":14,"41":15,"42":35,"43":15,"44":35,"45":15,"46":35,"47":35,"48":35,"49":10,"50":35,"51":2,"52":35,"53":3,"54":3,"55":35,"56":35,"57":35,"58":25,"59":25,"60":25,"61":25,"62":25,"63":25,"64":35,"65":3,"66":3,"67":245,"68":1,"69":0,"70":1,"71":1,"72":1,"73":1,"74":0,"75":0,"76":0,"77":33,"78":25,"79":1},"f":{"0":35,"1":10,"2":10,"3":10,"4":13,"5":5,"6":13,"7":15,"8":15,"9":15,"10":35,"11":25,"12":25,"13":25,"14":25,"15":25,"16":25,"17":3,"18":3,"19":245,"20":1,"21":0,"22":33,"23":25,"24":1},"b":{"0":[10,9],"1":[0,10],"2":[10,10],"3":[0,10],"4":[0,10],"5":[4,11],"6":[1,14],"7":[1,14],"8":[15,1],"9":[1,0],"10":[1,14],"11":[10,25],"12":[2,33],"13":[3,32],"14":[35,3],"15":[3,0],"16":[15,20],"17":[25,1],"18":[0,35],"19":[25,0],"20":[25,0],"21":[3,32],"22":[10,25],"23":[0,1],"24":[1,0],"25":[1,0],"26":[1,0],"27":[1,0]},"meta":{"lastBranch":28,"lastFunction":25,"lastStatement":80,"seen":{"s:1:0:1:Infinity":0,"s:35:20:43:Infinity":1,"f:45:16:45:29":0,"s:46:8:46:Infinity":2,"s:47:8:47:Infinity":3,"s:48:17:48:Infinity":4,"s:49:16:49:Infinity":5,"s:50:18:50:Infinity":6,"s:51:17:51:Infinity":7,"s:52:26:52:Infinity":8,"s:53:17:53:Infinity":9,"f:53:30:53:45":1,"s:53:45:53:77":10,"b:53:45:53:75:53:75:53:77":0,"s:54:20:59:Infinity":11,"f:54:36:54:69":2,"s:55:26:55:Infinity":12,"s:56:4:58:Infinity":13,"b:57:8:57:Infinity:58:8:58:Infinity":1,"b:56:11:56:44:56:44:56:Infinity":2,"s:60:20:63:Infinity":14,"f:60:36:60:66":3,"s:61:27:61:Infinity":15,"s:62:4:62:Infinity":16,"b:62:38:62:49:62:49:62:Infinity":3,"b:62:77:62:89:62:89:62:Infinity":4,"s:64:15:64:Infinity":17,"s:65:20:65:Infinity":18,"s:68:2:71:Infinity":19,"f:68:2:68:18":4,"s:69:14:69:Infinity":20,"f:69:14:69:31":5,"s:69:31:69:59":21,"s:70:4:70:Infinity":22,"f:70:4:70:17":6,"s:70:17:70:Infinity":23,"s:73:8:97:Infinity":24,"f:73:34:73:46":7,"s:74:4:74:Infinity":25,"s:75:4:96:Infinity":26,"s:76:21:79:Infinity":27,"b:80:6:80:Infinity:undefined:undefined:undefined:undefined":5,"s:80:6:80:Infinity":28,"s:80:18:80:Infinity":29,"b:81:6:81:Infinity:undefined:undefined:undefined:undefined":6,"s:81:6:81:Infinity":30,"s:81:27:81:Infinity":31,"b:82:6:85:Infinity:undefined:undefined:undefined:undefined":7,"s:82:6:85:Infinity":32,"b:82:10:82:23:82:23:82:34":8,"s:83:8:83:Infinity":33,"s:84:8:84:Infinity":34,"b:84:55:84:63:84:63:84:69":9,"s:87:18:87:Infinity":35,"b:88:6:88:Infinity:undefined:undefined:undefined:undefined":10,"s:88:6:88:Infinity":36,"s:88:19:88:Infinity":37,"s:89:58:89:Infinity":38,"s:90:6:90:Infinity":39,"s:91:6:91:Infinity":40,"s:95:6:95:Infinity":41,"s:99:2:101:Infinity":42,"f:99:2:99:18":8,"s:100:4:100:Infinity":43,"s:104:2:106:Infinity":44,"f:104:2:104:18":9,"s:105:4:105:Infinity":45,"s:108:8:118:Infinity":46,"f:108:8:108:28":10,"s:109:19:109:Infinity":47,"b:110:4:110:Infinity:undefined:undefined:undefined:undefined":11,"s:110:4:110:Infinity":48,"s:110:16:110:Infinity":49,"b:111:4:111:Infinity:undefined:undefined:undefined:undefined":12,"s:111:4:111:Infinity":50,"s:111:25:111:Infinity":51,"b:112:4:115:Infinity:undefined:undefined:undefined:undefined":13,"s:112:4:115:Infinity":52,"b:112:8:112:21:112:21:112:32":14,"s:113:6:113:Infinity":53,"s:114:6:114:Infinity":54,"b:114:53:114:61:114:61:114:67":15,"s:116:15:116:Infinity":55,"s:117:4:117:Infinity":56,"b:117:43:117:54:117:54:117:Infinity":16,"s:120:42:173:Infinity":57,"f:125:6:125:15":11,"s:126:8:128:Infinity":58,"f:134:6:134:15":12,"s:135:8:140:Infinity":59,"f:146:6:146:15":13,"s:146:38:146:Infinity":60,"b:146:38:146:45:146:45:146:Infinity":17,"f:152:6:152:15":14,"s:152:31:152:Infinity":61,"b:159:52:159:64:159:64:159:Infinity":18,"f:160:6:160:15":15,"s:161:8:163:Infinity":62,"b:162:12:162:Infinity:163:12:163:Infinity":19,"b:162:15:162:44:162:44:162:50":20,"b:170:45:170:57:170:57:170:Infinity":21,"f:171:6:171:15":16,"s:171:15:171:Infinity":63,"s:175:2:258:Infinity":64,"b:190:40:190:46:190:46:190:49":22,"f:213:12:213:23":17,"s:213:29:213:Infinity":65,"f:221:10:221:21":18,"s:221:29:221:Infinity":66,"f:222:29:222:34":19,"s:222:41:222:72":67,"f:231:10:231:21":20,"b:232:12:232:Infinity:undefined:undefined:undefined:undefined":23,"s:232:12:232:Infinity":68,"s:232:39:232:Infinity":69,"s:234:26:234:Infinity":70,"b:235:12:241:Infinity:238:19:241:Infinity":24,"s:235:12:241:Infinity":71,"b:235:16:235:41:235:41:235:71":25,"s:236:14:236:Infinity":72,"s:237:14:237:Infinity":73,"b:237:85:237:100:237:100:237:104":26,"b:237:27:237:56:237:56:237:85":27,"s:239:14:239:Infinity":74,"s:240:14:240:Infinity":75,"f:247:12:247:23":21,"s:247:29:247:Infinity":76,"f:249:12:249:24":22,"s:249:30:249:Infinity":77,"f:251:10:251:18":23,"s:251:30:254:Infinity":78,"f:252:12:252:27":24,"s:252:27:252:Infinity":79},"fnNames":{}}}
,"D:\\Coding\\bm-order-confirmation\\src\\app\\admin\\orders\\page.tsx": {"path":"D:\\Coding\\bm-order-confirmation\\src\\app\\admin\\orders\\page.tsx","statementMap":{"0":{"start":{"line":5,"column":2},"end":{"line":8,"column":null}}},"fnMap":{"0":{"name":"OrdersPage","decl":{"start":{"line":4,"column":24},"end":{"line":4,"column":37}},"loc":{"start":{"line":4,"column":37},"end":{"line":10,"column":null}},"line":4}},"branchMap":{},"s":{"0":0},"f":{"0":0},"b":{},"meta":{"lastBranch":0,"lastFunction":1,"lastStatement":1,"seen":{"f:4:24:4:37":0,"s:5:2:8:Infinity":0},"fnNames":{}}}
,"D:\\Coding\\bm-order-confirmation\\src\\app\\admin\\orders\\[id]\\OrderDetailView.tsx": {"path":"D:\\Coding\\bm-order-confirmation\\src\\app\\admin\\orders\\[id]\\OrderDetailView.tsx","statementMap":{"0":{"start":{"line":1,"column":0},"end":{"line":1,"column":null}},"1":{"start":{"line":88,"column":28},"end":{"line":88,"column":null}},"2":{"start":{"line":89,"column":29},"end":{"line":89,"column":null}},"3":{"start":{"line":96,"column":22},"end":{"line":96,"column":null}},"4":{"start":{"line":97,"column":8},"end":{"line":97,"column":null}},"5":{"start":{"line":98,"column":8},"end":{"line":98,"column":null}},"6":{"start":{"line":99,"column":21},"end":{"line":99,"column":null}},"7":{"start":{"line":100,"column":17},"end":{"line":100,"column":null}},"8":{"start":{"line":101,"column":17},"end":{"line":101,"column":null}},"9":{"start":{"line":102,"column":19},"end":{"line":102,"column":null}},"10":{"start":{"line":103,"column":20},"end":{"line":103,"column":null}},"11":{"start":{"line":104,"column":22},"end":{"line":104,"column":null}},"12":{"start":{"line":105,"column":21},"end":{"line":105,"column":null}},"13":{"start":{"line":106,"column":24},"end":{"line":106,"column":null}},"14":{"start":{"line":107,"column":24},"end":{"line":107,"column":null}},"15":{"start":{"line":108,"column":25},"end":{"line":110,"column":null}},"16":{"start":{"line":111,"column":25},"end":{"line":111,"column":null}},"17":{"start":{"line":115,"column":27},"end":{"line":115,"column":null}},"18":{"start":{"line":117,"column":50},"end":{"line":129,"column":null}},"19":{"start":{"line":133,"column":4},"end":{"line":137,"column":null}},"20":{"start":{"line":134,"column":6},"end":{"line":134,"column":null}},"21":{"start":{"line":136,"column":6},"end":{"line":136,"column":null}},"22":{"start":{"line":139,"column":4},"end":{"line":139,"column":null}},"23":{"start":{"line":140,"column":4},"end":{"line":169,"column":null}},"24":{"start":{"line":141,"column":12},"end":{"line":141,"column":null}},"25":{"start":{"line":142,"column":19},"end":{"line":155,"column":null}},"26":{"start":{"line":157,"column":18},"end":{"line":161,"column":null}},"27":{"start":{"line":163,"column":6},"end":{"line":163,"column":null}},"28":{"start":{"line":163,"column":19},"end":{"line":163,"column":null}},"29":{"start":{"line":164,"column":6},"end":{"line":164,"column":null}},"30":{"start":{"line":166,"column":6},"end":{"line":166,"column":null}},"31":{"start":{"line":168,"column":6},"end":{"line":168,"column":null}},"32":{"start":{"line":173,"column":4},"end":{"line":173,"column":null}},"33":{"start":{"line":174,"column":4},"end":{"line":185,"column":null}},"34":{"start":{"line":175,"column":18},"end":{"line":175,"column":null}},"35":{"start":{"line":176,"column":6},"end":{"line":179,"column":null}},"36":{"start":{"line":177,"column":20},"end":{"line":177,"column":null}},"37":{"start":{"line":177,"column":50},"end":{"line":177,"column":53}},"38":{"start":{"line":178,"column":8},"end":{"line":178,"column":null}},"39":{"start":{"line":180,"column":6},"end":{"line":180,"column":null}},"40":{"start":{"line":181,"column":6},"end":{"line":181,"column":null}},"41":{"start":{"line":183,"column":6},"end":{"line":183,"column":null}},"42":{"start":{"line":184,"column":6},"end":{"line":184,"column":null}},"43":{"start":{"line":189,"column":4},"end":{"line":189,"column":null}},"44":{"start":{"line":190,"column":4},"end":{"line":206,"column":null}},"45":{"start":{"line":191,"column":18},"end":{"line":191,"column":null}},"46":{"start":{"line":192,"column":19},"end":{"line":192,"column":null}},"47":{"start":{"line":192,"column":49},"end":{"line":192,"column":52}},"48":{"start":{"line":193,"column":6},"end":{"line":196,"column":null}},"49":{"start":{"line":194,"column":8},"end":{"line":194,"column":null}},"50":{"start":{"line":195,"column":8},"end":{"line":195,"column":null}},"51":{"start":{"line":197,"column":6},"end":{"line":197,"column":null}},"52":{"start":{"line":197,"column":19},"end":{"line":197,"column":null}},"53":{"start":{"line":198,"column":6},"end":{"line":198,"column":null}},"54":{"start":{"line":199,"column":6},"end":{"line":199,"column":null}},"55":{"start":{"line":200,"column":6},"end":{"line":200,"column":null}},"56":{"start":{"line":200,"column":33},"end":{"line":200,"column":38}},"57":{"start":{"line":201,"column":6},"end":{"line":201,"column":null}},"58":{"start":{"line":203,"column":6},"end":{"line":203,"column":null}},"59":{"start":{"line":205,"column":6},"end":{"line":205,"column":null}},"60":{"start":{"line":210,"column":4},"end":{"line":210,"column":null}},"61":{"start":{"line":211,"column":4},"end":{"line":220,"column":null}},"62":{"start":{"line":212,"column":18},"end":{"line":212,"column":null}},"63":{"start":{"line":213,"column":19},"end":{"line":213,"column":null}},"64":{"start":{"line":213,"column":49},"end":{"line":213,"column":52}},"65":{"start":{"line":214,"column":6},"end":{"line":214,"column":null}},"66":{"start":{"line":214,"column":19},"end":{"line":214,"column":null}},"67":{"start":{"line":215,"column":6},"end":{"line":215,"column":null}},"68":{"start":{"line":216,"column":6},"end":{"line":216,"column":null}},"69":{"start":{"line":218,"column":6},"end":{"line":218,"column":null}},"70":{"start":{"line":219,"column":6},"end":{"line":219,"column":null}},"71":{"start":{"line":224,"column":4},"end":{"line":224,"column":null}},"72":{"start":{"line":225,"column":4},"end":{"line":239,"column":null}},"73":{"start":{"line":226,"column":18},"end":{"line":226,"column":null}},"74":{"start":{"line":227,"column":6},"end":{"line":230,"column":null}},"75":{"start":{"line":228,"column":20},"end":{"line":228,"column":null}},"76":{"start":{"line":228,"column":50},"end":{"line":228,"column":53}},"77":{"start":{"line":229,"column":8},"end":{"line":229,"column":null}},"78":{"start":{"line":231,"column":6},"end":{"line":231,"column":null}},"79":{"start":{"line":232,"column":6},"end":{"line":232,"column":null}},"80":{"start":{"line":233,"column":6},"end":{"line":233,"column":null}},"81":{"start":{"line":233,"column":33},"end":{"line":233,"column":38}},"82":{"start":{"line":234,"column":6},"end":{"line":234,"column":null}},"83":{"start":{"line":236,"column":6},"end":{"line":236,"column":null}},"84":{"start":{"line":238,"column":6},"end":{"line":238,"column":null}},"85":{"start":{"line":242,"column":19},"end":{"line":358,"column":null}},"86":{"start":{"line":296,"column":31},"end":{"line":296,"column":null}},"87":{"start":{"line":347,"column":56},"end":{"line":347,"column":77}},"88":{"start":{"line":347,"column":90},"end":{"line":347,"column":96}},"89":{"start":{"line":348,"column":56},"end":{"line":348,"column":77}},"90":{"start":{"line":348,"column":90},"end":{"line":348,"column":96}},"91":{"start":{"line":360,"column":2},"end":{"line":444,"column":null}}},"fnMap":{"0":{"name":"OrderDetailView","decl":{"start":{"line":95,"column":16},"end":{"line":95,"column":32}},"loc":{"start":{"line":95,"column":50},"end":{"line":446,"column":null}},"line":95},"1":{"name":"saveDetails","decl":{"start":{"line":131,"column":17},"end":{"line":131,"column":31}},"loc":{"start":{"line":131,"column":31},"end":{"line":170,"column":null}},"line":131},"2":{"name":"deleteOrder","decl":{"start":{"line":172,"column":17},"end":{"line":172,"column":31}},"loc":{"start":{"line":172,"column":31},"end":{"line":186,"column":null}},"line":172},"3":{"name":"(anonymous_3)","decl":{"start":{"line":177,"column":37},"end":{"line":177,"column":50}},"loc":{"start":{"line":177,"column":50},"end":{"line":177,"column":53}},"line":177},"4":{"name":"resendLink","decl":{"start":{"line":188,"column":17},"end":{"line":188,"column":30}},"loc":{"start":{"line":188,"column":30},"end":{"line":207,"column":null}},"line":188},"5":{"name":"(anonymous_5)","decl":{"start":{"line":192,"column":36},"end":{"line":192,"column":49}},"loc":{"start":{"line":192,"column":49},"end":{"line":192,"column":52}},"line":192},"6":{"name":"(anonymous_6)","decl":{"start":{"line":200,"column":6},"end":{"line":200,"column":27}},"loc":{"start":{"line":200,"column":33},"end":{"line":200,"column":38}},"line":200},"7":{"name":"duplicateOrder","decl":{"start":{"line":209,"column":17},"end":{"line":209,"column":34}},"loc":{"start":{"line":209,"column":34},"end":{"line":221,"column":null}},"line":209},"8":{"name":"(anonymous_8)","decl":{"start":{"line":213,"column":36},"end":{"line":213,"column":49}},"loc":{"start":{"line":213,"column":49},"end":{"line":213,"column":52}},"line":213},"9":{"name":"cancelOrder","decl":{"start":{"line":223,"column":17},"end":{"line":223,"column":31}},"loc":{"start":{"line":223,"column":31},"end":{"line":240,"column":null}},"line":223},"10":{"name":"(anonymous_10)","decl":{"start":{"line":228,"column":37},"end":{"line":228,"column":50}},"loc":{"start":{"line":228,"column":50},"end":{"line":228,"column":53}},"line":228},"11":{"name":"(anonymous_11)","decl":{"start":{"line":233,"column":6},"end":{"line":233,"column":27}},"loc":{"start":{"line":233,"column":33},"end":{"line":233,"column":38}},"line":233},"12":{"name":"(anonymous_12)","decl":{"start":{"line":296,"column":14},"end":{"line":296,"column":25}},"loc":{"start":{"line":296,"column":31},"end":{"line":296,"column":null}},"line":296},"13":{"name":"(anonymous_13)","decl":{"start":{"line":347,"column":42},"end":{"line":347,"column":50}},"loc":{"start":{"line":347,"column":56},"end":{"line":347,"column":77}},"line":347},"14":{"name":"(anonymous_14)","decl":{"start":{"line":347,"column":79},"end":{"line":347,"column":84}},"loc":{"start":{"line":347,"column":90},"end":{"line":347,"column":96}},"line":347},"15":{"name":"(anonymous_15)","decl":{"start":{"line":348,"column":42},"end":{"line":348,"column":50}},"loc":{"start":{"line":348,"column":56},"end":{"line":348,"column":77}},"line":348},"16":{"name":"(anonymous_16)","decl":{"start":{"line":348,"column":79},"end":{"line":348,"column":84}},"loc":{"start":{"line":348,"column":90},"end":{"line":348,"column":96}},"line":348}},"branchMap":{"0":{"loc":{"start":{"line":99,"column":21},"end":{"line":99,"column":null}},"type":"binary-expr","locations":[{"start":{"line":99,"column":21},"end":{"line":99,"column":48}},{"start":{"line":99,"column":48},"end":{"line":99,"column":null}}],"line":99},"1":{"loc":{"start":{"line":107,"column":53},"end":{"line":107,"column":78}},"type":"binary-expr","locations":[{"start":{"line":107,"column":53},"end":{"line":107,"column":76}},{"start":{"line":107,"column":76},"end":{"line":107,"column":78}}],"line":107},"2":{"loc":{"start":{"line":109,"column":4},"end":{"line":109,"column":null}},"type":"binary-expr","locations":[{"start":{"line":109,"column":4},"end":{"line":109,"column":36}},{"start":{"line":109,"column":36},"end":{"line":109,"column":null}}],"line":109},"3":{"loc":{"start":{"line":111,"column":55},"end":{"line":111,"column":93}},"type":"binary-expr","locations":[{"start":{"line":111,"column":55},"end":{"line":111,"column":89}},{"start":{"line":111,"column":89},"end":{"line":111,"column":93}}],"line":111},"4":{"loc":{"start":{"line":120,"column":21},"end":{"line":120,"column":null}},"type":"binary-expr","locations":[{"start":{"line":120,"column":21},"end":{"line":120,"column":46}},{"start":{"line":120,"column":46},"end":{"line":120,"column":null}}],"line":120},"5":{"loc":{"start":{"line":121,"column":14},"end":{"line":121,"column":null}},"type":"binary-expr","locations":[{"start":{"line":121,"column":14},"end":{"line":121,"column":32}},{"start":{"line":121,"column":32},"end":{"line":121,"column":null}}],"line":121},"6":{"loc":{"start":{"line":122,"column":22},"end":{"line":122,"column":null}},"type":"cond-expr","locations":[{"start":{"line":122,"column":47},"end":{"line":122,"column":80}},{"start":{"line":122,"column":80},"end":{"line":122,"column":null}}],"line":122},"7":{"loc":{"start":{"line":123,"column":24},"end":{"line":123,"column":null}},"type":"binary-expr","locations":[{"start":{"line":123,"column":24},"end":{"line":123,"column":52}},{"start":{"line":123,"column":52},"end":{"line":123,"column":null}}],"line":123},"8":{"loc":{"start":{"line":124,"column":16},"end":{"line":124,"column":null}},"type":"binary-expr","locations":[{"start":{"line":124,"column":16},"end":{"line":124,"column":36}},{"start":{"line":124,"column":36},"end":{"line":124,"column":null}}],"line":124},"9":{"loc":{"start":{"line":125,"column":22},"end":{"line":125,"column":null}},"type":"binary-expr","locations":[{"start":{"line":125,"column":22},"end":{"line":125,"column":48}},{"start":{"line":125,"column":48},"end":{"line":125,"column":null}}],"line":125},"10":{"loc":{"start":{"line":126,"column":18},"end":{"line":126,"column":null}},"type":"binary-expr","locations":[{"start":{"line":126,"column":18},"end":{"line":126,"column":40}},{"start":{"line":126,"column":40},"end":{"line":126,"column":null}}],"line":126},"11":{"loc":{"start":{"line":127,"column":18},"end":{"line":127,"column":null}},"type":"binary-expr","locations":[{"start":{"line":127,"column":18},"end":{"line":127,"column":40}},{"start":{"line":127,"column":40},"end":{"line":127,"column":null}}],"line":127},"12":{"loc":{"start":{"line":145,"column":25},"end":{"line":145,"column":null}},"type":"binary-expr","locations":[{"start":{"line":145,"column":25},"end":{"line":145,"column":52}},{"start":{"line":145,"column":52},"end":{"line":145,"column":null}}],"line":145},"13":{"loc":{"start":{"line":146,"column":18},"end":{"line":146,"column":null}},"type":"binary-expr","locations":[{"start":{"line":146,"column":18},"end":{"line":146,"column":38}},{"start":{"line":146,"column":38},"end":{"line":146,"column":null}}],"line":146},"14":{"loc":{"start":{"line":147,"column":26},"end":{"line":147,"column":null}},"type":"cond-expr","locations":[{"start":{"line":147,"column":61},"end":{"line":147,"column":96}},{"start":{"line":147,"column":96},"end":{"line":147,"column":null}}],"line":147},"15":{"loc":{"start":{"line":149,"column":20},"end":{"line":149,"column":null}},"type":"binary-expr","locations":[{"start":{"line":149,"column":20},"end":{"line":149,"column":42}},{"start":{"line":149,"column":42},"end":{"line":149,"column":null}}],"line":149},"16":{"loc":{"start":{"line":150,"column":26},"end":{"line":150,"column":null}},"type":"binary-expr","locations":[{"start":{"line":150,"column":26},"end":{"line":150,"column":54}},{"start":{"line":150,"column":54},"end":{"line":150,"column":null}}],"line":150},"17":{"loc":{"start":{"line":151,"column":22},"end":{"line":151,"column":null}},"type":"binary-expr","locations":[{"start":{"line":151,"column":22},"end":{"line":151,"column":46}},{"start":{"line":151,"column":46},"end":{"line":151,"column":null}}],"line":151},"18":{"loc":{"start":{"line":152,"column":22},"end":{"line":152,"column":null}},"type":"binary-expr","locations":[{"start":{"line":152,"column":22},"end":{"line":152,"column":46}},{"start":{"line":152,"column":46},"end":{"line":152,"column":null}}],"line":152},"19":{"loc":{"start":{"line":153,"column":23},"end":{"line":153,"column":null}},"type":"binary-expr","locations":[{"start":{"line":153,"column":23},"end":{"line":153,"column":40}},{"start":{"line":153,"column":40},"end":{"line":153,"column":null}}],"line":153},"20":{"loc":{"start":{"line":163,"column":6},"end":{"line":163,"column":null}},"type":"if","locations":[{"start":{"line":163,"column":6},"end":{"line":163,"column":null}},{"start":{},"end":{}}],"line":163},"21":{"loc":{"start":{"line":176,"column":6},"end":{"line":179,"column":null}},"type":"if","locations":[{"start":{"line":176,"column":6},"end":{"line":179,"column":null}},{"start":{},"end":{}}],"line":176},"22":{"loc":{"start":{"line":178,"column":24},"end":{"line":178,"column":52}},"type":"binary-expr","locations":[{"start":{"line":178,"column":24},"end":{"line":178,"column":37}},{"start":{"line":178,"column":37},"end":{"line":178,"column":52}}],"line":178},"23":{"loc":{"start":{"line":183,"column":20},"end":{"line":183,"column":81}},"type":"cond-expr","locations":[{"start":{"line":183,"column":43},"end":{"line":183,"column":57}},{"start":{"line":183,"column":57},"end":{"line":183,"column":81}}],"line":183},"24":{"loc":{"start":{"line":193,"column":6},"end":{"line":196,"column":null}},"type":"if","locations":[{"start":{"line":193,"column":6},"end":{"line":196,"column":null}},{"start":{},"end":{}}],"line":193},"25":{"loc":{"start":{"line":197,"column":6},"end":{"line":197,"column":null}},"type":"if","locations":[{"start":{"line":197,"column":6},"end":{"line":197,"column":null}},{"start":{},"end":{}}],"line":197},"26":{"loc":{"start":{"line":197,"column":35},"end":{"line":197,"column":71}},"type":"binary-expr","locations":[{"start":{"line":197,"column":35},"end":{"line":197,"column":49}},{"start":{"line":197,"column":49},"end":{"line":197,"column":71}}],"line":197},"27":{"loc":{"start":{"line":203,"column":20},"end":{"line":203,"column":79}},"type":"cond-expr","locations":[{"start":{"line":203,"column":43},"end":{"line":203,"column":57}},{"start":{"line":203,"column":57},"end":{"line":203,"column":79}}],"line":203},"28":{"loc":{"start":{"line":214,"column":6},"end":{"line":214,"column":null}},"type":"if","locations":[{"start":{"line":214,"column":6},"end":{"line":214,"column":null}},{"start":{},"end":{}}],"line":214},"29":{"loc":{"start":{"line":214,"column":35},"end":{"line":214,"column"
[...]
,"D:\\Coding\\bm-order-confirmation\\src\\server\\size-charts\\service.ts": {"path":"D:\\Coding\\bm-order-confirmation\\src\\server\\size-charts\\service.ts","statementMap":{"0":{"start":{"line":9,"column":4},"end":{"line":9,"column":null}},"1":{"start":{"line":10,"column":4},"end":{"line":10,"column":null}},"2":{"start":{"line":14,"column":23},"end":{"line":14,"column":null}},"3":{"start":{"line":17,"column":27},"end":{"line":17,"column":null}},"4":{"start":{"line":18,"column":2},"end":{"line":20,"column":null}},"5":{"start":{"line":19,"column":4},"end":{"line":19,"column":null}},"6":{"start":{"line":19,"column":64},"end":{"line":19,"column":68}},"7":{"start":{"line":21,"column":2},"end":{"line":21,"column":null}},"8":{"start":{"line":27,"column":17},"end":{"line":29,"column":null}},"9":{"start":{"line":28,"column":30},"end":{"line":28,"column":null}},"10":{"start":{"line":30,"column":2},"end":{"line":30,"column":null}},"11":{"start":{"line":30,"column":39},"end":{"line":30,"column":49}},"12":{"start":{"line":40,"column":19},"end":{"line":40,"column":null}},"13":{"start":{"line":41,"column":8},"end":{"line":41,"column":null}},"14":{"start":{"line":43,"column":2},"end":{"line":43,"column":null}},"15":{"start":{"line":45,"column":18},"end":{"line":48,"column":null}},"16":{"start":{"line":50,"column":2},"end":{"line":50,"column":null}},"17":{"start":{"line":57,"column":19},"end":{"line":57,"column":null}},"18":{"start":{"line":58,"column":2},"end":{"line":58,"column":null}},"19":{"start":{"line":58,"column":17},"end":{"line":58,"column":null}},"20":{"start":{"line":60,"column":18},"end":{"line":68,"column":null}},"21":{"start":{"line":70,"column":2},"end":{"line":70,"column":null}},"22":{"start":{"line":74,"column":16},"end":{"line":74,"column":null}},"23":{"start":{"line":75,"column":2},"end":{"line":75,"column":null}},"24":{"start":{"line":75,"column":14},"end":{"line":75,"column":null}},"25":{"start":{"line":77,"column":22},"end":{"line":80,"column":null}},"26":{"start":{"line":82,"column":2},"end":{"line":82,"column":null}},"27":{"start":{"line":84,"column":2},"end":{"line":88,"column":null}},"28":{"start":{"line":85,"column":4},"end":{"line":87,"column":null}},"29":{"start":{"line":86,"column":6},"end":{"line":86,"column":null}},"30":{"start":{"line":90,"column":2},"end":{"line":90,"column":null}},"31":{"start":{"line":95,"column":2},"end":{"line":95,"column":null}},"32":{"start":{"line":95,"column":58},"end":{"line":95,"column":62}}},"fnMap":{"0":{"name":"constructor","decl":{"start":{"line":8,"column":2},"end":{"line":8,"column":16}},"loc":{"start":{"line":8,"column":16},"end":{"line":11,"column":null}},"line":8},"1":{"name":"withUrl","decl":{"start":{"line":16,"column":15},"end":{"line":16,"column":23}},"loc":{"start":{"line":16,"column":84},"end":{"line":22,"column":null}},"line":16},"2":{"name":"(anonymous_2)","decl":{"start":{"line":19,"column":52},"end":{"line":19,"column":64}},"loc":{"start":{"line":19,"column":64},"end":{"line":19,"column":68}},"line":19},"3":{"name":"listSizeCharts","decl":{"start":{"line":26,"column":22},"end":{"line":26,"column":39}},"loc":{"start":{"line":26,"column":39},"end":{"line":31,"column":null}},"line":26},"4":{"name":"(anonymous_4)","decl":{"start":{"line":28,"column":4},"end":{"line":28,"column":14}},"loc":{"start":{"line":28,"column":30},"end":{"line":28,"column":null}},"line":28},"5":{"name":"(anonymous_5)","decl":{"start":{"line":30,"column":28},"end":{"line":30,"column":33}},"loc":{"start":{"line":30,"column":39},"end":{"line":30,"column":49}},"line":30},"6":{"name":"createSizeChart","decl":{"start":{"line":33,"column":22},"end":{"line":33,"column":38}},"loc":{"start":{"line":39,"column":3},"end":{"line":51,"column":null}},"line":39},"7":{"name":"updateSizeChart","decl":{"start":{"line":53,"column":22},"end":{"line":53,"column":null}},"loc":{"start":{"line":56,"column":2},"end":{"line":71,"column":null}},"line":56},"8":{"name":"deleteSizeChart","decl":{"start":{"line":73,"column":22},"end":{"line":73,"column":38}},"loc":{"start":{"line":73,"column":91},"end":{"line":91,"column":null}},"line":73},"9":{"name":"(anonymous_9)","decl":{"start":{"line":85,"column":33},"end":{"line":85,"column":40}},"loc":{"start":{"line":86,"column":6},"end":{"line":86,"column":null}},"line":86},"10":{"name":"getSizeChartSignedUrl","decl":{"start":{"line":94,"column":22},"end":{"line":94,"column":44}},"loc":{"start":{"line":94,"column":83},"end":{"line":96,"column":null}},"line":94},"11":{"name":"(anonymous_11)","decl":{"start":{"line":95,"column":46},"end":{"line":95,"column":58}},"loc":{"start":{"line":95,"column":58},"end":{"line":95,"column":62}},"line":95}},"branchMap":{"0":{"loc":{"start":{"line":16,"column":62},"end":{"line":16,"column":84}},"type":"default-arg","locations":[{"start":{"line":16,"column":68},"end":{"line":16,"column":84}}],"line":16},"1":{"loc":{"start":{"line":18,"column":2},"end":{"line":20,"column":null}},"type":"if","locations":[{"start":{"line":18,"column":2},"end":{"line":20,"column":null}},{"start":{},"end":{}}],"line":18},"2":{"loc":{"start":{"line":47,"column":46},"end":{"line":47,"column":74}},"type":"binary-expr","locations":[{"start":{"line":47,"column":46},"end":{"line":47,"column":68}},{"start":{"line":47,"column":68},"end":{"line":47,"column":74}}],"line":47},"3":{"loc":{"start":{"line":58,"column":2},"end":{"line":58,"column":null}},"type":"if","locations":[{"start":{"line":58,"column":2},"end":{"line":58,"column":null}},{"start":{},"end":{}}],"line":58},"4":{"loc":{"start":{"line":63,"column":10},"end":{"line":63,"column":null}},"type":"binary-expr","locations":[{"start":{"line":63,"column":10},"end":{"line":63,"column":38}},{"start":{"line":63,"column":38},"end":{"line":63,"column":null}}],"line":63},"5":{"loc":{"start":{"line":64,"column":10},"end":{"line":64,"column":null}},"type":"binary-expr","locations":[{"start":{"line":64,"column":10},"end":{"line":64,"column":45}},{"start":{"line":64,"column":45},"end":{"line":64,"column":null}}],"line":64},"6":{"loc":{"start":{"line":75,"column":2},"end":{"line":75,"column":null}},"type":"if","locations":[{"start":{"line":75,"column":2},"end":{"line":75,"column":null}},{"start":{},"end":{}}],"line":75},"7":{"loc":{"start":{"line":84,"column":2},"end":{"line":88,"column":null}},"type":"if","locations":[{"start":{"line":84,"column":2},"end":{"line":88,"column":null}},{"start":{},"end":{}}],"line":84},"8":{"loc":{"start":{"line":94,"column":64},"end":{"line":94,"column":83}},"type":"default-arg","locations":[{"start":{"line":94,"column":77},"end":{"line":94,"column":83}}],"line":94}},"s":{"0":4,"1":4,"2":3,"3":11,"4":11,"5":7,"6":1,"7":11,"8":6,"9":6,"10":6,"11":7,"12":2,"13":2,"14":2,"15":2,"16":2,"17":4,"18":4,"19":2,"20":2,"21":2,"22":8,"23":8,"24":2,"25":6,"26":6,"27":6,"28":4,"29":0,"30":6,"31":2,"32":1},"f":{"0":4,"1":11,"2":1,"3":6,"4":6,"5":7,"6":2,"7":4,"8":8,"9":0,"10":2,"11":1},"b":{"0":[11],"1":[7,4],"2":[2,0],"3":[2,2],"4":[2,2],"5":[4,1],"6":[2,6],"7":[4,2],"8":[2]},"meta":{"lastBranch":9,"lastFunction":12,"lastStatement":33,"seen":{"f:8:2:8:16":0,"s:9:4:9:Infinity":0,"s:10:4:10:Infinity":1,"s:14:23:14:Infinity":2,"f:16:15:16:23":1,"b:16:68:16:84":0,"s:17:27:17:Infinity":3,"b:18:2:20:Infinity:undefined:undefined:undefined:undefined":1,"s:18:2:20:Infinity":4,"s:19:4:19:Infinity":5,"f:19:52:19:64":2,"s:19:64:19:68":6,"s:21:2:21:Infinity":7,"f:26:22:26:39":3,"s:27:17:29:Infinity":8,"f:28:4:28:14":4,"s:28:30:28:Infinity":9,"s:30:2:30:Infinity":10,"f:30:28:30:33":5,"s:30:39:30:49":11,"f:33:22:33:38":6,"s:40:19:40:Infinity":12,"s:41:8:41:Infinity":13,"s:43:2:43:Infinity":14,"s:45:18:48:Infinity":15,"b:47:46:47:68:47:68:47:74":2,"s:50:2:50:Infinity":16,"f:53:22:53:Infinity":7,"s:57:19:57:Infinity":17,"b:58:2:58:Infinity:undefined:undefined:undefined:undefined":3,"s:58:2:58:Infinity":18,"s:58:17:58:Infinity":19,"s:60:18:68:Infinity":20,"b:63:10:63:38:63:38:63:Infinity":4,"b:64:10:64:45:64:45:64:Infinity":5,"s:70:2:70:Infinity":21,"f:73:22:73:38":8,"s:74:16:74:Infinity":22,"b:75:2:75:Infinity:undefined:undefined:undefined:undefined":6,"s:75:2:75:Infinity":23,"s:75:14:75:Infinity":24,"s:77:22:80:Infinity":25,"s:82:2:82:Infinity":26,"b:84:2:88:Infinity:undefined:undefined:undefined:undefined":7,"s:84:2:88:Infinity":27,"s:85:4:87:Infinity":28,"f:85:33:85:40":9,"s:86:6:86:Infinity":29,"s:90:2:90:Infinity":30,"f:94:22:94:44":10,"b:94:77:94:83":8,"s:95:2:95:Infinity":31,"f:95:46:95:58":11,"s:95:58:95:62":32},"fnNames":{}}}
,"D:\\Coding\\bm-order-confirmation\\src\\server\\users\\service.ts": {"path":"D:\\Coding\\bm-order-confirmation\\src\\server\\users\\service.ts","statementMap":{"0":{"start":{"line":14,"column":4},"end":{"line":14,"column":null}},"1":{"start":{"line":15,"column":4},"end":{"line":15,"column":null}},"2":{"start":{"line":21,"column":4},"end":{"line":21,"column":null}},"3":{"start":{"line":22,"column":4},"end":{"line":22,"column":null}},"4":{"start":{"line":28,"column":4},"end":{"line":28,"column":null}},"5":{"start":{"line":29,"column":4},"end":{"line":29,"column":null}},"6":{"start":{"line":35,"column":4},"end":{"line":35,"column":null}},"7":{"start":{"line":36,"column":4},"end":{"line":36,"column":null}},"8":{"start":{"line":61,"column":16},"end":{"line":63,"column":null}},"9":{"start":{"line":62,"column":30},"end":{"line":62,"column":null}},"10":{"start":{"line":65,"column":2},"end":{"line":75,"column":null}},"11":{"start":{"line":65,"column":27},"end":{"line":75,"column":4}},"12":{"start":{"line":82,"column":22},"end":{"line":82,"column":null}},"13":{"start":{"line":83,"column":25},"end":{"line":83,"column":null}},"14":{"start":{"line":90,"column":19},"end":{"line":92,"column":null}},"15":{"start":{"line":93,"column":2},"end":{"line":93,"column":null}},"16":{"start":{"line":93,"column":16},"end":{"line":93,"column":null}},"17":{"start":{"line":95,"column":8},"end":{"line":95,"column":null}},"18":{"start":{"line":96,"column":8},"end":{"line":96,"column":null}},"19":{"start":{"line":97,"column":20},"end":{"line":97,"column":null}},"20":{"start":{"line":99,"column":2},"end":{"line":107,"column":null}},"21":{"start":{"line":109,"column":15},"end":{"line":109,"column":null}},"22":{"start":{"line":110,"column":19},"end":{"line":110,"column":null}},"23":{"start":{"line":112,"column":2},"end":{"line":112,"column":null}},"24":{"start":{"line":120,"column":8},"end":{"line":120,"column":null}},"25":{"start":{"line":122,"column":15},"end":{"line":124,"column":null}},"26":{"start":{"line":126,"column":2},"end":{"line":128,"column":null}},"27":{"start":{"line":127,"column":4},"end":{"line":127,"column":null}},"28":{"start":{"line":130,"column":23},"end":{"line":130,"column":null}},"29":{"start":{"line":132,"column":2},"end":{"line":141,"column":null}},"30":{"start":{"line":152,"column":2},"end":{"line":197,"column":null}},"31":{"start":{"line":153,"column":17},"end":{"line":153,"column":null}},"32":{"start":{"line":154,"column":4},"end":{"line":154,"column":null}},"33":{"start":{"line":154,"column":15},"end":{"line":154,"column":null}},"34":{"start":{"line":156,"column":25},"end":{"line":156,"column":null}},"35":{"start":{"line":157,"column":25},"end":{"line":157,"column":null}},"36":{"start":{"line":164,"column":4},"end":{"line":174,"column":null}},"37":{"start":{"line":165,"column":27},"end":{"line":169,"column":null}},"38":{"start":{"line":171,"column":6},"end":{"line":173,"column":null}},"39":{"start":{"line":172,"column":8},"end":{"line":172,"column":null}},"40":{"start":{"line":176,"column":22},"end":{"line":184,"column":null}},"41":{"start":{"line":186,"column":4},"end":{"line":196,"column":null}},"42":{"start":{"line":205,"column":15},"end":{"line":205,"column":null}},"43":{"start":{"line":206,"column":2},"end":{"line":206,"column":null}},"44":{"start":{"line":206,"column":13},"end":{"line":206,"column":null}},"45":{"start":{"line":209,"column":2},"end":{"line":211,"column":null}},"46":{"start":{"line":210,"column":4},"end":{"line":210,"column":null}},"47":{"start":{"line":213,"column":2},"end":{"line":213,"column":null}}},"fnMap":{"0":{"name":"constructor","decl":{"start":{"line":13,"column":2},"end":{"line":13,"column":16}},"loc":{"start":{"line":13,"column":16},"end":{"line":16,"column":null}},"line":13},"1":{"name":"constructor_2","decl":{"start":{"line":20,"column":2},"end":{"line":20,"column":16}},"loc":{"start":{"line":20,"column":16},"end":{"line":23,"column":null}},"line":20},"2":{"name":"constructor_3","decl":{"start":{"line":27,"column":2},"end":{"line":27,"column":16}},"loc":{"start":{"line":27,"column":16},"end":{"line":30,"column":null}},"line":27},"3":{"name":"constructor_4","decl":{"start":{"line":34,"column":2},"end":{"line":34,"column":16}},"loc":{"start":{"line":34,"column":16},"end":{"line":37,"column":null}},"line":34},"4":{"name":"listStaffUsers","decl":{"start":{"line":60,"column":22},"end":{"line":60,"column":64}},"loc":{"start":{"line":60,"column":64},"end":{"line":76,"column":null}},"line":60},"5":{"name":"(anonymous_5)","decl":{"start":{"line":62,"column":4},"end":{"line":62,"column":14}},"loc":{"start":{"line":62,"column":30},"end":{"line":62,"column":null}},"line":62},"6":{"name":"(anonymous_6)","decl":{"start":{"line":65,"column":15},"end":{"line":65,"column":20}},"loc":{"start":{"line":65,"column":27},"end":{"line":75,"column":4}},"line":65},"7":{"name":"inviteUser","decl":{"start":{"line":85,"column":22},"end":{"line":85,"column":null}},"loc":{"start":{"line":89,"column":51},"end":{"line":113,"column":null}},"line":89},"8":{"name":"acceptInvite","decl":{"start":{"line":119,"column":22},"end":{"line":119,"column":35}},"loc":{"start":{"line":119,"column":86},"end":{"line":142,"column":null}},"line":119},"9":{"name":"updateUser","decl":{"start":{"line":148,"column":22},"end":{"line":148,"column":null}},"loc":{"start":{"line":151,"column":25},"end":{"line":198,"column":null}},"line":151},"10":{"name":"(anonymous_10)","decl":{"start":{"line":152,"column":24},"end":{"line":152,"column":31}},"loc":{"start":{"line":152,"column":38},"end":{"line":197,"column":3}},"line":152},"11":{"name":"deleteUser","decl":{"start":{"line":204,"column":22},"end":{"line":204,"column":33}},"loc":{"start":{"line":204,"column":60},"end":{"line":214,"column":null}},"line":204}},"branchMap":{"0":{"loc":{"start":{"line":93,"column":2},"end":{"line":93,"column":null}},"type":"if","locations":[{"start":{"line":93,"column":2},"end":{"line":93,"column":null}},{"start":{},"end":{}}],"line":93},"1":{"loc":{"start":{"line":126,"column":2},"end":{"line":128,"column":null}},"type":"if","locations":[{"start":{"line":126,"column":2},"end":{"line":128,"column":null}},{"start":{},"end":{}}],"line":126},"2":{"loc":{"start":{"line":126,"column":6},"end":{"line":126,"column":85}},"type":"binary-expr","locations":[{"start":{"line":126,"column":6},"end":{"line":126,"column":15}},{"start":{"line":126,"column":15},"end":{"line":126,"column":45}},{"start":{"line":126,"column":45},"end":{"line":126,"column":85}}],"line":126},"3":{"loc":{"start":{"line":154,"column":4},"end":{"line":154,"column":null}},"type":"if","locations":[{"start":{"line":154,"column":4},"end":{"line":154,"column":null}},{"start":{},"end":{}}],"line":154},"4":{"loc":{"start":{"line":164,"column":4},"end":{"line":174,"column":null}},"type":"if","locations":[{"start":{"line":164,"column":4},"end":{"line":174,"column":null}},{"start":{},"end":{}}],"line":164},"5":{"loc":{"start":{"line":164,"column":8},"end":{"line":164,"column":65}},"type":"binary-expr","locations":[{"start":{"line":164,"column":8},"end":{"line":164,"column":34}},{"start":{"line":164,"column":34},"end":{"line":164,"column":50}},{"start":{"line":164,"column":50},"end":{"line":164,"column":65}}],"line":164},"6":{"loc":{"start":{"line":171,"column":6},"end":{"line":173,"column":null}},"type":"if","locations":[{"start":{"line":171,"column":6},"end":{"line":173,"column":null}},{"start":{},"end":{}}],"line":171},"7":{"loc":{"start":{"line":179,"column":12},"end":{"line":179,"column":null}},"type":"binary-expr","locations":[{"start":{"line":179,"column":12},"end":{"line":179,"column":40}},{"start":{"line":179,"column":40},"end":{"line":179,"column":null}}],"line":179},"8":{"loc":{"start":{"line":180,"column":12},"end":{"line":180,"column":null}},"type":"binary-expr","locations":[{"start":{"line":180,"column":12},"end":{"line":180,"column":44}},{"start":{"line":180,"column":44},"end":{"line":180,"column":null}}],"line":180},"9":{"loc":{"start":{"line":206,"column":2},"end":{"line":206,"column":null}},"type":"if","locations":[{"start":{"line":206,"column":2},"end":{"line":206,"column":null}},{"start":{},"end":{}}],"line":206},"10":{"loc":{"start":{"line":209,"column":2},"end":{"line":211,"column":null}},"type":"if","locations":[{"start":{"line":209,"column":2},"end":{"line":211,"column":null}},{"start":{},"end":{}}],"line":209},"11":{"loc":{"start":{"line":209,"column":6},"end":{"line":209,"column":46}},"type":"binary-expr","locations":[{"start":{"line":209,"column":6},"end":{"line":209,"column":23}},{"start":{"line":209,"column":23},"end":{"line":209,"column":46}}],"line":209}},"s":{"0":4,"1":4,"2":2,"3":2,"4":4,"5":4,"6":5,"7":5,"8":2,"9":2,"10":2,"11":4,"12":4,"13":4,"14":8,"15":8,"16":2,"17":6,"18":6,"19":6,"20":6,"21":6,"22":6,"23":6,"24":8,"25":8,"26":8,"27":5,"28":3,"29":3,"30":11,"31":11,"32":11,"33":2,"34":9,"35":9,"36":9,"37":7,"38":7,"39":4,"40":5,"41":5,"42":6,"43":6,"44":2,"45":4,"46":2,"47":2},"f":{"0":4,"1":2,"2":4,"3":5,"4":2,"5":2,"6":4,"7":8,"8":8,"9":11,"10":11,"11":6},"b":{"0":[2,6],"1":[5,3],"2":[8,5,5],"3":[2,9],"4":[7,2],"5":[9,7,2],"6":[4,3],"7":[5,2],"8":[11,3],"9":[2,4],"10":[2,2],"11":[4,2]},"meta":{"lastBranch":12,"lastFunction":12,"lastStatement":48,"seen":{"f:13:2:13:16":0,"s:14:4:14:Infinity":0,"s:15:4:15:Infinity":1,"f:20:2:20:16":1,"s:21:4:21:Infinity":2,"s:22:4:22:Infinity":3,"f:27:2:27:16":2,"s:28:4:28:Infinity":4,"s:29:4:29:Infinity":5,"f:34:2:34:16":3,"s:35:4:35:Infinity":6,"s:36:4:36:Infinity":7,"f:60:22:60:64":4,"s:61:16:63:Infinity":8,"f:62:4:62:14":5,"s:62:30:62:Infinity":9,"s:65:2:75:Infinity":10,"f:65:15:65:20":6,"s:65:27:75:4":11,"s:82:22:82:Infinity":12,"s:83:25:83:Infinity":13,"f:85:22:85:Infinity":7,"s:90:19:92:Infinity":14,"b:93:2:93:Infinity:undefined:undefined:undefined:undefined":0,"s:93:2:93:Infinity":15,"s:93:16:93:Infinity":16,"s:95:8:95:Infinity":17,"s:96:8:96:Infinity":18,"s:97:20:97:Infinity":19,"s:99:2:107:Infinity":20,"s:109:15:109:Infinity":21,"s:110:19:110:Infinity":22,"s:112:2:112:Infinity":23,"f:119:22:119:35":8,"s:120:8:120:Infinity":24,"s:122:15:124:Infinity":25,"b:126:2:128:Infinity:undefined:undefined:undefined:undefined":1,"s:126:2:128:Infinity":26,"b:126:6:126:15:126:15:126:45:126:45:126:85":2,"s:127:4:127:Infinity":27,"s:130:23:130:Infinity":28,"s:132:2:141:Infinity":29,"f:148:22:148:Infinity":9,"s:152:2:197:Infinity":30,"f:152:24:152:31":10,"s:153:17:153:Infinity":31,"b:154:4:154:Infinity:undefined:undefined:undefined:undefined":3,"s:154:4:154:Infinity":32,"s:154:15:154:Infinity":33,"s:156:25:156:Infinity":34,"s:157:25:157:Infinity":35,"b:164:4:174:Infinity:undefined:undefined:undefined:undefined":4,"s:164:4:174:Infinity":36,"b:164:8:164:34:164:34:164:50:164:50:164:65":5,"s:165:27:169:Infinity":37,"b:171:6:173:Infinity:undefined:undefined:undefined:undefined":6,"s:171:6:173:Infinity":38,"s:172:8:172:Infinity":39,"s:176:22:184:Infinity":40,"b:179:12:179:40:179:40:179:Infinity":7,"b:180:12:180:44:180:44:180:Infinity":8,"s:186:4:196:Infinity":41,"f:204:22:204:33":11,"s:205:15:205:Infinity":42,"b:206:2:206:Infinity:undefined:undefined:undefined:undefined":9,"s:206:2:206:Infinity":43,"s:206:13:206:Infinity":44,"b:209:2:211:Infinity:undefined:undefined:undefined:undefined":10,"s:209:2:211:Infinity":45,"b:209:6:209:23:209:23:209:46":11,"s:210:4:210:Infinity":46,"s:213:2:213:Infinity":47},"fnNames":{}}}
}
