{"D:\\Coding\\bm-order-confirmation\\src\\middleware.ts": {"path":"D:\\Coding\\bm-order-confirmation\\src\\middleware.ts","statementMap":{"0":{"start":{"line":7,"column":2},"end":{"line":7,"column":null}},"1":{"start":{"line":11,"column":2},"end":{"line":11,"column":null}},"2":{"start":{"line":15,"column":23},"end":{"line":15,"column":null}},"3":{"start":{"line":16,"column":19},"end":{"line":16,"column":null}},"4":{"start":{"line":19,"column":2},"end":{"line":19,"column":null}},"5":{"start":{"line":21,"column":20},"end":{"line":21,"column":null}},"6":{"start":{"line":22,"column":22},"end":{"line":22,"column":null}},"7":{"start":{"line":23,"column":26},"end":{"line":23,"column":null}},"8":{"start":{"line":26,"column":2},"end":{"line":28,"column":null}},"9":{"start":{"line":27,"column":4},"end":{"line":27,"column":null}},"10":{"start":{"line":31,"column":22},"end":{"line":35,"column":null}},"11":{"start":{"line":32,"column":27},"end":{"line":32,"column":null}},"12":{"start":{"line":36,"column":18},"end":{"line":36,"column":null}},"13":{"start":{"line":39,"column":22},"end":{"line":39,"column":null}},"14":{"start":{"line":40,"column":22},"end":{"line":40,"column":null}},"15":{"start":{"line":43,"column":2},"end":{"line":51,"column":null}},"16":{"start":{"line":44,"column":4},"end":{"line":46,"column":null}},"17":{"start":{"line":45,"column":6},"end":{"line":45,"column":null}},"18":{"start":{"line":47,"column":4},"end":{"line":49,"column":null}},"19":{"start":{"line":48,"column":6},"end":{"line":48,"column":null}},"20":{"start":{"line":50,"column":4},"end":{"line":50,"column":null}},"21":{"start":{"line":53,"column":2},"end":{"line":64,"column":null}},"22":{"start":{"line":54,"column":4},"end":{"line":56,"column":null}},"23":{"start":{"line":55,"column":6},"end":{"line":55,"column":null}},"24":{"start":{"line":58,"column":4},"end":{"line":60,"column":null}},"25":{"start":{"line":59,"column":6},"end":{"line":59,"column":null}},"26":{"start":{"line":61,"column":21},"end":{"line":61,"column":null}},"27":{"start":{"line":62,"column":4},"end":{"line":62,"column":null}},"28":{"start":{"line":63,"column":4},"end":{"line":63,"column":null}},"29":{"start":{"line":67,"column":2},"end":{"line":69,"column":null}},"30":{"start":{"line":68,"column":4},"end":{"line":68,"column":null}},"31":{"start":{"line":71,"column":2},"end":{"line":71,"column":null}},"32":{"start":{"line":74,"column":22},"end":{"line":77,"column":null}}},"fnMap":{"0":{"name":"isAdminUiPath","decl":{"start":{"line":6,"column":9},"end":{"line":6,"column":23}},"loc":{"start":{"line":6,"column":41},"end":{"line":8,"column":null}},"line":6},"1":{"name":"isAdminApiPath","decl":{"start":{"line":10,"column":9},"end":{"line":10,"column":24}},"loc":{"start":{"line":10,"column":42},"end":{"line":12,"column":null}},"line":10},"2":{"name":"middleware","decl":{"start":{"line":14,"column":22},"end":{"line":14,"column":33}},"loc":{"start":{"line":14,"column":55},"end":{"line":72,"column":null}},"line":14},"3":{"name":"(anonymous_3)","decl":{"start":{"line":32,"column":4},"end":{"line":32,"column":10}},"loc":{"start":{"line":32,"column":27},"end":{"line":32,"column":null}},"line":32},"4":{"name":"(anonymous_4)","decl":{"start":{"line":33,"column":4},"end":{"line":33,"column":15}},"loc":{"start":{"line":33,"column":15},"end":{"line":33,"column":null}},"line":33},"5":{"name":"(anonymous_5)","decl":{"start":{"line":34,"column":4},"end":{"line":34,"column":18}},"loc":{"start":{"line":34,"column":18},"end":{"line":34,"column":null}},"line":34}},"branchMap":{"0":{"loc":{"start":{"line":21,"column":20},"end":{"line":21,"column":null}},"type":"binary-expr","locations":[{"start":{"line":21,"column":20},"end":{"line":21,"column":47}},{"start":{"line":21,"column":47},"end":{"line":21,"column":null}}],"line":21},"1":{"loc":{"start":{"line":26,"column":2},"end":{"line":28,"column":null}},"type":"if","locations":[{"start":{"line":26,"column":2},"end":{"line":28,"column":null}},{"start":{},"end":{}}],"line":26},"2":{"loc":{"start":{"line":26,"column":6},"end":{"line":26,"column":54}},"type":"binary-expr","locations":[{"start":{"line":26,"column":6},"end":{"line":26,"column":20}},{"start":{"line":26,"column":20},"end":{"line":26,"column":36}},{"start":{"line":26,"column":36},"end":{"line":26,"column":54}}],"line":26},"3":{"loc":{"start":{"line":39,"column":22},"end":{"line":39,"column":null}},"type":"binary-expr","locations":[{"start":{"line":39,"column":22},"end":{"line":39,"column":49}},{"start":{"line":39,"column":49},"end":{"line":39,"column":null}}],"line":39},"4":{"loc":{"start":{"line":40,"column":22},"end":{"line":40,"column":null}},"type":"binary-expr","locations":[{"start":{"line":40,"column":22},"end":{"line":40,"column":49}},{"start":{"line":40,"column":49},"end":{"line":40,"column":null}}],"line":40},"5":{"loc":{"start":{"line":43,"column":2},"end":{"line":51,"column":null}},"type":"if","locations":[{"start":{"line":43,"column":2},"end":{"line":51,"column":null}},{"start":{},"end":{}}],"line":43},"6":{"loc":{"start":{"line":44,"column":4},"end":{"line":46,"column":null}},"type":"if","locations":[{"start":{"line":44,"column":4},"end":{"line":46,"column":null}},{"start":{},"end":{}}],"line":44},"7":{"loc":{"start":{"line":47,"column":4},"end":{"line":49,"column":null}},"type":"if","locations":[{"start":{"line":47,"column":4},"end":{"line":49,"column":null}},{"start":{},"end":{}}],"line":47},"8":{"loc":{"start":{"line":53,"column":2},"end":{"line":64,"column":null}},"type":"if","locations":[{"start":{"line":53,"column":2},"end":{"line":64,"column":null}},{"start":{},"end":{}}],"line":53},"9":{"loc":{"start":{"line":53,"column":6},"end":{"line":53,"column":33}},"type":"binary-expr","locations":[{"start":{"line":53,"column":6},"end":{"line":53,"column":19}},{"start":{"line":53,"column":19},"end":{"line":53,"column":33}}],"line":53},"10":{"loc":{"start":{"line":54,"column":4},"end":{"line":56,"column":null}},"type":"if","locations":[{"start":{"line":54,"column":4},"end":{"line":56,"column":null}},{"start":{},"end":{}}],"line":54},"11":{"loc":{"start":{"line":58,"column":4},"end":{"line":60,"column":null}},"type":"if","locations":[{"start":{"line":58,"column":4},"end":{"line":60,"column":null}},{"start":{},"end":{}}],"line":58},"12":{"loc":{"start":{"line":67,"column":2},"end":{"line":69,"column":null}},"type":"if","locations":[{"start":{"line":67,"column":2},"end":{"line":69,"column":null}},{"start":{},"end":{}}],"line":67},"13":{"loc":{"start":{"line":67,"column":6},"end":{"line":67,"column":34}},"type":"binary-expr","locations":[{"start":{"line":67,"column":6},"end":{"line":67,"column":21}},{"start":{"line":67,"column":21},"end":{"line":67,"column":34}}],"line":67}},"s":{"0":14,"1":14,"2":14,"3":14,"4":14,"5":14,"6":14,"7":14,"8":14,"9":3,"10":11,"11":11,"12":11,"13":11,"14":14,"15":14,"16":3,"17":1,"18":2,"19":1,"20":1,"21":8,"22":3,"23":1,"24":2,"25":1,"26":1,"27":1,"28":1,"29":5,"30":1,"31":4,"32":1},"f":{"0":14,"1":14,"2":14,"3":11,"4":0,"5":0},"b":{"0":[14,11],"1":[3,11],"2":[14,9,6],"3":[11,7],"4":[14,7],"5":[3,11],"6":[1,2],"7":[1,1],"8":[3,5],"9":[8,5],"10":[1,2],"11":[1,1],"12":[1,4],"13":[5,3]},"meta":{"lastBranch":14,"lastFunction":6,"lastStatement":33,"seen":{"f:6:9:6:23":0,"s:7:2:7:Infinity":0,"f:10:9:10:24":1,"s:11:2:11:Infinity":1,"f:14:22:14:33":2,"s:15:23:15:Infinity":2,"s:16:19:16:Infinity":3,"s:19:2:19:Infinity":4,"s:21:20:21:Infinity":5,"b:21:20:21:47:21:47:21:Infinity":0,"s:22:22:22:Infinity":6,"s:23:26:23:Infinity":7,"b:26:2:28:Infinity:undefined:undefined:undefined:undefined":1,"s:26:2:28:Infinity":8,"b:26:6:26:20:26:20:26:36:26:36:26:54":2,"s:27:4:27:Infinity":9,"s:31:22:35:Infinity":10,"f:32:4:32:10":3,"s:32:27:32:Infinity":11,"f:33:4:33:15":4,"f:34:4:34:18":5,"s:36:18:36:Infinity":12,"s:39:22:39:Infinity":13,"b:39:22:39:49:39:49:39:Infinity":3,"s:40:22:40:Infinity":14,"b:40:22:40:49:40:49:40:Infinity":4,"b:43:2:51:Infinity:undefined:undefined:undefined:undefined":5,"s:43:2:51:Infinity":15,"b:44:4:46:Infinity:undefined:undefined:undefined:undefined":6,"s:44:4:46:Infinity":16,"s:45:6:45:Infinity":17,"b:47:4:49:Infinity:undefined:undefined:undefined:undefined":7,"s:47:4:49:Infinity":18,"s:48:6:48:Infinity":19,"s:50:4:50:Infinity":20,"b:53:2:64:Infinity:undefined:undefined:undefined:undefined":8,"s:53:2:64:Infinity":21,"b:53:6:53:19:53:19:53:33":9,"b:54:4:56:Infinity:undefined:undefined:undefined:undefined":10,"s:54:4:56:Infinity":22,"s:55:6:55:Infinity":23,"b:58:4:60:Infinity:undefined:undefined:undefined:undefined":11,"s:58:4:60:Infinity":24,"s:59:6:59:Infinity":25,"s:61:21:61:Infinity":26,"s:62:4:62:Infinity":27,"s:63:4:63:Infinity":28,"b:67:2:69:Infinity:undefined:undefined:undefined:undefined":12,"s:67:2:69:Infinity":29,"b:67:6:67:21:67:21:67:34":13,"s:68:4:68:Infinity":30,"s:71:2:71:Infinity":31,"s:74:22:77:Infinity":32},"fnNames":{}}}
,"D:\\Coding\\bm-order-confirmation\\src\\app\\layout.tsx": {"path":"D:\\Coding\\bm-order-confirmation\\src\\app\\layout.tsx","statementMap":{"0":{"start":{"line":8,"column":6},"end":{"line":13,"column":null}},"1":{"start":{"line":15,"column":6},"end":{"line":19,"column":null}},"2":{"start":{"line":21,"column":15},"end":{"line":21,"column":null}},"3":{"start":{"line":23,"column":34},"end":{"line":27,"column":null}},"4":{"start":{"line":34,"column":2},"end":{"line":45,"column":null}}},"fnMap":{"0":{"name":"RootLayout","decl":{"start":{"line":29,"column":24},"end":{"line":29,"column":35}},"loc":{"start":{"line":33,"column":3},"end":{"line":47,"column":null}},"line":33}},"branchMap":{"0":{"loc":{"start":{"line":37,"column":9},"end":{"line":38,"column":null}},"type":"binary-expr","locations":[{"start":{"line":37,"column":9},"end":{"line":37,"column":19}},{"start":{"line":37,"column":19},"end":{"line":38,"column":null}}],"line":37},"1":{"loc":{"start":{"line":40,"column":9},"end":{"line":41,"column":9}},"type":"binary-expr","locations":[{"start":{"line":40,"column":9},"end":{"line":40,"column":19}},{"start":{"line":40,"column":19},"end":{"line":41,"column":9}}],"line":40}},"s":{"0":0,"1":0,"2":0,"3":0,"4":0},"f":{"0":0},"b":{"0":[0,0],"1":[0,0]},"meta":{"lastBranch":2,"lastFunction":1,"lastStatement":5,"seen":{"s:8:6:13:Infinity":0,"s:15:6:19:Infinity":1,"s:21:15:21:Infinity":2,"s:23:34:27:Infinity":3,"f:29:24:29:35":0,"s:34:2:45:Infinity":4,"b:37:9:37:19:37:19:38:Infinity":0,"b:40:9:40:19:40:19:41:9":1},"fnNames":{}}}
,"D:\\Coding\\bm-order-confirmation\\src\\app\\page.tsx": {"path":"D:\\Coding\\bm-order-confirmation\\src\\app\\page.tsx","statementMap":{"0":{"start":{"line":5,"column":2},"end":{"line":5,"column":null}}},"fnMap":{"0":{"name":"Home","decl":{"start":{"line":4,"column":24},"end":{"line":4,"column":31}},"loc":{"start":{"line":4,"column":31},"end":{"line":6,"column":null}},"line":4}},"branchMap":{},"s":{"0":0},"f":{"0":0},"b":{},"meta":{"lastBranch":0,"lastFunction":1,"lastStatement":1,"seen":{"f:4:24:4:31":0,"s:5:2:5:Infinity":0},"fnNames":{}}}
,"D:\\Coding\\bm-order-confirmation\\src\\app\\providers.tsx": {"path":"D:\\Coding\\bm-order-confirmation\\src\\app\\providers.tsx","statementMap":{"0":{"start":{"line":1,"column":0},"end":{"line":1,"column":null}},"1":{"start":{"line":7,"column":2},"end":{"line":10,"column":null}}},"fnMap":{"0":{"name":"Providers","decl":{"start":{"line":6,"column":16},"end":{"line":6,"column":26}},"loc":{"start":{"line":6,"column":71},"end":{"line":12,"column":null}},"line":6}},"branchMap":{},"s":{"0":0,"1":0},"f":{"0":0},"b":{},"meta":{"lastBranch":0,"lastFunction":1,"lastStatement":2,"seen":{"s:1:0:1:Infinity":0,"f:6:16:6:26":0,"s:7:2:10:Infinity":1},"fnNames":{}}}
,"D:\\Coding\\bm-order-confirmation\\src\\app\\robots.ts": {"path":"D:\\Coding\\bm-order-confirmation\\src\\app\\robots.ts","statementMap":{"0":{"start":{"line":5,"column":2},"end":{"line":7,"column":null}}},"fnMap":{"0":{"name":"robots","decl":{"start":{"line":4,"column":24},"end":{"line":4,"column":55}},"loc":{"start":{"line":4,"column":55},"end":{"line":8,"column":null}},"line":4}},"branchMap":{},"s":{"0":0},"f":{"0":0},"b":{},"meta":{"lastBranch":0,"lastFunction":1,"lastStatement":1,"seen":{"f:4:24:4:55":0,"s:5:2:7:Infinity":0},"fnNames":{}}}
,"D:\\Coding\\bm-order-confirmation\\src\\app\\accept-invite\\AcceptInviteView.tsx": {"path":"D:\\Coding\\bm-order-confirmation\\src\\app\\accept-invite\\AcceptInviteView.tsx","statementMap":{"0":{"start":{"line":1,"column":0},"end":{"line":1,"column":null}},"1":{"start":{"line":9,"column":24},"end":{"line":9,"column":null}},"2":{"start":{"line":12,"column":8},"end":{"line":12,"column":null}},"3":{"start":{"line":13,"column":8},"end":{"line":13,"column":null}},"4":{"start":{"line":14,"column":16},"end":{"line":14,"column":null}},"5":{"start":{"line":16,"column":18},"end":{"line":16,"column":null}},"6":{"start":{"line":17,"column":16},"end":{"line":17,"column":null}},"7":{"start":{"line":18,"column":15},"end":{"line":18,"column":null}},"8":{"start":{"line":21,"column":4},"end":{"line":24,"column":null}},"9":{"start":{"line":22,"column":6},"end":{"line":22,"column":null}},"10":{"start":{"line":23,"column":6},"end":{"line":23,"column":null}},"11":{"start":{"line":25,"column":4},"end":{"line":25,"column":null}},"12":{"start":{"line":26,"column":4},"end":{"line":26,"column":null}},"13":{"start":{"line":27,"column":4},"end":{"line":41,"column":null}},"14":{"start":{"line":28,"column":18},"end":{"line":32,"column":null}},"15":{"start":{"line":33,"column":19},"end":{"line":33,"column":null}},"16":{"start":{"line":34,"column":6},"end":{"line":34,"column":null}},"17":{"start":{"line":34,"column":19},"end":{"line":34,"column":null}},"18":{"start":{"line":35,"column":6},"end":{"line":35,"column":null}},"19":{"start":{"line":36,"column":6},"end":{"line":36,"column":null}},"20":{"start":{"line":36,"column":23},"end":{"line":36,"column":56}},"21":{"start":{"line":38,"column":6},"end":{"line":38,"column":null}},"22":{"start":{"line":40,"column":6},"end":{"line":40,"column":null}},"23":{"start":{"line":44,"column":2},"end":{"line":146,"column":null}},"24":{"start":{"line":107,"column":33},"end":{"line":107,"column":null}},"25":{"start":{"line":128,"column":42},"end":{"line":133,"column":null}},"26":{"start":{"line":130,"column":22},"end":{"line":130,"column":null}},"27":{"start":{"line":130,"column":73},"end":{"line":130,"column":null}},"28":{"start":{"line":131,"column":22},"end":{"line":131,"column":null}}},"fnMap":{"0":{"name":"AcceptInviteView","decl":{"start":{"line":11,"column":16},"end":{"line":11,"column":35}},"loc":{"start":{"line":11,"column":35},"end":{"line":148,"column":null}},"line":11},"1":{"name":"handleSubmit","decl":{"start":{"line":20,"column":17},"end":{"line":20,"column":30}},"loc":{"start":{"line":20,"column":60},"end":{"line":42,"column":null}},"line":20},"2":{"name":"(anonymous_2)","decl":{"start":{"line":36,"column":6},"end":{"line":36,"column":23}},"loc":{"start":{"line":36,"column":23},"end":{"line":36,"column":56}},"line":36},"3":{"name":"(anonymous_3)","decl":{"start":{"line":107,"column":18},"end":{"line":107,"column":33}},"loc":{"start":{"line":107,"column":33},"end":{"line":107,"column":null}},"line":107},"4":{"name":"(anonymous_4)","decl":{"start":{"line":127,"column":76},"end":{"line":127,"column":null}},"loc":{"start":{"line":128,"column":42},"end":{"line":133,"column":null}},"line":128},"5":{"name":"validator","decl":{"start":{"line":129,"column":20},"end":{"line":129,"column":30}},"loc":{"start":{"line":129,"column":40},"end":{"line":132,"column":null}},"line":129}},"branchMap":{"0":{"loc":{"start":{"line":21,"column":4},"end":{"line":24,"column":null}},"type":"if","locations":[{"start":{"line":21,"column":4},"end":{"line":24,"column":null}},{"start":{},"end":{}}],"line":21},"1":{"loc":{"start":{"line":34,"column":6},"end":{"line":34,"column":null}},"type":"if","locations":[{"start":{"line":34,"column":6},"end":{"line":34,"column":null}},{"start":{},"end":{}}],"line":34},"2":{"loc":{"start":{"line":34,"column":35},"end":{"line":34,"column":75}},"type":"binary-expr","locations":[{"start":{"line":34,"column":35},"end":{"line":34,"column":49}},{"start":{"line":34,"column":49},"end":{"line":34,"column":75}}],"line":34},"3":{"loc":{"start":{"line":38,"column":15},"end":{"line":38,"column":74}},"type":"cond-expr","locations":[{"start":{"line":38,"column":38},"end":{"line":38,"column":52}},{"start":{"line":38,"column":52},"end":{"line":38,"column":74}}],"line":38},"4":{"loc":{"start":{"line":80,"column":11},"end":{"line":86,"column":null}},"type":"binary-expr","locations":[{"start":{"line":80,"column":11},"end":{"line":80,"column":null}},{"start":{"line":81,"column":12},"end":{"line":86,"column":null}}],"line":80},"5":{"loc":{"start":{"line":89,"column":11},"end":{"line":95,"column":null}},"type":"binary-expr","locations":[{"start":{"line":89,"column":11},"end":{"line":89,"column":null}},{"start":{"line":90,"column":12},"end":{"line":95,"column":null}}],"line":89},"6":{"loc":{"start":{"line":98,"column":11},"end":{"line":142,"column":null}},"type":"binary-expr","locations":[{"start":{"line":98,"column":11},"end":{"line":98,"column":20}},{"start":{"line":98,"column":20},"end":{"line":98,"column":null}},{"start":{"line":99,"column":12},"end":{"line":142,"column":null}}],"line":98},"7":{"loc":{"start":{"line":100,"column":15},"end":{"line":108,"column":null}},"type":"binary-expr","locations":[{"start":{"line":100,"column":15},"end":{"line":100,"column":null}},{"start":{"line":101,"column":16},"end":{"line":108,"column":null}}],"line":100},"8":{"loc":{"start":{"line":130,"column":22},"end":{"line":130,"column":null}},"type":"if","locations":[{"start":{"line":130,"column":22},"end":{"line":130,"column":null}},{"start":{},"end":{}}],"line":130},"9":{"loc":{"start":{"line":130,"column":26},"end":{"line":130,"column":73}},"type":"binary-expr","locations":[{"start":{"line":130,"column":26},"end":{"line":130,"column":36}},{"start":{"line":130,"column":36},"end":{"line":130,"column":73}}],"line":130}},"s":{"0":0,"1":0,"2":0,"3":0,"4":0,"5":0,"6":0,"7":0,"8":0,"9":0,"10":0,"11":0,"12":0,"13":0,"14":0,"15":0,"16":0,"17":0,"18":0,"19":0,"20":0,"21":0,"22":0,"23":0,"24":0,"25":0,"26":0,"27":0,"28":0},"f":{"0":0,"1":0,"2":0,"3":0,"4":0,"5":0},"b":{"0":[0,0],"1":[0,0],"2":[0,0],"3":[0,0],"4":[0,0],"5":[0,0],"6":[0,0,0],"7":[0,0],"8":[0,0],"9":[0,0]},"meta":{"lastBranch":10,"lastFunction":6,"lastStatement":29,"seen":{"s:1:0:1:Infinity":0,"s:9:24:9:Infinity":1,"f:11:16:11:35":0,"s:12:8:12:Infinity":2,"s:13:8:13:Infinity":3,"s:14:16:14:Infinity":4,"s:16:18:16:Infinity":5,"s:17:16:17:Infinity":6,"s:18:15:18:Infinity":7,"f:20:17:20:30":1,"b:21:4:24:Infinity:undefined:undefined:undefined:undefined":0,"s:21:4:24:Infinity":8,"s:22:6:22:Infinity":9,"s:23:6:23:Infinity":10,"s:25:4:25:Infinity":11,"s:26:4:26:Infinity":12,"s:27:4:41:Infinity":13,"s:28:18:32:Infinity":14,"s:33:19:33:Infinity":15,"b:34:6:34:Infinity:undefined:undefined:undefined:undefined":1,"s:34:6:34:Infinity":16,"s:34:19:34:Infinity":17,"b:34:35:34:49:34:49:34:75":2,"s:35:6:35:Infinity":18,"s:36:6:36:Infinity":19,"f:36:6:36:23":2,"s:36:23:36:56":20,"s:38:6:38:Infinity":21,"b:38:38:38:52:38:52:38:74":3,"s:40:6:40:Infinity":22,"s:44:2:146:Infinity":23,"b:80:11:80:Infinity:81:12:86:Infinity":4,"b:89:11:89:Infinity:90:12:95:Infinity":5,"b:98:11:98:20:98:20:98:Infinity:99:12:142:Infinity":6,"b:100:15:100:Infinity:101:16:108:Infinity":7,"f:107:18:107:33":3,"s:107:33:107:Infinity":24,"f:127:76:127:Infinity":4,"s:128:42:133:Infinity":25,"f:129:20:129:30":5,"b:130:22:130:Infinity:undefined:undefined:undefined:undefined":8,"s:130:22:130:Infinity":26,"b:130:26:130:36:130:36:130:73":9,"s:130:73:130:Infinity":27,"s:131:22:131:Infinity":28},"fnNames":{}}}
,"D:\\Coding\\bm-order-confirmation\\src\\app\\accept-invite\\page.tsx": {"path":"D:\\Coding\\bm-order-confirmation\\src\\app\\accept-invite\\page.tsx","statementMap":{"0":{"start":{"line":6,"column":2},"end":{"line":9,"column":null}}},"fnMap":{"0":{"name":"AcceptInvitePage","decl":{"start":{"line":5,"column":24},"end":{"line":5,"column":43}},"loc":{"start":{"line":5,"column":43},"end":{"line":11,"column":null}},"line":5}},"branchMap":{},"s":{"0":0},"f":{"0":0},"b":{},"meta":{"lastBranch":0,"lastFunction":1,"lastStatement":1,"seen":{"f:5:24:5:43":0,"s:6:2:9:Infinity":0},"fnNames":{}}}
,"D:\\Coding\\bm-order-confirmation\\src\\app\\admin\\layout.tsx": {"path":"D:\\Coding\\bm-order-confirmation\\src\\app\\admin\\layout.tsx","statementMap":{"0":{"start":{"line":6,"column":18},"end":{"line":6,"column":null}},"1":{"start":{"line":9,"column":2},"end":{"line":11,"column":null}},"2":{"start":{"line":10,"column":4},"end":{"line":10,"column":null}},"3":{"start":{"line":13,"column":2},"end":{"line":16,"column":null}}},"fnMap":{"0":{"name":"AdminLayout","decl":{"start":{"line":5,"column":30},"end":{"line":5,"column":42}},"loc":{"start":{"line":5,"column":87},"end":{"line":18,"column":null}},"line":5}},"branchMap":{"0":{"loc":{"start":{"line":9,"column":2},"end":{"line":11,"column":null}},"type":"if","locations":[{"start":{"line":9,"column":2},"end":{"line":11,"column":null}},{"start":{},"end":{}}],"line":9}},"s":{"0":0,"1":0,"2":0,"3":0},"f":{"0":0},"b":{"0":[0,0]},"meta":{"lastBranch":1,"lastFunction":1,"lastStatement":4,"seen":{"f:5:30:5:42":0,"s:6:18:6:Infinity":0,"b:9:2:11:Infinity:undefined:undefined:undefined:undefined":0,"s:9:2:11:Infinity":1,"s:10:4:10:Infinity":2,"s:13:2:16:Infinity":3},"fnNames":{}}}
,"D:\\Coding\\bm-order-confirmation\\src\\app\\admin\\dashboard\\DashboardView.tsx": {"path":"D:\\Coding\\bm-order-confirmation\\src\\app\\admin\\dashboard\\DashboardView.tsx","statementMap":{"0":{"start":{"line":1,"column":0},"end":{"line":1,"column":null}},"1":{"start":{"line":29,"column":35},"end":{"line":29,"column":null}},"2":{"start":{"line":31,"column":46},"end":{"line":37,"column":null}},"3":{"start":{"line":39,"column":46},"end":{"line":45,"column":null}},"4":{"start":{"line":71,"column":2},"end":{"line":71,"column":null}},"5":{"start":{"line":71,"column":26},"end":{"line":71,"column":null}},"6":{"start":{"line":72,"column":2},"end":{"line":72,"column":null}},"7":{"start":{"line":72,"column":22},"end":{"line":72,"column":null}},"8":{"start":{"line":73,"column":2},"end":{"line":73,"column":null}},"9":{"start":{"line":77,"column":16},"end":{"line":77,"column":null}},"10":{"start":{"line":78,"column":2},"end":{"line":81,"column":null}},"11":{"start":{"line":86,"column":13},"end":{"line":86,"column":null}},"12":{"start":{"line":87,"column":15},"end":{"line":87,"column":null}},"13":{"start":{"line":88,"column":2},"end":{"line":88,"column":null}},"14":{"start":{"line":88,"column":17},"end":{"line":88,"column":null}},"15":{"start":{"line":89,"column":16},"end":{"line":89,"column":null}},"16":{"start":{"line":90,"column":2},"end":{"line":90,"column":null}},"17":{"start":{"line":90,"column":18},"end":{"line":90,"column":null}},"18":{"start":{"line":91,"column":2},"end":{"line":91,"column":null}},"19":{"start":{"line":95,"column":18},"end":{"line":101,"column":null}},"20":{"start":{"line":101,"column":18},"end":{"line":101,"column":29}},"21":{"start":{"line":103,"column":24},"end":{"line":103,"column":null}},"22":{"start":{"line":105,"column":2},"end":{"line":390,"column":null}},"23":{"start":{"line":204,"column":36},"end":{"line":204,"column":null}},"24":{"start":{"line":229,"column":22},"end":{"line":229,"column":null}},"25":{"start":{"line":233,"column":44},"end":{"line":233,"column":null}},"26":{"start":{"line":270,"column":16},"end":{"line":308,"column":null}}},"fnMap":{"0":{"name":"formatNZD","decl":{"start":{"line":70,"column":9},"end":{"line":70,"column":19}},"loc":{"start":{"line":70,"column":34},"end":{"line":74,"column":null}},"line":70},"1":{"name":"statusTag","decl":{"start":{"line":76,"column":9},"end":{"line":76,"column":19}},"loc":{"start":{"line":76,"column":35},"end":{"line":83,"column":null}},"line":76},"2":{"name":"timeAgo","decl":{"start":{"line":85,"column":9},"end":{"line":85,"column":17}},"loc":{"start":{"line":85,"column":30},"end":{"line":92,"column":null}},"line":85},"3":{"name":"DashboardView","decl":{"start":{"line":94,"column":16},"end":{"line":94,"column":30}},"loc":{"start":{"line":94,"column":85},"end":{"line":392,"column":null}},"line":94},"4":{"name":"(anonymous_4)","decl":{"start":{"line":101,"column":4},"end":{"line":101,"column":12}},"loc":{"start":{"line":101,"column":18},"end":{"line":101,"column":29}},"line":101},"5":{"name":"(anonymous_5)","decl":{"start":{"line":204,"column":18},"end":{"line":204,"column":30}},"loc":{"start":{"line":204,"column":36},"end":{"line":204,"column":null}},"line":204},"6":{"name":"(anonymous_6)","decl":{"start":{"line":228,"column":29},"end":{"line":228,"column":34}},"loc":{"start":{"line":229,"column":22},"end":{"line":229,"column":null}},"line":229},"7":{"name":"(anonymous_7)","decl":{"start":{"line":233,"column":20},"end":{"line":233,"column":32}},"loc":{"start":{"line":233,"column":44},"end":{"line":233,"column":null}},"line":233},"8":{"name":"(anonymous_8)","decl":{"start":{"line":269,"column":14},"end":{"line":269,"column":27}},"loc":{"start":{"line":270,"column":16},"end":{"line":308,"column":null}},"line":270}},"branchMap":{"0":{"loc":{"start":{"line":71,"column":2},"end":{"line":71,"column":null}},"type":"if","locations":[{"start":{"line":71,"column":2},"end":{"line":71,"column":null}},{"start":{},"end":{}}],"line":71},"1":{"loc":{"start":{"line":72,"column":2},"end":{"line":72,"column":null}},"type":"if","locations":[{"start":{"line":72,"column":2},"end":{"line":72,"column":null}},{"start":{},"end":{}}],"line":72},"2":{"loc":{"start":{"line":77,"column":16},"end":{"line":77,"column":null}},"type":"binary-expr","locations":[{"start":{"line":77,"column":16},"end":{"line":77,"column":41}},{"start":{"line":77,"column":41},"end":{"line":77,"column":null}}],"line":77},"3":{"loc":{"start":{"line":80,"column":7},"end":{"line":80,"column":null}},"type":"binary-expr","locations":[{"start":{"line":80,"column":7},"end":{"line":80,"column":32}},{"start":{"line":80,"column":32},"end":{"line":80,"column":null}}],"line":80},"4":{"loc":{"start":{"line":88,"column":2},"end":{"line":88,"column":null}},"type":"if","locations":[{"start":{"line":88,"column":2},"end":{"line":88,"column":null}},{"start":{},"end":{}}],"line":88},"5":{"loc":{"start":{"line":90,"column":2},"end":{"line":90,"column":null}},"type":"if","locations":[{"start":{"line":90,"column":2},"end":{"line":90,"column":null}},{"start":{},"end":{}}],"line":90},"6":{"loc":{"start":{"line":180,"column":35},"end":{"line":180,"column":88}},"type":"cond-expr","locations":[{"start":{"line":180,"column":65},"end":{"line":180,"column":77}},{"start":{"line":180,"column":77},"end":{"line":180,"column":88}}],"line":180},"7":{"loc":{"start":{"line":216,"column":13},"end":{"line":246,"column":null}},"type":"cond-expr","locations":[{"start":{"line":217,"column":14},"end":{"line":244,"column":15}},{"start":{"line":244,"column":14},"end":{"line":246,"column":null}}],"line":216},"8":{"loc":{"start":{"line":297,"column":25},"end":{"line":298,"column":null}},"type":"binary-expr","locations":[{"start":{"line":297,"column":25},"end":{"line":297,"column":43}},{"start":{"line":297,"column":43},"end":{"line":298,"column":null}}],"line":297},"9":{"loc":{"start":{"line":346,"column":21},"end":{"line":349,"column":null}},"type":"binary-expr","locations":[{"start":{"line":346,"column":21},"end":{"line":346,"column":null}},{"start":{"line":347,"column":22},"end":{"line":349,"column":null}}],"line":346},"10":{"loc":{"start":{"line":353,"column":15},"end":{"line":370,"column":null}},"type":"binary-expr","locations":[{"start":{"line":353,"column":15},"end":{"line":353,"column":null}},{"start":{"line":354,"column":16},"end":{"line":370,"column":null}}],"line":353}},"s":{"0":0,"1":0,"2":0,"3":0,"4":0,"5":0,"6":0,"7":0,"8":0,"9":0,"10":0,"11":0,"12":0,"13":0,"14":0,"15":0,"16":0,"17":0,"18":0,"19":0,"20":0,"21":0,"22":0,"23":0,"24":0,"25":0,"26":0},"f":{"0":0,"1":0,"2":0,"3":0,"4":0,"5":0,"6":0,"7":0,"8":0},"b":{"0":[0,0],"1":[0,0],"2":[0,0],"3":[0,0],"4":[0,0],"5":[0,0],"6":[0,0],"7":[0,0],"8":[0,0],"9":[0,0],"10":[0,0]},"meta":{"lastBranch":11,"lastFunction":9,"lastStatement":27,"seen":{"s:1:0:1:Infinity":0,"s:29:35:29:Infinity":1,"s:31:46:37:Infinity":2,"s:39:46:45:Infinity":3,"f:70:9:70:19":0,"b:71:2:71:Infinity:undefined:undefined:undefined:undefined":0,"s:71:2:71:Infinity":4,"s:71:26:71:Infinity":5,"b:72:2:72:Infinity:undefined:undefined:undefined:undefined":1,"s:72:2:72:Infinity":6,"s:72:22:72:Infinity":7,"s:73:2:73:Infinity":8,"f:76:9:76:19":1,"s:77:16:77:Infinity":9,"b:77:16:77:41:77:41:77:Infinity":2,"s:78:2:81:Infinity":10,"b:80:7:80:32:80:32:80:Infinity":3,"f:85:9:85:17":2,"s:86:13:86:Infinity":11,"s:87:15:87:Infinity":12,"b:88:2:88:Infinity:undefined:undefined:undefined:undefined":4,"s:88:2:88:Infinity":13,"s:88:17:88:Infinity":14,"s:89:16:89:Infinity":15,"b:90:2:90:Infinity:undefined:undefined:undefined:undefined":5,"s:90:2:90:Infinity":16,"s:90:18:90:Infinity":17,"s:91:2:91:Infinity":18,"f:94:16:94:30":3,"s:95:18:101:Infinity":19,"f:101:4:101:12":4,"s:101:18:101:29":20,"s:103:24:103:Infinity":21,"s:105:2:390:Infinity":22,"b:180:65:180:77:180:77:180:88":6,"f:204:18:204:30":5,"s:204:36:204:Infinity":23,"b:217:14:244:15:244:14:246:Infinity":7,"f:228:29:228:34":6,"s:229:22:229:Infinity":24,"f:233:20:233:32":7,"s:233:44:233:Infinity":25,"f:269:14:269:27":8,"s:270:16:308:Infinity":26,"b:297:25:297:43:297:43:298:Infinity":8,"b:346:21:346:Infinity:347:22:349:Infinity":9,"b:353:15:353:Infinity:354:16:370:Infinity":10},"fnNames":{}}}
,"D:\\Coding\\bm-order-confirmation\\src\\app\\admin\\dashboard\\page.tsx": {"path":"D:\\Coding\\bm-order-confirmation\\src\\app\\admin\\dashboard\\page.tsx","statementMap":{"0":{"start":{"line":7,"column":23},"end":{"line":7,"column":null}},"1":{"start":{"line":8,"column":2},"end":{"line":8,"column":null}},"2":{"start":{"line":9,"column":2},"end":{"line":9,"column":null}},"3":{"start":{"line":11,"column":55},"end":{"line":40,"column":null}},"4":{"start":{"line":17,"column":19},"end":{"line":17,"column":23}},"5":{"start":{"line":42,"column":14},"end":{"line":42,"column":null}},"6":{"start":{"line":42,"column":54},"end":{"line":42,"column":81}},"7":{"start":{"line":43,"column":17},"end":{"line":50,"column":null}},"8":{"start":{"line":49,"column":38},"end":{"line":49,"column":59}},"9":{"start":{"line":53,"column":19},"end":{"line":53,"column":null}},"10":{"start":{"line":53,"column":59},"end":{"line":53,"column":75}},"11":{"start":{"line":54,"column":16},"end":{"line":60,"column":null}},"12":{"start":{"line":55,"column":14},"end":{"line":55,"column":null}},"13":{"start":{"line":56,"column":4},"end":{"line":56,"column":null}},"14":{"start":{"line":57,"column":16},"end":{"line":57,"column":null}},"15":{"start":{"line":58,"column":18},"end":{"line":58,"column":null}},"16":{"start":{"line":59,"column":4},"end":{"line":59,"column":null}},"17":{"start":{"line":62,"column":2},"end":{"line":70,"column":null}},"18":{"start":{"line":65,"column":41},"end":{"line":68,"column":6}},"19":{"start":{"line":74,"column":15},"end":{"line":74,"column":null}},"20":{"start":{"line":75,"column":2},"end":{"line":75,"column":null}}},"fnMap":{"0":{"name":"getDashboardData","decl":{"start":{"line":6,"column":15},"end":{"line":6,"column":34}},"loc":{"start":{"line":6,"column":34},"end":{"line":71,"column":null}},"line":6},"1":{"name":"(anonymous_1)","decl":{"start":{"line":17,"column":7},"end":{"line":17,"column":13}},"loc":{"start":{"line":17,"column":19},"end":{"line":17,"column":23}},"line":17},"2":{"name":"(anonymous_2)","decl":{"start":{"line":42,"column":43},"end":{"line":42,"column":48}},"loc":{"start":{"line":42,"column":54},"end":{"line":42,"column":81}},"line":42},"3":{"name":"(anonymous_3)","decl":{"start":{"line":49,"column":21},"end":{"line":49,"column":29}},"loc":{"start":{"line":49,"column":38},"end":{"line":49,"column":59}},"line":49},"4":{"name":"(anonymous_4)","decl":{"start":{"line":53,"column":48},"end":{"line":53,"column":53}},"loc":{"start":{"line":53,"column":59},"end":{"line":53,"column":75}},"line":53},"5":{"name":"(anonymous_5)","decl":{"start":{"line":54,"column":39},"end":{"line":54,"column":43}},"loc":{"start":{"line":54,"column":52},"end":{"line":60,"column":3}},"line":54},"6":{"name":"(anonymous_6)","decl":{"start":{"line":65,"column":29},"end":{"line":65,"column":34}},"loc":{"start":{"line":65,"column":41},"end":{"line":68,"column":6}},"line":65},"7":{"name":"DashboardPage","decl":{"start":{"line":73,"column":30},"end":{"line":73,"column":46}},"loc":{"start":{"line":73,"column":46},"end":{"line":76,"column":null}},"line":73}},"branchMap":{"0":{"loc":{"start":{"line":44,"column":11},"end":{"line":44,"column":null}},"type":"binary-expr","locations":[{"start":{"line":44,"column":11},"end":{"line":44,"column":24}},{"start":{"line":44,"column":24},"end":{"line":44,"column":null}}],"line":44},"1":{"loc":{"start":{"line":45,"column":10},"end":{"line":45,"column":null}},"type":"binary-expr","locations":[{"start":{"line":45,"column":10},"end":{"line":45,"column":22}},{"start":{"line":45,"column":22},"end":{"line":45,"column":null}}],"line":45},"2":{"loc":{"start":{"line":46,"column":12},"end":{"line":46,"column":null}},"type":"binary-expr","locations":[{"start":{"line":46,"column":12},"end":{"line":46,"column":26}},{"start":{"line":46,"column":26},"end":{"line":46,"column":null}}],"line":46},"3":{"loc":{"start":{"line":47,"column":15},"end":{"line":47,"column":null}},"type":"binary-expr","locations":[{"start":{"line":47,"column":15},"end":{"line":47,"column":32}},{"start":{"line":47,"column":32},"end":{"line":47,"column":null}}],"line":47},"4":{"loc":{"start":{"line":48,"column":22},"end":{"line":48,"column":null}},"type":"binary-expr","locations":[{"start":{"line":48,"column":22},"end":{"line":48,"column":47}},{"start":{"line":48,"column":47},"end":{"line":48,"column":null}}],"line":48},"5":{"loc":{"start":{"line":59,"column":38},"end":{"line":59,"column":57}},"type":"binary-expr","locations":[{"start":{"line":59,"column":38},"end":{"line":59,"column":55}},{"start":{"line":59,"column":55},"end":{"line":59,"column":57}}],"line":59},"6":{"loc":{"start":{"line":64,"column":19},"end":{"line":64,"column":null}},"type":"cond-expr","locations":[{"start":{"line":64,"column":37},"end":{"line":64,"column":62}},{"start":{"line":64,"column":62},"end":{"line":64,"column":null}}],"line":64}},"s":{"0":0,"1":0,"2":0,"3":0,"4":0,"5":0,"6":0,"7":0,"8":0,"9":0,"10":0,"11":0,"12":0,"13":0,"14":0,"15":0,"16":0,"17":0,"18":0,"19":0,"20":0},"f":{"0":0,"1":0,"2":0,"3":0,"4":0,"5":0,"6":0,"7":0},"b":{"0":[0,0],"1":[0,0],"2":[0,0],"3":[0,0],"4":[0,0],"5":[0,0],"6":[0,0]},"meta":{"lastBranch":7,"lastFunction":8,"lastStatement":21,"seen":{"f:6:15:6:34":0,"s:7:23:7:Infinity":0,"s:8:2:8:Infinity":1,"s:9:2:9:Infinity":2,"s:11:55:40:Infinity":3,"f:17:7:17:13":1,"s:17:19:17:23":4,"s:42:14:42:Infinity":5,"f:42:43:42:48":2,"s:42:54:42:81":6,"s:43:17:50:Infinity":7,"b:44:11:44:24:44:24:44:Infinity":0,"b:45:10:45:22:45:22:45:Infinity":1,"b:46:12:46:26:46:26:46:Infinity":2,"b:47:15:47:32:47:32:47:Infinity":3,"b:48:22:48:47:48:47:48:Infinity":4,"f:49:21:49:29":3,"s:49:38:49:59":8,"s:53:19:53:Infinity":9,"f:53:48:53:53":4,"s:53:59:53:75":10,"s:54:16:60:Infinity":11,"f:54:39:54:43":5,"s:55:14:55:Infinity":12,"s:56:4:56:Infinity":13,"s:57:16:57:Infinity":14,"s:58:18:58:Infinity":15,"s:59:4:59:Infinity":16,"b:59:38:59:55:59:55:59:57":5,"s:62:2:70:Infinity":17,"b:64:37:64:62:64:62:64:Infinity":6,"f:65:29:65:34":6,"s:65:41:68:6":18,"f:73:30:73:46":7,"s:74:15:74:Infinity":19,"s:75:2:75:Infinity":20},"fnNames":{}}}
,"D:\\Coding\\bm-order-confirmation\\src\\app\\admin\\orders\\OrdersView.tsx": {"path":"D:\\Coding\\bm-order-confirmation\\src\\app\\admin\\orders\\OrdersView.tsx","statementMap":{"0":{"start":{"line":1,"column":0},"end":{"line":1,"column":null}},"1":{"start":{"line":31,"column":20},"end":{"line":38,"column":null}},"2":{"start":{"line":41,"column":8},"end":{"line":41,"column":null}},"3":{"start":{"line":42,"column":8},"end":{"line":42,"column":null}},"4":{"start":{"line":43,"column":17},"end":{"line":43,"column":null}},"5":{"start":{"line":44,"column":16},"end":{"line":44,"column":null}},"6":{"start":{"line":45,"column":18},"end":{"line":45,"column":null}},"7":{"start":{"line":46,"column":17},"end":{"line":46,"column":null}},"8":{"start":{"line":47,"column":26},"end":{"line":47,"column":null}},"9":{"start":{"line":48,"column":17},"end":{"line":48,"column":null}},"10":{"start":{"line":48,"column":45},"end":{"line":48,"column":77}},"11":{"start":{"line":49,"column":15},"end":{"line":49,"column":null}},"12":{"start":{"line":50,"column":20},"end":{"line":50,"column":null}},"13":{"start":{"line":53,"column":2},"end":{"line":56,"column":null}},"14":{"start":{"line":54,"column":14},"end":{"line":54,"column":null}},"15":{"start":{"line":54,"column":31},"end":{"line":54,"column":59}},"16":{"start":{"line":55,"column":4},"end":{"line":55,"column":null}},"17":{"start":{"line":55,"column":17},"end":{"line":55,"column":null}},"18":{"start":{"line":58,"column":8},"end":{"line":78,"column":null}},"19":{"start":{"line":59,"column":4},"end":{"line":59,"column":null}},"20":{"start":{"line":60,"column":4},"end":{"line":77,"column":null}},"21":{"start":{"line":61,"column":21},"end":{"line":64,"column":null}},"22":{"start":{"line":65,"column":6},"end":{"line":65,"column":null}},"23":{"start":{"line":65,"column":18},"end":{"line":65,"column":null}},"24":{"start":{"line":66,"column":6},"end":{"line":66,"column":null}},"25":{"start":{"line":66,"column":27},"end":{"line":66,"column":null}},"26":{"start":{"line":68,"column":18},"end":{"line":68,"column":null}},"27":{"start":{"line":69,"column":6},"end":{"line":69,"column":null}},"28":{"start":{"line":69,"column":19},"end":{"line":69,"column":null}},"29":{"start":{"line":70,"column":58},"end":{"line":70,"column":null}},"30":{"start":{"line":71,"column":6},"end":{"line":71,"column":null}},"31":{"start":{"line":72,"column":6},"end":{"line":72,"column":null}},"32":{"start":{"line":76,"column":6},"end":{"line":76,"column":null}},"33":{"start":{"line":80,"column":2},"end":{"line":82,"column":null}},"34":{"start":{"line":81,"column":4},"end":{"line":81,"column":null}},"35":{"start":{"line":85,"column":2},"end":{"line":87,"column":null}},"36":{"start":{"line":86,"column":4},"end":{"line":86,"column":null}},"37":{"start":{"line":89,"column":42},"end":{"line":143,"column":null}},"38":{"start":{"line":95,"column":8},"end":{"line":97,"column":null}},"39":{"start":{"line":104,"column":8},"end":{"line":109,"column":null}},"40":{"start":{"line":115,"column":38},"end":{"line":115,"column":null}},"41":{"start":{"line":121,"column":31},"end":{"line":121,"column":null}},"42":{"start":{"line":128,"column":8},"end":{"line":130,"column":null}},"43":{"start":{"line":137,"column":8},"end":{"line":141,"column":null}},"44":{"start":{"line":145,"column":2},"end":{"line":209,"column":null}},"45":{"start":{"line":176,"column":29},"end":{"line":176,"column":null}},"46":{"start":{"line":184,"column":29},"end":{"line":184,"column":null}},"47":{"start":{"line":185,"column":41},"end":{"line":185,"column":72}},"48":{"start":{"line":198,"column":29},"end":{"line":198,"column":null}},"49":{"start":{"line":200,"column":30},"end":{"line":200,"column":null}},"50":{"start":{"line":202,"column":30},"end":{"line":205,"column":null}},"51":{"start":{"line":203,"column":27},"end":{"line":203,"column":null}}},"fnMap":{"0":{"name":"OrdersView","decl":{"start":{"line":40,"column":16},"end":{"line":40,"column":29}},"loc":{"start":{"line":40,"column":29},"end":{"line":211,"column":null}},"line":40},"1":{"name":"(anonymous_1)","decl":{"start":{"line":48,"column":30},"end":{"line":48,"column":45}},"loc":{"start":{"line":48,"column":45},"end":{"line":48,"column":77}},"line":48},"2":{"name":"(anonymous_2)","decl":{"start":{"line":53,"column":2},"end":{"line":53,"column":18}},"loc":{"start":{"line":53,"column":18},"end":{"line":56,"column":5}},"line":53},"3":{"name":"(anonymous_3)","decl":{"start":{"line":54,"column":14},"end":{"line":54,"column":31}},"loc":{"start":{"line":54,"column":31},"end":{"line":54,"column":59}},"line":54},"4":{"name":"(anonymous_4)","decl":{"start":{"line":55,"column":4},"end":{"line":55,"column":17}},"loc":{"start":{"line":55,"column":17},"end":{"line":55,"column":null}},"line":55},"5":{"name":"(anonymous_5)","decl":{"start":{"line":58,"column":34},"end":{"line":58,"column":46}},"loc":{"start":{"line":58,"column":46},"end":{"line":78,"column":5}},"line":58},"6":{"name":"(anonymous_6)","decl":{"start":{"line":80,"column":2},"end":{"line":80,"column":18}},"loc":{"start":{"line":80,"column":18},"end":{"line":82,"column":5}},"line":80},"7":{"name":"(anonymous_7)","decl":{"start":{"line":85,"column":2},"end":{"line":85,"column":18}},"loc":{"start":{"line":85,"column":18},"end":{"line":87,"column":5}},"line":85},"8":{"name":"(anonymous_8)","decl":{"start":{"line":94,"column":6},"end":{"line":94,"column":15}},"loc":{"start":{"line":95,"column":8},"end":{"line":97,"column":null}},"line":95},"9":{"name":"(anonymous_9)","decl":{"start":{"line":103,"column":6},"end":{"line":103,"column":15}},"loc":{"start":{"line":104,"column":8},"end":{"line":109,"column":null}},"line":104},"10":{"name":"(anonymous_10)","decl":{"start":{"line":115,"column":6},"end":{"line":115,"column":15}},"loc":{"start":{"line":115,"column":38},"end":{"line":115,"column":null}},"line":115},"11":{"name":"(anonymous_11)","decl":{"start":{"line":121,"column":6},"end":{"line":121,"column":15}},"loc":{"start":{"line":121,"column":31},"end":{"line":121,"column":null}},"line":121},"12":{"name":"(anonymous_12)","decl":{"start":{"line":127,"column":6},"end":{"line":127,"column":15}},"loc":{"start":{"line":128,"column":8},"end":{"line":130,"column":null}},"line":128},"13":{"name":"(anonymous_13)","decl":{"start":{"line":136,"column":6},"end":{"line":136,"column":15}},"loc":{"start":{"line":137,"column":8},"end":{"line":141,"column":null}},"line":137},"14":{"name":"(anonymous_14)","decl":{"start":{"line":176,"column":12},"end":{"line":176,"column":23}},"loc":{"start":{"line":176,"column":29},"end":{"line":176,"column":null}},"line":176},"15":{"name":"(anonymous_15)","decl":{"start":{"line":184,"column":10},"end":{"line":184,"column":21}},"loc":{"start":{"line":184,"column":29},"end":{"line":184,"column":null}},"line":184},"16":{"name":"(anonymous_16)","decl":{"start":{"line":185,"column":29},"end":{"line":185,"column":34}},"loc":{"start":{"line":185,"column":41},"end":{"line":185,"column":72}},"line":185},"17":{"name":"(anonymous_17)","decl":{"start":{"line":198,"column":12},"end":{"line":198,"column":23}},"loc":{"start":{"line":198,"column":29},"end":{"line":198,"column":null}},"line":198},"18":{"name":"(anonymous_18)","decl":{"start":{"line":200,"column":12},"end":{"line":200,"column":24}},"loc":{"start":{"line":200,"column":30},"end":{"line":200,"column":null}},"line":200},"19":{"name":"(anonymous_19)","decl":{"start":{"line":202,"column":10},"end":{"line":202,"column":18}},"loc":{"start":{"line":202,"column":30},"end":{"line":205,"column":null}},"line":202},"20":{"name":"(anonymous_20)","decl":{"start":{"line":203,"column":12},"end":{"line":203,"column":27}},"loc":{"start":{"line":203,"column":27},"end":{"line":203,"column":null}},"line":203}},"branchMap":{"0":{"loc":{"start":{"line":48,"column":45},"end":{"line":48,"column":77}},"type":"binary-expr","locations":[{"start":{"line":48,"column":45},"end":{"line":48,"column":75}},{"start":{"line":48,"column":75},"end":{"line":48,"column":77}}],"line":48},"1":{"loc":{"start":{"line":65,"column":6},"end":{"line":65,"column":null}},"type":"if","locations":[{"start":{"line":65,"column":6},"end":{"line":65,"column":null}},{"start":{},"end":{}}],"line":65},"2":{"loc":{"start":{"line":66,"column":6},"end":{"line":66,"column":null}},"type":"if","locations":[{"start":{"line":66,"column":6},"end":{"line":66,"column":null}},{"start":{},"end":{}}],"line":66},"3":{"loc":{"start":{"line":69,"column":6},"end":{"line":69,"column":null}},"type":"if","locations":[{"start":{"line":69,"column":6},"end":{"line":69,"column":null}},{"start":{},"end":{}}],"line":69},"4":{"loc":{"start":{"line":115,"column":38},"end":{"line":115,"column":null}},"type":"binary-expr","locations":[{"start":{"line":115,"column":38},"end":{"line":115,"column":45}},{"start":{"line":115,"column":45},"end":{"line":115,"column":null}}],"line":115},"5":{"loc":{"start":{"line":128,"column":8},"end":{"line":130,"column":null}},"type":"cond-expr","locations":[{"start":{"line":129,"column":12},"end":{"line":129,"column":null}},{"start":{"line":130,"column":12},"end":{"line":130,"column":null}}],"line":128},"6":{"loc":{"start":{"line":129,"column":15},"end":{"line":129,"column":50}},"type":"binary-expr","locations":[{"start":{"line":129,"column":15},"end":{"line":129,"column":44}},{"start":{"line":129,"column":44},"end":{"line":129,"column":50}}],"line":129},"7":{"loc":{"start":{"line":160,"column":26},"end":{"line":160,"column":49}},"type":"cond-expr","locations":[{"start":{"line":160,"column":40},"end":{"line":160,"column":46}},{"start":{"line":160,"column":46},"end":{"line":160,"column":49}}],"line":160}},"s":{"0":0,"1":0,"2":0,"3":0,"4":0,"5":0,"6":0,"7":0,"8":0,"9":0,"10":0,"11":0,"12":0,"13":0,"14":0,"15":0,"16":0,"17":0,"18":0,"19":0,"20":0,"21":0,"22":0,"23":0,"24":0,"25":0,"26":0,"27":0,"28":0,"29":0,"30":0,"31":0,"32":0,"33":0,"34":0,"35":0,"36":0,"37":0,"38":0,"39":0,"40":0,"41":0,"42":0,"43":0,"44":0,"45":0,"46":0,"47":0,"48":0,"49":0,"50":0,"51":0},"f":{"0":0,"1":0,"2":0,"3":0,"4":0,"5":0,"6":0,"7":0,"8":0,"9":0,"10":0,"11":0,"12":0,"13":0,"14":0,"15":0,"16":0,"17":0,"18":0,"19":0,"20":0},"b":{"0":[0,0],"1":[0,0],"2":[0,0],"3":[0,0],"4":[0,0],"5":[0,0],"6":[0,0],"7":[0,0]},"meta":{"lastBranch":8,"lastFunction":21,"lastStatement":52,"seen":{"s:1:0:1:Infinity":0,"s:31:20:38:Infinity":1,"f:40:16:40:29":0,"s:41:8:41:Infinity":2,"s:42:8:42:Infinity":3,"s:43:17:43:Infinity":4,"s:44:16:44:Infinity":5,"s:45:18:45:Infinity":6,"s:46:17:46:Infinity":7,"s:47:26:47:Infinity":8,"s:48:17:48:Infinity":9,"f:48:30:48:45":1,"s:48:45:48:77":10,"b:48:45:48:75:48:75:48:77":0,"s:49:15:49:Infinity":11,"s:50:20:50:Infinity":12,"s:53:2:56:Infinity":13,"f:53:2:53:18":2,"s:54:14:54:Infinity":14,"f:54:14:54:31":3,"s:54:31:54:59":15,"s:55:4:55:Infinity":16,"f:55:4:55:17":4,"s:55:17:55:Infinity":17,"s:58:8:78:Infinity":18,"f:58:34:58:46":5,"s:59:4:59:Infinity":19,"s:60:4:77:Infinity":20,"s:61:21:64:Infinity":21,"b:65:6:65:Infinity:undefined:undefined:undefined:undefined":1,"s:65:6:65:Infinity":22,"s:65:18:65:Infinity":23,"b:66:6:66:Infinity:undefined:undefined:undefined:undefined":2,"s:66:6:66:Infinity":24,"s:66:27:66:Infinity":25,"s:68:18:68:Infinity":26,"b:69:6:69:Infinity:undefined:undefined:undefined:undefined":3,"s:69:6:69:Infinity":27,"s:69:19:69:Infinity":28,"s:70:58:70:Infinity":29,"s:71:6:71:Infinity":30,"s:72:6:72:Infinity":31,"s:76:6:76:Infinity":32,"s:80:2:82:Infinity":33,"f:80:2:80:18":6,"s:81:4:81:Infinity":34,"s:85:2:87:Infinity":35,"f:85:2:85:18":7,"s:86:4:86:Infinity":36,"s:89:42:143:Infinity":37,"f:94:6:94:15":8,"s:95:8:97:Infinity":38,"f:103:6:103:15":9,"s:104:8:109:Infinity":39,"f:115:6:115:15":10,"s:115:38:115:Infinity":40,"b:115:38:115:45:115:45:115:Infinity":4,"f:121:6:121:15":11,"s:121:31:121:Infinity":41,"f:127:6:127:15":12,"s:128:8:130:Infinity":42,"b:129:12:129:Infinity:130:12:130:Infinity":5,"b:129:15:129:44:129:44:129:50":6,"f:136:6:136:15":13,"s:137:8:141:Infinity":43,"s:145:2:209:Infinity":44,"b:160:40:160:46:160:46:160:49":7,"f:176:12:176:23":14,"s:176:29:176:Infinity":45,"f:184:10:184:21":15,"s:184:29:184:Infinity":46,"f:185:29:185:34":16,"s:185:41:185:72":47,"f:198:12:198:23":17,"s:198:29:198:Infinity":48,"f:200:12:200:24":18,"s:200:30:200:Infinity":49,"f:202:10:202:18":19,"s:202:30:205:Infinity":50,"f:203:12:203:27":20,"s:203:27:203:Infinity":51},"fnNames":{}}}
,"D:\\Coding\\bm-order-confirmation\\src\\app\\admin\\orders\\page.tsx": {"path":"D:\\Coding\\bm-order-confirmation\\src\\app\\admin\\orders\\page.tsx","statementMap":{"0":{"start":{"line":5,"column":2},"end":{"line":8,"column":null}}},"fnMap":{"0":{"name":"OrdersPage","decl":{"start":{"line":4,"column":24},"end":{"line":4,"column":37}},"loc":{"start":{"line":4,"column":37},"end":{"line":10,"column":null}},"line":4}},"branchMap":{},"s":{"0":0},"f":{"0":0},"b":{},"meta":{"lastBranch":0,"lastFunction":1,"lastStatement":1,"seen":{"f:4:24:4:37":0,"s:5:2:8:Infinity":0},"fnNames":{}}}
,"D:\\Coding\\bm-order-confirmation\\src\\app\\admin\\orders\\[id]\\OrderDetailView.tsx": {"path":"D:\\Coding\\bm-order-confirmation\\src\\app\\admin\\orders\\[id]\\OrderDetailView.tsx","statementMap":{"0":{"start":{"line":1,"column":0},"end":{"line":1,"column":null}},"1":{"start":{"line":85,"column":22},"end":{"line":85,"column":null}},"2":{"start":{"line":86,"column":8},"end":{"line":86,"column":null}},"3":{"start":{"line":87,"column":8},"end":{"line":87,"column":null}},"4":{"start":{"line":88,"column":21},"end":{"line":88,"column":null}},"5":{"start":{"line":89,"column":17},"end":{"line":89,"column":null}},"6":{"start":{"line":90,"column":17},"end":{"line":90,"column":null}},"7":{"start":{"line":91,"column":19},"end":{"line":91,"column":null}},"8":{"start":{"line":92,"column":24},"end":{"line":92,"column":null}},"9":{"start":{"line":94,"column":50},"end":{"line":106,"column":null}},"10":{"start":{"line":110,"column":4},"end":{"line":114,"column":null}},"11":{"start":{"line":111,"column":6},"end":{"line":111,"column":null}},"12":{"start":{"line":113,"column":6},"end":{"line":113,"column":null}},"13":{"start":{"line":116,"column":4},"end":{"line":116,"column":null}},"14":{"start":{"line":117,"column":4},"end":{"line":145,"column":null}},"15":{"start":{"line":118,"column":12},"end":{"line":118,"column":null}},"16":{"start":{"line":119,"column":19},"end":{"line":131,"column":null}},"17":{"start":{"line":133,"column":18},"end":{"line":137,"column":null}},"18":{"start":{"line":139,"column":6},"end":{"line":139,"column":null}},"19":{"start":{"line":139,"column":19},"end":{"line":139,"column":null}},"20":{"start":{"line":140,"column":6},"end":{"line":140,"column":null}},"21":{"start":{"line":142,"column":6},"end":{"line":142,"column":null}},"22":{"start":{"line":144,"column":6},"end":{"line":144,"column":null}},"23":{"start":{"line":149,"column":4},"end":{"line":149,"column":null}},"24":{"start":{"line":150,"column":4},"end":{"line":161,"column":null}},"25":{"start":{"line":151,"column":18},"end":{"line":151,"column":null}},"26":{"start":{"line":152,"column":6},"end":{"line":155,"column":null}},"27":{"start":{"line":153,"column":20},"end":{"line":153,"column":null}},"28":{"start":{"line":153,"column":50},"end":{"line":153,"column":53}},"29":{"start":{"line":154,"column":8},"end":{"line":154,"column":null}},"30":{"start":{"line":156,"column":6},"end":{"line":156,"column":null}},"31":{"start":{"line":157,"column":6},"end":{"line":157,"column":null}},"32":{"start":{"line":159,"column":6},"end":{"line":159,"column":null}},"33":{"start":{"line":160,"column":6},"end":{"line":160,"column":null}},"34":{"start":{"line":165,"column":4},"end":{"line":165,"column":null}},"35":{"start":{"line":167,"column":19},"end":{"line":252,"column":null}},"36":{"start":{"line":254,"column":2},"end":{"line":309,"column":null}}},"fnMap":{"0":{"name":"OrderDetailView","decl":{"start":{"line":84,"column":16},"end":{"line":84,"column":32}},"loc":{"start":{"line":84,"column":50},"end":{"line":311,"column":null}},"line":84},"1":{"name":"saveDetails","decl":{"start":{"line":108,"column":17},"end":{"line":108,"column":31}},"loc":{"start":{"line":108,"column":31},"end":{"line":146,"column":null}},"line":108},"2":{"name":"deleteOrder","decl":{"start":{"line":148,"column":17},"end":{"line":148,"column":31}},"loc":{"start":{"line":148,"column":31},"end":{"line":162,"column":null}},"line":148},"3":{"name":"(anonymous_3)","decl":{"start":{"line":153,"column":37},"end":{"line":153,"column":50}},"loc":{"start":{"line":153,"column":50},"end":{"line":153,"column":53}},"line":153}},"branchMap":{"0":{"loc":{"start":{"line":88,"column":21},"end":{"line":88,"column":null}},"type":"binary-expr","locations":[{"start":{"line":88,"column":21},"end":{"line":88,"column":48}},{"start":{"line":88,"column":48},"end":{"line":88,"column":null}}],"line":88},"1":{"loc":{"start":{"line":97,"column":21},"end":{"line":97,"column":null}},"type":"binary-expr","locations":[{"start":{"line":97,"column":21},"end":{"line":97,"column":46}},{"start":{"line":97,"column":46},"end":{"line":97,"column":null}}],"line":97},"2":{"loc":{"start":{"line":98,"column":14},"end":{"line":98,"column":null}},"type":"binary-expr","locations":[{"start":{"line":98,"column":14},"end":{"line":98,"column":32}},{"start":{"line":98,"column":32},"end":{"line":98,"column":null}}],"line":98},"3":{"loc":{"start":{"line":99,"column":22},"end":{"line":99,"column":null}},"type":"cond-expr","locations":[{"start":{"line":99,"column":47},"end":{"line":99,"column":80}},{"start":{"line":99,"column":80},"end":{"line":99,"column":null}}],"line":99},"4":{"loc":{"start":{"line":100,"column":24},"end":{"line":100,"column":null}},"type":"binary-expr","locations":[{"start":{"line":100,"column":24},"end":{"line":100,"column":52}},{"start":{"line":100,"column":52},"end":{"line":100,"column":null}}],"line":100},"5":{"loc":{"start":{"line":101,"column":16},"end":{"line":101,"column":null}},"type":"binary-expr","locations":[{"start":{"line":101,"column":16},"end":{"line":101,"column":36}},{"start":{"line":101,"column":36},"end":{"line":101,"column":null}}],"line":101},"6":{"loc":{"start":{"line":102,"column":22},"end":{"line":102,"column":null}},"type":"binary-expr","locations":[{"start":{"line":102,"column":22},"end":{"line":102,"column":48}},{"start":{"line":102,"column":48},"end":{"line":102,"column":null}}],"line":102},"7":{"loc":{"start":{"line":103,"column":18},"end":{"line":103,"column":null}},"type":"binary-expr","locations":[{"start":{"line":103,"column":18},"end":{"line":103,"column":40}},{"start":{"line":103,"column":40},"end":{"line":103,"column":null}}],"line":103},"8":{"loc":{"start":{"line":104,"column":18},"end":{"line":104,"column":null}},"type":"binary-expr","locations":[{"start":{"line":104,"column":18},"end":{"line":104,"column":40}},{"start":{"line":104,"column":40},"end":{"line":104,"column":null}}],"line":104},"9":{"loc":{"start":{"line":122,"column":25},"end":{"line":122,"column":null}},"type":"binary-expr","locations":[{"start":{"line":122,"column":25},"end":{"line":122,"column":52}},{"start":{"line":122,"column":52},"end":{"line":122,"column":null}}],"line":122},"10":{"loc":{"start":{"line":123,"column":18},"end":{"line":123,"column":null}},"type":"binary-expr","locations":[{"start":{"line":123,"column":18},"end":{"line":123,"column":38}},{"start":{"line":123,"column":38},"end":{"line":123,"column":null}}],"line":123},"11":{"loc":{"start":{"line":124,"column":26},"end":{"line":124,"column":null}},"type":"cond-expr","locations":[{"start":{"line":124,"column":61},"end":{"line":124,"column":96}},{"start":{"line":124,"column":96},"end":{"line":124,"column":null}}],"line":124},"12":{"loc":{"start":{"line":126,"column":20},"end":{"line":126,"column":null}},"type":"binary-expr","locations":[{"start":{"line":126,"column":20},"end":{"line":126,"column":42}},{"start":{"line":126,"column":42},"end":{"line":126,"column":null}}],"line":126},"13":{"loc":{"start":{"line":127,"column":26},"end":{"line":127,"column":null}},"type":"binary-expr","locations":[{"start":{"line":127,"column":26},"end":{"line":127,"column":54}},{"start":{"line":127,"column":54},"end":{"line":127,"column":null}}],"line":127},"14":{"loc":{"start":{"line":128,"column":22},"end":{"line":128,"column":null}},"type":"binary-expr","locations":[{"start":{"line":128,"column":22},"end":{"line":128,"column":46}},{"start":{"line":128,"column":46},"end":{"line":128,"column":null}}],"line":128},"15":{"loc":{"start":{"line":129,"column":22},"end":{"line":129,"column":null}},"type":"binary-expr","locations":[{"start":{"line":129,"column":22},"end":{"line":129,"column":46}},{"start":{"line":129,"column":46},"end":{"line":129,"column":null}}],"line":129},"16":{"loc":{"start":{"line":139,"column":6},"end":{"line":139,"column":null}},"type":"if","locations":[{"start":{"line":139,"column":6},"end":{"line":139,"column":null}},{"start":{},"end":{}}],"line":139},"17":{"loc":{"start":{"line":152,"column":6},"end":{"line":155,"column":null}},"type":"if","locations":[{"start":{"line":152,"column":6},"end":{"line":155,"column":null}},{"start":{},"end":{}}],"line":152},"18":{"loc":{"start":{"line":154,"column":24},"end":{"line":154,"column":52}},"type":"binary-expr","locations":[{"start":{"line":154,"column":24},"end":{"line":154,"column":37}},{"start":{"line":154,"column":37},"end":{"line":154,"column":52}}],"line":154},"19":{"loc":{"start":{"line":159,"column":20},"end":{"line":159,"column":81}},"type":"cond-expr","locations":[{"start":{"line":159,"column":43},"end":{"line":159,"column":57}},{"start":{"line":159,"column":57},"end":{"line":159,"column":81}}],"line":159},"20":{"loc":{"start":{"line":165,"column":4},"end":{"line":165,"column":null}},"type":"binary-expr","locations":[{"start":{"line":165,"column":4},"end":{"line":165,"column":36}},{"start":{"line":165,"column":36},"end":{"line":165,"column":null}}],"line":165},"21":{"loc":{"start":{"line":173,"column":11},"end":{"line":183,"column":null}},"type":"binary-expr","locations":[{"start":{"line":173,"column":11},"end":{"line":173,"column":null}},{"start":{"line":174,"column":12},"end":{"line":183,"column":null}}],"line":173},"22":{"loc":{"start":{"line":179,"column":16},"end":{"line":181,"column":null}},"type":"cond-expr","locations":[{"start":{"line":180,"column":20},"end":{"line":180,"column":null}},{"start":{"line":181,"column":20},"end":{"line":181,"column":null}}],"line":179},"23":{"loc":{"start":{"line":185,"column":11},"end":{"line":199,"column":null}},"type":"binary-expr","locations":[{"start":{"line":185,"column":11},"end":{"line":185,"column":null}},{"start":{"line":186,"column":12},"end":{"line":199,"column":null}}],"line":185},"24":{"loc":{"start":{"line":190,"column":16},"end":{"line":192,"column":null}},"type":"cond-expr","locations":[{"start":{"line":191,"column":20},"end":{"line":191,"column":null}},{"start":{"line":192,"column":20},"end":{"line":192,"column":null}}],"line":190},"25":{"loc":{"start":{"line":195,"column":16},"end":{"line":197,"column":null}},"type":"cond-expr","locations":[{"start":{"line":196,"column":20},"end":{"line":196,"column":null}},{"start":{"line":197,"column":20},"end":{"line":197,"column":null}}],"line":195},"26":{"loc":{"start":{"line":211,"column":13},"end":{"line":224,"column":null}},"type":"binary-expr","locations":[{"start":{"line":211,"column":13},"end":{"line":211,"column":null}},{"start":{"line":212,"column":14},"end":{"line":224,"column":null}}],"line":211},"27":{"loc":{"start":{"line":243,"column":26},"end":{"line":243,"column":null}},"type":"binary-expr","locations":[{"start":{"line":243,"column":26},"end":{"line":243,"column":60}},{"start":{"line":243,"column":60},"end":{"line":243,"column":null}}],"line":243},"28":{"loc":{"start":{"line":280,"column":9},"end":{"line":281,"column":null}},"type":"binary-expr","locations":[{"start":{"line":280,"column":9},"end":{"line":280,"column":null}},{"start":{"line":281,"column":10},"end":{"line":281,"column":null}}],"line":280},"29":{"loc":{"start":{"line":283,"column":9},"end":{"line":284,"column":null}},"type":"binary-expr","locations":[{"start":{"line":283,"column":9},"end":{"line":283,"column":null}},{"start":{"line":284,"column":10},"end":{"line":284,"column":null}}],"line":283},"30":{"loc":{"start":{"line":287,"column":11},"end":{"line":295,"column":null}},"type":"binary-expr","locations":[{"start":{"line":287,"column":11},"end":{"line":287,"column":null}},{"start":{"line":288,"column":12},"end":{"line":295,"column":null}}],"line":287}},"s":{"0":0,"1":0,"2":0,"3":0,"4":0,"5":0,"6":0,"7":0,"8":0,"9":0,"10":0,"11":0,"12":0,"13":0,"14":0,"15":0,"16":0,"17":0,"18":0,"19":0,"20":0,"21":0,"22":0,"23":0,"24":0,"25":0,"26":0,"27":0,"28":0,"29":0,"30":0,"31":0,"32":0,"33":0,"34":0,"35":0,"36":0},"f":{"0":0,"1":0,"2":0,"3":0},"b":{"0":[0,0],"1":[0,0],"2":[0,0],"3":[0,0],"4":[0,0],"5":[0,0],"6":[0,0],"7":[0,0],"8":[0,0],"9":[0,0],"10":[0,0],"11":[0,0],"12":[0,0],"13":[0,0],"14":[0,0],"15":[0,0],"16":[0,0],"17":[0,0],"18":[0,0],"19":[0,0],"20":[0,0],"21":[0,0],"22":[0,0],"23":[0,0],"24":[0,0],"25":[0,0],"26":[0,0],"27":[0,0],"28":[0,0],"29":[0,0],"30":[0,0]},"meta":{"lastBranch":31,"lastFunction":4,"lastStatement":37,"seen":{"s:1:0:1:Infinity":0,"f:84:16:84:32":0,"s:85:22:85:Infinity":1,"s:86:8:86:Infinity":2,"s:87:8:87:Infinity":3,"s:88:21:88:Infinity":4,"b:88:21:88:48:88:48:88:Infinity":0,"s:89:17:89:Infinity":5,"s:90:17:90:Infinity":6,"s:91:19:91:Infinity":7,"s:92:24:92:Infinity":8,"s:94:50:106:Infinity":9,"b:97:21:97:46:97:46:97:Infinity":1,"b:98:14:98:32:98:32:98:Infinity":2,"b:99:47:99:80:99:80:99:Infinity":3,"b:100:24:100:52:100:52:100:Infinity":4,"b:101:16:101:36:101:36:101:Infinity":5,"b:102:22:102:48:102:48:102:Infinity":6,"b:103:18:103:40:103:40:103:Infinity":7,"b:104:18:104:40:104:40:104:Infinity":8,"f:108:17:108:31":1,"s:110:4:114:Infinity":10,"s:111:6:111:Infinity":11,"s:113:6:113:Infinity":12,"s:116:4:116:Infinity":13,"s:117:4:145:Infinity":14,"s:118:12:118:Infinity":15,"s:119:19:131:Infinity":16,"b:122:25:122:52:122:52:122:Infinity":9,"b:123:18:123:38:123:38:123:Infinity":10,"b:124:61:124:96:124:96:124:Infinity":11,"b:126:20:126:42:126:42:126:Infinity":12,"b:127:26:127:54:127:54:127:Infinity":13,"b:128:22:128:46:128:46:128:Infinity":14,"b:129:22:129:46:129:46:129:Infinity":15,"s:133:18:137:Infinity":17,"b:139:6:139:Infinity:undefined:undefined:undefined:undefined":16,"s:139:6:139:Infinity":18,"s:139:19:139:Infinity":19,"s:140:6:140:Infinity":20,"s:142:6:142:Infinity":21,"s:144:6:144:Infinity":22,"f:148:17:148:31":2,"s:149:4:149:Infinity":23,"s:150:4:161:Infinity":24,"s:151:18:151:Infinity":25,"b:152:6:155:Infinity:undefined:undefined:undefined:undefined":17,"s:152:6:155:Infinity":26,"s:153:20:153:Infinity":27,"f:153:37:153:50":3,"s:153:50:153:53":28,"s:154:8:154:Infinity":29,"b:154:24:154:37:154:37:154:52":18,"s:156:6:156:Infinity":30,"s:157:6:157:Infinity":31,"s:159:6:159:Infinity":32,"b:159:43:159:57:159:57:159:81":19,"s:160:6:160:Infinity":33,"s:165:4:165:Infinity":34,"b:165:4:165:36:165:36:165:Infinity":20,"s:167:19:252:Infinity":35,"b:173:11:173:Infinity:174:12:183:Infinity":21,"b:180:20:180:Infinity:181:20:181:Infinity":22,"b:185:11:185:Infinity:186:12:199:Infinity":23,"b:191:20:191:Infinity:192:20:192:Infinity":24,"b:196:20:196:Infinity:197:20:197:Infinity":25,"b:211:13:211:Infinity:212:14:224:Infinity":26,"b:243:26:243:60:243:60:243:Infinity":27,"s:254:2:309:Infinity":36,"b:280:9:280:Infinity:281:10:281:Infinity":28,"b:283:9:283:Infinity:284:10:284:Infinity":29,"b:287:11:287:Infinity:288:12:295:Infinity":30},"fnNames":{}}}
,"D:\\Coding\\bm-order-confirmation\\src\\app\\admin\\orders\\[id]\\page.tsx": {"path":"D:\\Coding\\bm-order-confirmation\\src\\app\\admin\\orders\\[id]\\page.tsx","statementMap":{"0":{"start":{"line":13,"column":2},"end":{"line":29,"column":null}},"1":{"start":{"line":14,"column":31},"end":{"line":28,"column":6}},"2":{"start":{"line":19,"column":20},"end":{"line":19,"column":null}},"3":{"start":{"line":20,"column":10},"end":{"line":24,"column":null}},"4":{"start":{"line":21,"column":12},"end":{"line":21,"column":null}},"5":{"start":{"line":25,"column":10},"end":{"line":25,"column":null}},"6":{"start":{"line":33,"column":17},"end":{"line":33,"column":null}},"7":{"start":{"line":34,"column":16},"end":{"line":34,"column":null}},"8":{"start":{"line":36,"column":2},"end":{"line":36,"column":null}},"9":{"start":{"line":36,"column":7},"end":{"line":36,"column":null}},"10":{"start":{"line":38,"column":69},"end":{"line":42,"column":null}},"11":{"start":{"line":44,"column":31},"end":{"line":96,"column":null}},"12":{"start":{"line":64,"column":35},"end":{"line":86,"column":6}},"13":{"start":{"line":70,"column":35},"end":{"line":77,"column":8}},"14":{"start":{"line":78,"column":37},"end":{"line":84,"column":8}},"15":{"start":{"line":85,"column":48},"end":{"line":85,"column":61}},"16":{"start":{"line":98,"column":2},"end":{"line":98,"column":null}}},"fnMap":{"0":{"name":"withSignedUrls","decl":{"start":{"line":10,"column":15},"end":{"line":10,"column":null}},"loc":{"start":{"line":12,"column":2},"end":{"line":30,"column":null}},"line":12},"1":{"name":"(anonymous_1)","decl":{"start":{"line":14,"column":17},"end":{"line":14,"column":24}},"loc":{"start":{"line":14,"column":31},"end":{"line":28,"column":6}},"line":14},"2":{"name":"(anonymous_2)","decl":{"start":{"line":18,"column":21},"end":{"line":18,"column":28}},"loc":{"start":{"line":18,"column":36},"end":{"line":26,"column":9}},"line":18},"3":{"name":"OrderDetailPage","decl":{"start":{"line":32,"column":30},"end":{"line":32,"column":46}},"loc":{"start":{"line":32,"column":65},"end":{"line":99,"column":null}},"line":32},"4":{"name":"(anonymous_4)","decl":{"start":{"line":64,"column":23},"end":{"line":64,"column":28}},"loc":{"start":{"line":64,"column":35},"end":{"line":86,"column":6}},"line":64},"5":{"name":"(anonymous_5)","decl":{"start":{"line":70,"column":23},"end":{"line":70,"column":28}},"loc":{"start":{"line":70,"column":35},"end":{"line":77,"column":8}},"line":70},"6":{"name":"(anonymous_6)","decl":{"start":{"line":78,"column":23},"end":{"line":78,"column":28}},"loc":{"start":{"line":78,"column":37},"end":{"line":84,"column":8}},"line":78},"7":{"name":"(anonymous_7)","decl":{"start":{"line":85,"column":37},"end":{"line":85,"column":42}},"loc":{"start":{"line":85,"column":48},"end":{"line":85,"column":61}},"line":85}},"branchMap":{"0":{"loc":{"start":{"line":16,"column":15},"end":{"line":16,"column":null}},"type":"cond-expr","locations":[{"start":{"line":16,"column":43},"end":{"line":16,"column":68}},{"start":{"line":16,"column":68},"end":{"line":16,"column":null}}],"line":16},"1":{"loc":{"start":{"line":36,"column":2},"end":{"line":36,"column":null}},"type":"if","locations":[{"start":{"line":36,"column":2},"end":{"line":36,"column":null}},{"start":{},"end":{}}],"line":36},"2":{"loc":{"start":{"line":40,"column":4},"end":{"line":40,"column":null}},"type":"cond-expr","locations":[{"start":{"line":40,"column":21},"end":{"line":40,"column":76}},{"start":{"line":40,"column":76},"end":{"line":40,"column":null}}],"line":40},"3":{"loc":{"start":{"line":41,"column":4},"end":{"line":41,"column":null}},"type":"cond-expr","locations":[{"start":{"line":41,"column":21},"end":{"line":41,"column":74}},{"start":{"line":41,"column":74},"end":{"line":41,"column":null}}],"line":41},"4":{"loc":{"start":{"line":49,"column":21},"end":{"line":49,"column":null}},"type":"binary-expr","locations":[{"start":{"line":49,"column":21},"end":{"line":49,"column":46}},{"start":{"line":49,"column":46},"end":{"line":49,"column":null}}],"line":49},"5":{"loc":{"start":{"line":50,"column":14},"end":{"line":50,"column":null}},"type":"binary-expr","locations":[{"start":{"line":50,"column":14},"end":{"line":50,"column":32}},{"start":{"line":50,"column":32},"end":{"line":50,"column":null}}],"line":50},"6":{"loc":{"start":{"line":51,"column":22},"end":{"line":51,"column":null}},"type":"binary-expr","locations":[{"start":{"line":51,"column":22},"end":{"line":51,"column":48}},{"start":{"line":51,"column":48},"end":{"line":51,"column":null}}],"line":51},"7":{"loc":{"start":{"line":52,"column":24},"end":{"line":52,"column":null}},"type":"binary-expr","locations":[{"start":{"line":52,"column":24},"end":{"line":52,"column":52}},{"start":{"line":52,"column":52},"end":{"line":52,"column":null}}],"line":52},"8":{"loc":{"start":{"line":53,"column":16},"end":{"line":53,"column":null}},"type":"binary-expr","locations":[{"start":{"line":53,"column":16},"end":{"line":53,"column":36}},{"start":{"line":53,"column":36},"end":{"line":53,"column":null}}],"line":53},"9":{"loc":{"start":{"line":54,"column":22},"end":{"line":54,"column":null}},"type":"binary-expr","locations":[{"start":{"line":54,"column":22},"end":{"line":54,"column":48}},{"start":{"line":54,"column":48},"end":{"line":54,"column":null}}],"line":54},"10":{"loc":{"start":{"line":55,"column":18},"end":{"line":55,"column":null}},"type":"binary-expr","locations":[{"start":{"line":55,"column":18},"end":{"line":55,"column":40}},{"start":{"line":55,"column":40},"end":{"line":55,"column":null}}],"line":55},"11":{"loc":{"start":{"line":56,"column":18},"end":{"line":56,"column":null}},"type":"binary-expr","locations":[{"start":{"line":56,"column":18},"end":{"line":56,"column":40}},{"start":{"line":56,"column":40},"end":{"line":56,"column":null}}],"line":56},"12":{"loc":{"start":{"line":61,"column":17},"end":{"line":61,"column":null}},"type":"cond-expr","locations":[{"start":{"line":61,"column":37},"end":{"line":61,"column":71}},{"start":{"line":61,"column":71},"end":{"line":61,"column":null}}],"line":61},"13":{"loc":{"start":{"line":68,"column":13},"end":{"line":68,"column":null}},"type":"binary-expr","locations":[{"start":{"line":68,"column":13},"end":{"line":68,"column":24}},{"start":{"line":68,"column":24},"end":{"line":68,"column":null}}],"line":68},"14":{"loc":{"start":{"line":72,"column":14},"end":{"line":72,"column":null}},"type":"binary-expr","locations":[{"start":{"line":72,"column":14},"end":{"line":72,"column":24}},{"start":{"line":72,"column":24},"end":{"line":72,"column":null}}],"line":72},"15":{"loc":{"start":{"line":73,"column":20},"end":{"line":73,"column":null}},"type":"binary-expr","locations":[{"start":{"line":73,"column":20},"end":{"line":73,"column":36}},{"start":{"line":73,"column":36},"end":{"line":73,"column":null}}],"line":73},"16":{"loc":{"start":{"line":74,"column":22},"end":{"line":74,"column":null}},"type":"binary-expr","locations":[{"start":{"line":74,"column":22},"end":{"line":74,"column":40}},{"start":{"line":74,"column":40},"end":{"line":74,"column":null}}],"line":74},"17":{"loc":{"start":{"line":75,"column":15},"end":{"line":75,"column":null}},"type":"binary-expr","locations":[{"start":{"line":75,"column":15},"end":{"line":75,"column":26}},{"start":{"line":75,"column":26},"end":{"line":75,"column":null}}],"line":75},"18":{"loc":{"start":{"line":81,"column":17},"end":{"line":81,"column":null}},"type":"binary-expr","locations":[{"start":{"line":81,"column":17},"end":{"line":81,"column":32}},{"start":{"line":81,"column":32},"end":{"line":81,"column":null}}],"line":81},"19":{"loc":{"start":{"line":87,"column":19},"end":{"line":95,"column":null}},"type":"cond-expr","locations":[{"start":{"line":88,"column":8},"end":{"line":94,"column":null}},{"start":{"line":95,"column":8},"end":{"line":95,"column":null}}],"line":87},"20":{"loc":{"start":{"line":91,"column":21},"end":{"line":93,"column":null}},"type":"cond-expr","locations":[{"start":{"line":92,"column":14},"end":{"line":92,"column":null}},{"start":{"line":93,"column":14},"end":{"line":93,"column":null}}],"line":91}},"s":{"0":0,"1":0,"2":0,"3":0,"4":0,"5":0,"6":0,"7":0,"8":0,"9":0,"10":0,"11":0,"12":0,"13":0,"14":0,"15":0,"16":0},"f":{"0":0,"1":0,"2":0,"3":0,"4":0,"5":0,"6":0,"7":0},"b":{"0":[0,0],"1":[0,0],"2":[0,0],"3":[0,0],"4":[0,0],"5":[0,0],"6":[0,0],"7":[0,0],"8":[0,0],"9":[0,0],"10":[0,0],"11":[0,0],"12":[0,0],"13":[0,0],"14":[0,0],"15":[0,0],"16":[0,0],"17":[0,0],"18":[0,0],"19":[0,0],"20":[0,0]},"meta":{"lastBranch":21,"lastFunction":8,"lastStatement":17,"seen":{"f:10:15:10:Infinity":0,"s:13:2:29:Infinity":0,"f:14:17:14:24":1,"s:14:31:28:6":1,"b:16:43:16:68:16:68:16:Infinity":0,"f:18:21:18:28":2,"s:19:20:19:Infinity":2,"s:20:10:24:Infinity":3,"s:21:12:21:Infinity":4,"s:25:10:25:Infinity":5,"f:32:30:32:46":3,"s:33:17:33:Infinity":6,"s:34:16:34:Infinity":7,"b:36:2:36:Infinity:undefined:undefined:undefined:undefined":1,"s:36:2:36:Infinity":8,"s:36:7:36:Infinity":9,"s:38:69:42:Infinity":10,"b:40:21:40:76:40:76:40:Infinity":2,"b:41:21:41:74:41:74:41:Infinity":3,"s:44:31:96:Infinity":11,"b:49:21:49:46:49:46:49:Infinity":4,"b:50:14:50:32:50:32:50:Infinity":5,"b:51:22:51:48:51:48:51:Infinity":6,"b:52:24:52:52:52:52:52:Infinity":7,"b:53:16:53:36:53:36:53:Infinity":8,"b:54:22:54:48:54:48:54:Infinity":9,"b:55:18:55:40:55:40:55:Infinity":10,"b:56:18:56:40:56:40:56:Infinity":11,"b:61:37:61:71:61:71:61:Infinity":12,"f:64:23:64:28":4,"s:64:35:86:6":12,"b:68:13:68:24:68:24:68:Infinity":13,"f:70:23:70:28":5,"s:70:35:77:8":13,"b:72:14:72:24:72:24:72:Infinity":14,"b:73:20:73:36:73:36:73:Infinity":15,"b:74:22:74:40:74:40:74:Infinity":16,"b:75:15:75:26:75:26:75:Infinity":17,"f:78:23:78:28":6,"s:78:37:84:8":14,"b:81:17:81:32:81:32:81:Infinity":18,"f:85:37:85:42":7,"s:85:48:85:61":15,"b:88:8:94:Infinity:95:8:95:Infinity":19,"b:92:14:92:Infinity:93:14:93:Infinity":20,"s:98:2:98:Infinity":16},"fnNames":{}}}
,"D:\\Coding\\bm-order-confirmation\\src\\app\\admin\\orders\\new\\page.tsx": {"path":"D:\\Coding\\bm-order-confirmation\\src\\app\\admin\\orders\\new\\page.tsx","statementMap":{"0":{"start":{"line":1,"column":0},"end":{"line":1,"column":null}},"1":{"start":{"line":20,"column":18},"end":{"line":20,"column":null}},"2":{"start":{"line":28,"column":22},"end":{"line":28,"column":null}},"3":{"start":{"line":29,"column":8},"end":{"line":29,"column":null}},"4":{"start":{"line":30,"column":17},"end":{"line":30,"column":null}},"5":{"start":{"line":31,"column":19},"end":{"line":33,"column":null}},"6":{"start":{"line":34,"column":21},"end":{"line":34,"column":null}},"7":{"start":{"line":37,"column":4},"end":{"line":37,"column":null}},"8":{"start":{"line":37,"column":26},"end":{"line":37,"column":74}},"9":{"start":{"line":41,"column":4},"end":{"line":44,"column":null}},"10":{"start":{"line":42,"column":6},"end":{"line":42,"column":null}},"11":{"start":{"line":43,"column":6},"end":{"line":43,"column":null}},"12":{"start":{"line":45,"column":4},"end":{"line":45,"column":null}},"13":{"start":{"line":45,"column":26},"end":{"line":45,"column":59}},"14":{"start":{"line":45,"column":45},"end":{"line":45,"column":58}},"15":{"start":{"line":49,"column":4},"end":{"line":49,"column":null}},"16":{"start":{"line":49,"column":26},"end":{"line":49,"column":79}},"17":{"start":{"line":49,"column":43},"end":{"line":49,"column":78}},"18":{"start":{"line":54,"column":4},"end":{"line":58,"column":null}},"19":{"start":{"line":55,"column":6},"end":{"line":55,"column":null}},"20":{"start":{"line":57,"column":6},"end":{"line":57,"column":null}},"21":{"start":{"line":60,"column":24},"end":{"line":60,"column":null}},"22":{"start":{"line":60,"column":47},"end":{"line":60,"column":60}},"23":{"start":{"line":61,"column":4},"end":{"line":64,"column":null}},"24":{"start":{"line":62,"column":6},"end":{"line":62,"column":null}},"25":{"start":{"line":63,"column":6},"end":{"line":63,"column":null}},"26":{"start":{"line":66,"column":4},"end":{"line":66,"column":null}},"27":{"start":{"line":67,"column":4},"end":{"line":113,"column":null}},"28":{"start":{"line":68,"column":12},"end":{"line":68,"column":null}},"29":{"start":{"line":70,"column":19},"end":{"line":93,"column":null}},"30":{"start":{"line":92,"column":42},"end":{"line":92,"column":66}},"31":{"start":{"line":95,"column":18},"end":{"line":99,"column":null}},"32":{"start":{"line":101,"column":6},"end":{"line":104,"column":null}},"33":{"start":{"line":102,"column":20},"end":{"line":102,"column":null}},"34":{"start":{"line":102,"column":50},"end":{"line":102,"column":53}},"35":{"start":{"line":103,"column":8},"end":{"line":103,"column":null}},"36":{"start":{"line":106,"column":63},"end":{"line":106,"column":null}},"37":{"start":{"line":107,"column":6},"end":{"line":107,"column":null}},"38":{"start":{"line":108,"column":6},"end":{"line":108,"column":null}},"39":{"start":{"line":110,"column":6},"end":{"line":110,"column":null}},"40":{"start":{"line":112,"column":6},"end":{"line":112,"column":null}},"41":{"start":{"line":116,"column":2},"end":{"line":193,"column":null}},"42":{"start":{"line":149,"column":12},"end":{"line":163,"column":null}},"43":{"start":{"line":153,"column":33},"end":{"line":153,"column":null}},"44":{"start":{"line":160,"column":31},"end":{"line":160,"column":null}}},"fnMap":{"0":{"name":"NewOrderPage","decl":{"start":{"line":27,"column":24},"end":{"line":27,"column":39}},"loc":{"start":{"line":27,"column":39},"end":{"line":195,"column":null}},"line":27},"1":{"name":"addGarment","decl":{"start":{"line":36,"column":11},"end":{"line":36,"column":24}},"loc":{"start":{"line":36,"column":24},"end":{"line":38,"column":null}},"line":36},"2":{"name":"(anonymous_2)","decl":{"start":{"line":37,"column":4},"end":{"line":37,"column":17}},"loc":{"start":{"line":37,"column":26},"end":{"line":37,"column":74}},"line":37},"3":{"name":"removeGarment","decl":{"start":{"line":40,"column":11},"end":{"line":40,"column":25}},"loc":{"start":{"line":40,"column":38},"end":{"line":46,"column":null}},"line":40},"4":{"name":"(anonymous_4)","decl":{"start":{"line":45,"column":4},"end":{"line":45,"column":17}},"loc":{"start":{"line":45,"column":26},"end":{"line":45,"column":59}},"line":45},"5":{"name":"(anonymous_5)","decl":{"start":{"line":45,"column":31},"end":{"line":45,"column":39}},"loc":{"start":{"line":45,"column":45},"end":{"line":45,"column":58}},"line":45},"6":{"name":"setGarmentName","decl":{"start":{"line":48,"column":11},"end":{"line":48,"column":26}},"loc":{"start":{"line":48,"column":53},"end":{"line":50,"column":null}},"line":48},"7":{"name":"(anonymous_7)","decl":{"start":{"line":49,"column":4},"end":{"line":49,"column":17}},"loc":{"start":{"line":49,"column":26},"end":{"line":49,"column":79}},"line":49},"8":{"name":"(anonymous_8)","decl":{"start":{"line":49,"column":31},"end":{"line":49,"column":36}},"loc":{"start":{"line":49,"column":43},"end":{"line":49,"column":78}},"line":49},"9":{"name":"handleSubmit","decl":{"start":{"line":52,"column":17},"end":{"line":52,"column":32}},"loc":{"start":{"line":52,"column":32},"end":{"line":114,"column":null}},"line":52},"10":{"name":"(anonymous_10)","decl":{"start":{"line":60,"column":33},"end":{"line":60,"column":41}},"loc":{"start":{"line":60,"column":47},"end":{"line":60,"column":60}},"line":60},"11":{"name":"(anonymous_11)","decl":{"start":{"line":92,"column":30},"end":{"line":92,"column":35}},"loc":{"start":{"line":92,"column":42},"end":{"line":92,"column":66}},"line":92},"12":{"name":"(anonymous_12)","decl":{"start":{"line":102,"column":37},"end":{"line":102,"column":50}},"loc":{"start":{"line":102,"column":50},"end":{"line":102,"column":53}},"line":102},"13":{"name":"(anonymous_13)","decl":{"start":{"line":148,"column":20},"end":{"line":148,"column":25}},"loc":{"start":{"line":149,"column":12},"end":{"line":163,"column":null}},"line":149},"14":{"name":"(anonymous_14)","decl":{"start":{"line":153,"column":16},"end":{"line":153,"column":27}},"loc":{"start":{"line":153,"column":33},"end":{"line":153,"column":null}},"line":153},"15":{"name":"(anonymous_15)","decl":{"start":{"line":160,"column":16},"end":{"line":160,"column":31}},"loc":{"start":{"line":160,"column":31},"end":{"line":160,"column":null}},"line":160}},"branchMap":{"0":{"loc":{"start":{"line":41,"column":4},"end":{"line":44,"column":null}},"type":"if","locations":[{"start":{"line":41,"column":4},"end":{"line":44,"column":null}},{"start":{},"end":{}}],"line":41},"1":{"loc":{"start":{"line":49,"column":43},"end":{"line":49,"column":78}},"type":"cond-expr","locations":[{"start":{"line":49,"column":59},"end":{"line":49,"column":76}},{"start":{"line":49,"column":76},"end":{"line":49,"column":78}}],"line":49},"2":{"loc":{"start":{"line":61,"column":4},"end":{"line":64,"column":null}},"type":"if","locations":[{"start":{"line":61,"column":4
[...]
},"1":{"start":{"line":10,"column":4},"end":{"line":10,"column":null}},"2":{"start":{"line":14,"column":23},"end":{"line":14,"column":null}},"3":{"start":{"line":17,"column":27},"end":{"line":17,"column":null}},"4":{"start":{"line":18,"column":2},"end":{"line":20,"column":null}},"5":{"start":{"line":19,"column":4},"end":{"line":19,"column":null}},"6":{"start":{"line":19,"column":64},"end":{"line":19,"column":68}},"7":{"start":{"line":21,"column":2},"end":{"line":21,"column":null}},"8":{"start":{"line":27,"column":17},"end":{"line":29,"column":null}},"9":{"start":{"line":28,"column":30},"end":{"line":28,"column":null}},"10":{"start":{"line":30,"column":2},"end":{"line":30,"column":null}},"11":{"start":{"line":30,"column":39},"end":{"line":30,"column":49}},"12":{"start":{"line":40,"column":19},"end":{"line":40,"column":null}},"13":{"start":{"line":41,"column":8},"end":{"line":41,"column":null}},"14":{"start":{"line":43,"column":2},"end":{"line":43,"column":null}},"15":{"start":{"line":45,"column":18},"end":{"line":48,"column":null}},"16":{"start":{"line":50,"column":2},"end":{"line":50,"column":null}},"17":{"start":{"line":57,"column":19},"end":{"line":57,"column":null}},"18":{"start":{"line":58,"column":2},"end":{"line":58,"column":null}},"19":{"start":{"line":58,"column":17},"end":{"line":58,"column":null}},"20":{"start":{"line":60,"column":18},"end":{"line":68,"column":null}},"21":{"start":{"line":70,"column":2},"end":{"line":70,"column":null}},"22":{"start":{"line":74,"column":16},"end":{"line":74,"column":null}},"23":{"start":{"line":75,"column":2},"end":{"line":75,"column":null}},"24":{"start":{"line":75,"column":14},"end":{"line":75,"column":null}},"25":{"start":{"line":77,"column":22},"end":{"line":80,"column":null}},"26":{"start":{"line":82,"column":2},"end":{"line":82,"column":null}},"27":{"start":{"line":84,"column":2},"end":{"line":88,"column":null}},"28":{"start":{"line":85,"column":4},"end":{"line":87,"column":null}},"29":{"start":{"line":86,"column":6},"end":{"line":86,"column":null}},"30":{"start":{"line":90,"column":2},"end":{"line":90,"column":null}},"31":{"start":{"line":95,"column":2},"end":{"line":95,"column":null}},"32":{"start":{"line":95,"column":58},"end":{"line":95,"column":62}}},"fnMap":{"0":{"name":"constructor","decl":{"start":{"line":8,"column":2},"end":{"line":8,"column":16}},"loc":{"start":{"line":8,"column":16},"end":{"line":11,"column":null}},"line":8},"1":{"name":"withUrl","decl":{"start":{"line":16,"column":15},"end":{"line":16,"column":23}},"loc":{"start":{"line":16,"column":84},"end":{"line":22,"column":null}},"line":16},"2":{"name":"(anonymous_2)","decl":{"start":{"line":19,"column":52},"end":{"line":19,"column":64}},"loc":{"start":{"line":19,"column":64},"end":{"line":19,"column":68}},"line":19},"3":{"name":"listSizeCharts","decl":{"start":{"line":26,"column":22},"end":{"line":26,"column":39}},"loc":{"start":{"line":26,"column":39},"end":{"line":31,"column":null}},"line":26},"4":{"name":"(anonymous_4)","decl":{"start":{"line":28,"column":4},"end":{"line":28,"column":14}},"loc":{"start":{"line":28,"column":30},"end":{"line":28,"column":null}},"line":28},"5":{"name":"(anonymous_5)","decl":{"start":{"line":30,"column":28},"end":{"line":30,"column":33}},"loc":{"start":{"line":30,"column":39},"end":{"line":30,"column":49}},"line":30},"6":{"name":"createSizeChart","decl":{"start":{"line":33,"column":22},"end":{"line":33,"column":38}},"loc":{"start":{"line":39,"column":3},"end":{"line":51,"column":null}},"line":39},"7":{"name":"updateSizeChart","decl":{"start":{"line":53,"column":22},"end":{"line":53,"column":null}},"loc":{"start":{"line":56,"column":2},"end":{"line":71,"column":null}},"line":56},"8":{"name":"deleteSizeChart","decl":{"start":{"line":73,"column":22},"end":{"line":73,"column":38}},"loc":{"start":{"line":73,"column":91},"end":{"line":91,"column":null}},"line":73},"9":{"name":"(anonymous_9)","decl":{"start":{"line":85,"column":33},"end":{"line":85,"column":40}},"loc":{"start":{"line":86,"column":6},"end":{"line":86,"column":null}},"line":86},"10":{"name":"getSizeChartSignedUrl","decl":{"start":{"line":94,"column":22},"end":{"line":94,"column":44}},"loc":{"start":{"line":94,"column":83},"end":{"line":96,"column":null}},"line":94},"11":{"name":"(anonymous_11)","decl":{"start":{"line":95,"column":46},"end":{"line":95,"column":58}},"loc":{"start":{"line":95,"column":58},"end":{"line":95,"column":62}},"line":95}},"branchMap":{"0":{"loc":{"start":{"line":16,"column":62},"end":{"line":16,"column":84}},"type":"default-arg","locations":[{"start":{"line":16,"column":68},"end":{"line":16,"column":84}}],"line":16},"1":{"loc":{"start":{"line":18,"column":2},"end":{"line":20,"column":null}},"type":"if","locations":[{"start":{"line":18,"column":2},"end":{"line":20,"column":null}},{"start":{},"end":{}}],"line":18},"2":{"loc":{"start":{"line":47,"column":46},"end":{"line":47,"column":74}},"type":"binary-expr","locations":[{"start":{"line":47,"column":46},"end":{"line":47,"column":68}},{"start":{"line":47,"column":68},"end":{"line":47,"column":74}}],"line":47},"3":{"loc":{"start":{"line":58,"column":2},"end":{"line":58,"column":null}},"type":"if","locations":[{"start":{"line":58,"column":2},"end":{"line":58,"column":null}},{"start":{},"end":{}}],"line":58},"4":{"loc":{"start":{"line":63,"column":10},"end":{"line":63,"column":null}},"type":"binary-expr","locations":[{"start":{"line":63,"column":10},"end":{"line":63,"column":38}},{"start":{"line":63,"column":38},"end":{"line":63,"column":null}}],"line":63},"5":{"loc":{"start":{"line":64,"column":10},"end":{"line":64,"column":null}},"type":"binary-expr","locations":[{"start":{"line":64,"column":10},"end":{"line":64,"column":45}},{"start":{"line":64,"column":45},"end":{"line":64,"column":null}}],"line":64},"6":{"loc":{"start":{"line":75,"column":2},"end":{"line":75,"column":null}},"type":"if","locations":[{"start":{"line":75,"column":2},"end":{"line":75,"column":null}},{"start":{},"end":{}}],"line":75},"7":{"loc":{"start":{"line":84,"column":2},"end":{"line":88,"column":null}},"type":"if","locations":[{"start":{"line":84,"column":2},"end":{"line":88,"column":null}},{"start":{},"end":{}}],"line":84},"8":{"loc":{"start":{"line":94,"column":64},"end":{"line":94,"column":83}},"type":"default-arg","locations":[{"start":{"line":94,"column":77},"end":{"line":94,"column":83}}],"line":94}},"s":{"0":4,"1":4,"2":3,"3":11,"4":11,"5":7,"6":1,"7":11,"8":6,"9":6,"10":6,"11":7,"12":2,"13":2,"14":2,"15":2,"16":2,"17":4,"18":4,"19":2,"20":2,"21":2,"22":8,"23":8,"24":2,"25":6,"26":6,"27":6,"28":4,"29":0,"30":6,"31":2,"32":1},"f":{"0":4,"1":11,"2":1,"3":6,"4":6,"5":7,"6":2,"7":4,"8":8,"9":0,"10":2,"11":1},"b":{"0":[11],"1":[7,4],"2":[2,0],"3":[2,2],"4":[2,2],"5":[4,1],"6":[2,6],"7":[4,2],"8":[2]},"meta":{"lastBranch":9,"lastFunction":12,"lastStatement":33,"seen":{"f:8:2:8:16":0,"s:9:4:9:Infinity":0,"s:10:4:10:Infinity":1,"s:14:23:14:Infinity":2,"f:16:15:16:23":1,"b:16:68:16:84":0,"s:17:27:17:Infinity":3,"b:18:2:20:Infinity:undefined:undefined:undefined:undefined":1,"s:18:2:20:Infinity":4,"s:19:4:19:Infinity":5,"f:19:52:19:64":2,"s:19:64:19:68":6,"s:21:2:21:Infinity":7,"f:26:22:26:39":3,"s:27:17:29:Infinity":8,"f:28:4:28:14":4,"s:28:30:28:Infinity":9,"s:30:2:30:Infinity":10,"f:30:28:30:33":5,"s:30:39:30:49":11,"f:33:22:33:38":6,"s:40:19:40:Infinity":12,"s:41:8:41:Infinity":13,"s:43:2:43:Infinity":14,"s:45:18:48:Infinity":15,"b:47:46:47:68:47:68:47:74":2,"s:50:2:50:Infinity":16,"f:53:22:53:Infinity":7,"s:57:19:57:Infinity":17,"b:58:2:58:Infinity:undefined:undefined:undefined:undefined":3,"s:58:2:58:Infinity":18,"s:58:17:58:Infinity":19,"s:60:18:68:Infinity":20,"b:63:10:63:38:63:38:63:Infinity":4,"b:64:10:64:45:64:45:64:Infinity":5,"s:70:2:70:Infinity":21,"f:73:22:73:38":8,"s:74:16:74:Infinity":22,"b:75:2:75:Infinity:undefined:undefined:undefined:undefined":6,"s:75:2:75:Infinity":23,"s:75:14:75:Infinity":24,"s:77:22:80:Infinity":25,"s:82:2:82:Infinity":26,"b:84:2:88:Infinity:undefined:undefined:undefined:undefined":7,"s:84:2:88:Infinity":27,"s:85:4:87:Infinity":28,"f:85:33:85:40":9,"s:86:6:86:Infinity":29,"s:90:2:90:Infinity":30,"f:94:22:94:44":10,"b:94:77:94:83":8,"s:95:2:95:Infinity":31,"f:95:46:95:58":11,"s:95:58:95:62":32},"fnNames":{}}}
,"D:\\Coding\\bm-order-confirmation\\src\\server\\users\\service.ts": {"path":"D:\\Coding\\bm-order-confirmation\\src\\server\\users\\service.ts","statementMap":{"0":{"start":{"line":14,"column":4},"end":{"line":14,"column":null}},"1":{"start":{"line":15,"column":4},"end":{"line":15,"column":null}},"2":{"start":{"line":21,"column":4},"end":{"line":21,"column":null}},"3":{"start":{"line":22,"column":4},"end":{"line":22,"column":null}},"4":{"start":{"line":28,"column":4},"end":{"line":28,"column":null}},"5":{"start":{"line":29,"column":4},"end":{"line":29,"column":null}},"6":{"start":{"line":35,"column":4},"end":{"line":35,"column":null}},"7":{"start":{"line":36,"column":4},"end":{"line":36,"column":null}},"8":{"start":{"line":60,"column":16},"end":{"line":62,"column":null}},"9":{"start":{"line":61,"column":30},"end":{"line":61,"column":null}},"10":{"start":{"line":64,"column":2},"end":{"line":73,"column":null}},"11":{"start":{"line":64,"column":27},"end":{"line":73,"column":4}},"12":{"start":{"line":80,"column":22},"end":{"line":80,"column":null}},"13":{"start":{"line":81,"column":25},"end":{"line":81,"column":null}},"14":{"start":{"line":88,"column":19},"end":{"line":90,"column":null}},"15":{"start":{"line":91,"column":2},"end":{"line":91,"column":null}},"16":{"start":{"line":91,"column":16},"end":{"line":91,"column":null}},"17":{"start":{"line":93,"column":8},"end":{"line":93,"column":null}},"18":{"start":{"line":94,"column":8},"end":{"line":94,"column":null}},"19":{"start":{"line":95,"column":20},"end":{"line":95,"column":null}},"20":{"start":{"line":97,"column":2},"end":{"line":105,"column":null}},"21":{"start":{"line":107,"column":15},"end":{"line":107,"column":null}},"22":{"start":{"line":108,"column":19},"end":{"line":108,"column":null}},"23":{"start":{"line":110,"column":2},"end":{"line":110,"column":null}},"24":{"start":{"line":118,"column":8},"end":{"line":118,"column":null}},"25":{"start":{"line":120,"column":15},"end":{"line":122,"column":null}},"26":{"start":{"line":124,"column":2},"end":{"line":126,"column":null}},"27":{"start":{"line":125,"column":4},"end":{"line":125,"column":null}},"28":{"start":{"line":128,"column":23},"end":{"line":128,"column":null}},"29":{"start":{"line":130,"column":2},"end":{"line":139,"column":null}},"30":{"start":{"line":150,"column":15},"end":{"line":150,"column":null}},"31":{"start":{"line":151,"column":2},"end":{"line":151,"column":null}},"32":{"start":{"line":151,"column":13},"end":{"line":151,"column":null}},"33":{"start":{"line":154,"column":2},"end":{"line":168,"column":null}},"34":{"start":{"line":155,"column":4},"end":{"line":167,"column":null}},"35":{"start":{"line":156,"column":26},"end":{"line":159,"column":null}},"36":{"start":{"line":161,"column":27},"end":{"line":161,"column":null}},"37":{"start":{"line":162,"column":27},"end":{"line":162,"column":null}},"38":{"start":{"line":164,"column":6},"end":{"line":166,"column":null}},"39":{"start":{"line":165,"column":8},"end":{"line":165,"column":null}},"40":{"start":{"line":170,"column":20},"end":{"line":178,"column":null}},"41":{"start":{"line":180,"column":2},"end":{"line":189,"column":null}},"42":{"start":{"line":197,"column":15},"end":{"line":197,"column":null}},"43":{"start":{"line":198,"column":2},"end":{"line":198,"column":null}},"44":{"start":{"line":198,"column":13},"end":{"line":198,"column":null}},"45":{"start":{"line":201,"column":2},"end":{"line":203,"column":null}},"46":{"start":{"line":202,"column":4},"end":{"line":202,"column":null}},"47":{"start":{"line":205,"column":2},"end":{"line":205,"column":null}}},"fnMap":{"0":{"name":"constructor","decl":{"start":{"line":13,"column":2},"end":{"line":13,"column":16}},"loc":{"start":{"line":13,"column":16},"end":{"line":16,"column":null}},"line":13},"1":{"name":"constructor_2","decl":{"start":{"line":20,"column":2},"end":{"line":20,"column":16}},"loc":{"start":{"line":20,"column":16},"end":{"line":23,"column":null}},"line":20},"2":{"name":"constructor_3","decl":{"start":{"line":27,"column":2},"end":{"line":27,"column":16}},"loc":{"start":{"line":27,"column":16},"end":{"line":30,"column":null}},"line":27},"3":{"name":"constructor_4","decl":{"start":{"line":34,"column":2},"end":{"line":34,"column":16}},"loc":{"start":{"line":34,"column":16},"end":{"line":37,"column":null}},"line":34},"4":{"name":"listStaffUsers","decl":{"start":{"line":59,"column":22},"end":{"line":59,"column":64}},"loc":{"start":{"line":59,"column":64},"end":{"line":74,"column":null}},"line":59},"5":{"name":"(anonymous_5)","decl":{"start":{"line":61,"column":4},"end":{"line":61,"column":14}},"loc":{"start":{"line":61,"column":30},"end":{"line":61,"column":null}},"line":61},"6":{"name":"(anonymous_6)","decl":{"start":{"line":64,"column":15},"end":{"line":64,"column":20}},"loc":{"start":{"line":64,"column":27},"end":{"line":73,"column":4}},"line":64},"7":{"name":"inviteUser","decl":{"start":{"line":83,"column":22},"end":{"line":83,"column":null}},"loc":{"start":{"line":87,"column":51},"end":{"line":111,"column":null}},"line":87},"8":{"name":"acceptInvite","decl":{"start":{"line":117,"column":22},"end":{"line":117,"column":35}},"loc":{"start":{"line":117,"column":86},"end":{"line":140,"column":null}},"line":117},"9":{"name":"updateUser","decl":{"start":{"line":146,"column":22},"end":{"line":146,"column":null}},"loc":{"start":{"line":149,"column":25},"end":{"line":190,"column":null}},"line":149},"10":{"name":"deleteUser","decl":{"start":{"line":196,"column":22},"end":{"line":196,"column":33}},"loc":{"start":{"line":196,"column":60},"end":{"line":206,"column":null}},"line":196}},"branchMap":{"0":{"loc":{"start":{"line":91,"column":2},"end":{"line":91,"column":null}},"type":"if","locations":[{"start":{"line":91,"column":2},"end":{"line":91,"column":null}},{"start":{},"end":{}}],"line":91},"1":{"loc":{"start":{"line":124,"column":2},"end":{"line":126,"column":null}},"type":"if","locations":[{"start":{"line":124,"column":2},"end":{"line":126,"column":null}},{"start":{},"end":{}}],"line":124},"2":{"loc":{"start":{"line":124,"column":6},"end":{"line":124,"column":85}},"type":"binary-expr","locations":[{"start":{"line":124,"column":6},"end":{"line":124,"column":15}},{"start":{"line":124,"column":15},"end":{"line":124,"column":45}},{"start":{"line":124,"column":45},"end":{"line":124,"column":85}}],"line":124},"3":{"loc":{"start":{"line":151,"column":2},"end":{"line":151,"column":null}},"type":"if","locations":[{"start":{"line":151,"column":2},"end":{"line":151,"column":null}},{"start":{},"end":{}}],"line":151},"4":{"loc":{"start":{"line":154,"column":2},"end":{"line":168,"column":null}},"type":"if","locations":[{"start":{"line":154,"column":2},"end":{"line":168,"column":null}},{"start":{},"end":{}}],"line":154},"5":{"loc":{"start":{"line":154,"column":6},"end":{"line":154,"column":58}},"type":"binary-expr","locations":[{"start":{"line":154,"column":6},"end":{"line":154,"column":32}},{"start":{"line":154,"column":32},"end":{"line":154,"column":58}}],"line":154},"6":{"loc":{"start":{"line":155,"column":4},"end":{"line":167,"column":null}},"type":"if","locations":[{"start":{"line":155,"column":4},"end":{"line":167,"column":null}},{"start":{},"end":{}}],"line":155},"7":{"loc":{"start":{"line":164,"column":6},"end":{"line":166,"column":null}},"type":"if","locations":[{"start":{"line":164,"column":6},"end":{"line":166,"column":null}},{"start":{},"end":{}}],"line":164},"8":{"loc":{"start":{"line":164,"column":6},"end":{"line":164,"column":64}},"type":"binary-expr","locations":[{"start":{"line":164,"column":11},"end":{"line":164,"column":27}},{"start":{"line":164,"column":27},"end":{"line":164,"column":44}},{"start":{"line":164,"column":44},"end":{"line":164,"column":64}}],"line":164},"9":{"loc":{"start":{"line":173,"column":10},"end":{"line":173,"column":null}},"type":"binary-expr","locations":[{"start":{"line":173,"column":10},"end":{"line":173,"column":38}},{"start":{"line":173,"column":38},"end":{"line":173,"column":null}}],"line":173},"10":{"loc":{"start":{"line":174,"column":10},"end":{"line":174,"column":null}},"type":"binary-expr","locations":[{"start":{"line":174,"column":10},"end":{"line":174,"column":42}},{"start":{"line":174,"column":42},"end":{"line":174,"column":null}}],"line":174},"11":{"loc":{"start":{"line":198,"column":2},"end":{"line":198,"column":null}},"type":"if","locations":[{"start":{"line":198,"column":2},"end":{"line":198,"column":null}},{"start":{},"end":{}}],"line":198},"12":{"loc":{"start":{"line":201,"column":2},"end":{"line":203,"column":null}},"type":"if","locations":[{"start":{"line":201,"column":2},"end":{"line":203,"column":null}},{"start":{},"end":{}}],"line":201},"13":{"loc":{"start":{"line":201,"column":6},"end":{"line":201,"column":46}},"type":"binary-expr","locations":[{"start":{"line":201,"column":6},"end":{"line":201,"column":23}},{"start":{"line":201,"column":23},"end":{"line":201,"column":46}}],"line":201}},"s":{"0":4,"1":4,"2":2,"3":2,"4":3,"5":3,"6":5,"7":5,"8":2,"9":2,"10":2,"11":4,"12":4,"13":4,"14":8,"15":8,"16":2,"17":6,"18":6,"19":6,"20":6,"21":6,"22":6,"23":6,"24":8,"25":8,"26":8,"27":5,"28":3,"29":3,"30":9,"31":9,"32":2,"33":7,"34":6,"35":5,"36":5,"37":5,"38":5,"39":3,"40":4,"41":4,"42":6,"43":6,"44":2,"45":4,"46":2,"47":2},"f":{"0":4,"1":2,"2":3,"3":5,"4":2,"5":2,"6":4,"7":8,"8":8,"9":9,"10":6},"b":{"0":[2,6],"1":[5,3],"2":[8,5,5],"3":[2,7],"4":[6,1],"5":[7,4],"6":[5,1],"7":[3,2],"8":[5,2,5],"9":[4,1],"10":[9,3],"11":[2,4],"12":[2,2],"13":[4,2]},"meta":{"lastBranch":14,"lastFunction":11,"lastStatement":48,"seen":{"f:13:2:13:16":0,"s:14:4:14:Infinity":0,"s:15:4:15:Infinity":1,"f:20:2:20:16":1,"s:21:4:21:Infinity":2,"s:22:4:22:Infinity":3,"f:27:2:27:16":2,"s:28:4:28:Infinity":4,"s:29:4:29:Infinity":5,"f:34:2:34:16":3,"s:35:4:35:Infinity":6,"s:36:4:36:Infinity":7,"f:59:22:59:64":4,"s:60:16:62:Infinity":8,"f:61:4:61:14":5,"s:61:30:61:Infinity":9,"s:64:2:73:Infinity":10,"f:64:15:64:20":6,"s:64:27:73:4":11,"s:80:22:80:Infinity":12,"s:81:25:81:Infinity":13,"f:83:22:83:Infinity":7,"s:88:19:90:Infinity":14,"b:91:2:91:Infinity:undefined:undefined:undefined:undefined":0,"s:91:2:91:Infinity":15,"s:91:16:91:Infinity":16,"s:93:8:93:Infinity":17,"s:94:8:94:Infinity":18,"s:95:20:95:Infinity":19,"s:97:2:105:Infinity":20,"s:107:15:107:Infinity":21,"s:108:19:108:Infinity":22,"s:110:2:110:Infinity":23,"f:117:22:117:35":8,"s:118:8:118:Infinity":24,"s:120:15:122:Infinity":25,"b:124:2:126:Infinity:undefined:undefined:undefined:undefined":1,"s:124:2:126:Infinity":26,"b:124:6:124:15:124:15:124:45:124:45:124:85":2,"s:125:4:125:Infinity":27,"s:128:23:128:Infinity":28,"s:130:2:139:Infinity":29,"f:146:22:146:Infinity":9,"s:150:15:150:Infinity":30,"b:151:2:151:Infinity:undefined:undefined:undefined:undefined":3,"s:151:2:151:Infinity":31,"s:151:13:151:Infinity":32,"b:154:2:168:Infinity:undefined:undefined:undefined:undefined":4,"s:154:2:168:Infinity":33,"b:154:6:154:32:154:32:154:58":5,"b:155:4:167:Infinity:undefined:undefined:undefined:undefined":6,"s:155:4:167:Infinity":34,"s:156:26:159:Infinity":35,"s:161:27:161:Infinity":36,"s:162:27:162:Infinity":37,"b:164:6:166:Infinity:undefined:undefined:undefined:undefined":7,"s:164:6:166:Infinity":38,"b:164:11:164:27:164:27:164:44:164:44:164:64":8,"s:165:8:165:Infinity":39,"s:170:20:178:Infinity":40,"b:173:10:173:38:173:38:173:Infinity":9,"b:174:10:174:42:174:42:174:Infinity":10,"s:180:2:189:Infinity":41,"f:196:22:196:33":10,"s:197:15:197:Infinity":42,"b:198:2:198:Infinity:undefined:undefined:undefined:undefined":11,"s:198:2:198:Infinity":43,"s:198:13:198:Infinity":44,"b:201:2:203:Infinity:undefined:undefined:undefined:undefined":12,"s:201:2:203:Infinity":45,"b:201:6:201:23:201:23:201:46":13,"s:202:4:202:Infinity":46,"s:205:2:205:Infinity":47},"fnNames":{}}}
}
